[3.423s] Invoking command in '/home/ela2/ros2_ws_arms/src/esp32_controller': NX_CONNECTION=192.168.0.101 44502 192.168.0.106 4000 PYTHONPATH=/home/ela2/ros2_ws_arms/build/esp32_controller/prefix_override:/home/ela2/.local/lib/python3.10/site-packages/colcon_core/task/python/colcon_distutils_commands:/home/ela2/ros2_ws_arms/install/esp32_controller/lib/python3.10/site-packages:${PYTHONPATH} /usr/bin/python3 -W ignore:setup.py install is deprecated -W ignore:easy_install command is deprecated setup.py egg_info --egg-base ../../build/esp32_controller build --build-base /home/ela2/ros2_ws_arms/build/esp32_controller/build install --record /home/ela2/ros2_ws_arms/build/esp32_controller/install.log --single-version-externally-managed install_data
[3.869s] /home/ela2/.local/lib/python3.10/site-packages/setuptools/_distutils/dist.py:289: UserWarning: Unknown distribution option: 'tests_require'
[3.870s]   warnings.warn(msg)
[4.084s] running egg_info
[4.126s] writing ../../build/esp32_controller/esp32_controller.egg-info/PKG-INFO
[4.132s] writing dependency_links to ../../build/esp32_controller/esp32_controller.egg-info/dependency_links.txt
[4.132s] writing entry points to ../../build/esp32_controller/esp32_controller.egg-info/entry_points.txt
[4.132s] writing requirements to ../../build/esp32_controller/esp32_controller.egg-info/requires.txt
[4.133s] writing top-level names to ../../build/esp32_controller/esp32_controller.egg-info/top_level.txt
[4.227s] reading manifest file '../../build/esp32_controller/esp32_controller.egg-info/SOURCES.txt'
[4.231s] writing manifest file '../../build/esp32_controller/esp32_controller.egg-info/SOURCES.txt'
[4.231s] running build
[4.232s] running build_py
[4.234s] copying esp32_controller/esp32_control_node.py -> /home/ela2/ros2_ws_arms/build/esp32_controller/build/lib/esp32_controller
[4.236s] running install
[4.248s] running install_lib
[4.296s] running install_data
[4.298s] running install_egg_info
[4.348s] removing '/home/ela2/ros2_ws_arms/install/esp32_controller/lib/python3.10/site-packages/esp32_controller-0.0.0-py3.10.egg-info' (and everything under it)
[4.349s] Copying ../../build/esp32_controller/esp32_controller.egg-info to /home/ela2/ros2_ws_arms/install/esp32_controller/lib/python3.10/site-packages/esp32_controller-0.0.0-py3.10.egg-info
[4.353s] running install_scripts
[4.702s] Installing esp32_control_node script to /home/ela2/ros2_ws_arms/install/esp32_controller/lib/esp32_controller
[4.707s] writing list of installed files to '/home/ela2/ros2_ws_arms/build/esp32_controller/install.log'
[4.828s] Invoked command in '/home/ela2/ros2_ws_arms/src/esp32_controller' returned '0': NX_CONNECTION=192.168.0.101 44502 192.168.0.106 4000 PYTHONPATH=/home/ela2/ros2_ws_arms/build/esp32_controller/prefix_override:/home/ela2/.local/lib/python3.10/site-packages/colcon_core/task/python/colcon_distutils_commands:/home/ela2/ros2_ws_arms/install/esp32_controller/lib/python3.10/site-packages:${PYTHONPATH} /usr/bin/python3 -W ignore:setup.py install is deprecated -W ignore:easy_install command is deprecated setup.py egg_info --egg-base ../../build/esp32_controller build --build-base /home/ela2/ros2_ws_arms/build/esp32_controller/build install --record /home/ela2/ros2_ws_arms/build/esp32_controller/install.log --single-version-externally-managed install_data
