-- Install configuration: ""
-- Up-to-date: /home/ela2/ros2_ws_arms/install/ela2_arms_controller/share/ela2_arms_controller/config
-- Up-to-date: /home/ela2/ros2_ws_arms/install/ela2_arms_controller/share/ela2_arms_controller/config/ela2_arms_controller.yaml
-- Up-to-date: /home/ela2/ros2_ws_arms/install/ela2_arms_controller/share/ela2_arms_controller/launch
-- Up-to-date: /home/ela2/ros2_ws_arms/install/ela2_arms_controller/share/ela2_arms_controller/launch/controller_launch.py
-- Up-to-date: /home/ela2/ros2_ws_arms/install/ela2_arms_controller/share/ela2_arms_controller/include
-- Up-to-date: /home/ela2/ros2_ws_arms/install/ela2_arms_controller/share/ament_index/resource_index/package_run_dependencies/ela2_arms_controller
-- Up-to-date: /home/ela2/ros2_ws_arms/install/ela2_arms_controller/share/ament_index/resource_index/parent_prefix_path/ela2_arms_controller
-- Up-to-date: /home/ela2/ros2_ws_arms/install/ela2_arms_controller/share/ela2_arms_controller/environment/ament_prefix_path.sh
-- Up-to-date: /home/ela2/ros2_ws_arms/install/ela2_arms_controller/share/ela2_arms_controller/environment/ament_prefix_path.dsv
-- Up-to-date: /home/ela2/ros2_ws_arms/install/ela2_arms_controller/share/ela2_arms_controller/environment/path.sh
-- Up-to-date: /home/ela2/ros2_ws_arms/install/ela2_arms_controller/share/ela2_arms_controller/environment/path.dsv
-- Up-to-date: /home/ela2/ros2_ws_arms/install/ela2_arms_controller/share/ela2_arms_controller/local_setup.bash
-- Up-to-date: /home/ela2/ros2_ws_arms/install/ela2_arms_controller/share/ela2_arms_controller/local_setup.sh
-- Up-to-date: /home/ela2/ros2_ws_arms/install/ela2_arms_controller/share/ela2_arms_controller/local_setup.zsh
-- Up-to-date: /home/ela2/ros2_ws_arms/install/ela2_arms_controller/share/ela2_arms_controller/local_setup.dsv
-- Up-to-date: /home/ela2/ros2_ws_arms/install/ela2_arms_controller/share/ela2_arms_controller/package.dsv
-- Up-to-date: /home/ela2/ros2_ws_arms/install/ela2_arms_controller/share/ament_index/resource_index/packages/ela2_arms_controller
-- Up-to-date: /home/ela2/ros2_ws_arms/install/ela2_arms_controller/share/ela2_arms_controller/cmake/ela2_arms_controllerConfig.cmake
-- Up-to-date: /home/ela2/ros2_ws_arms/install/ela2_arms_controller/share/ela2_arms_controller/cmake/ela2_arms_controllerConfig-version.cmake
-- Up-to-date: /home/ela2/ros2_ws_arms/install/ela2_arms_controller/share/ela2_arms_controller/package.xml
