[0.078s] Invoking command in '/home/ela2/ros2_ws_arms/build/ela2_arms_controller': CMAKE_PREFIX_PATH=${CMAKE_PREFIX_PATH}:/home/ela2/ros2_ws_arms/install/esp32_controller:/home/ela2/ros2_ws_arms/install/ela2_py_arms:/home/ela2/ELA2.0_NAV/install/ella2_twist_converter:/home/ela2/ELA2.0_NAV/install/ella2_teleop:/home/ela2/ELA2.0_NAV/install/ella2_pose:/home/ela2/ELA2.0_NAV/install/ella2_gui:/opt/ros/humble /usr/bin/cmake --build /home/ela2/ros2_ws_arms/build/ela2_arms_controller -- -j6 -l6
[1.263s] Invoked command in '/home/ela2/ros2_ws_arms/build/ela2_arms_controller' returned '0': CMAKE_PREFIX_PATH=${CMAKE_PREFIX_PATH}:/home/ela2/ros2_ws_arms/install/esp32_controller:/home/ela2/ros2_ws_arms/install/ela2_py_arms:/home/ela2/ELA2.0_NAV/install/ella2_twist_converter:/home/ela2/ELA2.0_NAV/install/ella2_teleop:/home/ela2/ELA2.0_NAV/install/ella2_pose:/home/ela2/ELA2.0_NAV/install/ella2_gui:/opt/ros/humble /usr/bin/cmake --build /home/ela2/ros2_ws_arms/build/ela2_arms_controller -- -j6 -l6
[1.350s] Invoking command in '/home/ela2/ros2_ws_arms/build/ela2_arms_controller': CMAKE_PREFIX_PATH=${CMAKE_PREFIX_PATH}:/home/ela2/ros2_ws_arms/install/esp32_controller:/home/ela2/ros2_ws_arms/install/ela2_py_arms:/home/ela2/ELA2.0_NAV/install/ella2_twist_converter:/home/ela2/ELA2.0_NAV/install/ella2_teleop:/home/ela2/ELA2.0_NAV/install/ella2_pose:/home/ela2/ELA2.0_NAV/install/ella2_gui:/opt/ros/humble /usr/bin/cmake --install /home/ela2/ros2_ws_arms/build/ela2_arms_controller
[1.362s] -- Install configuration: ""
[1.364s] -- Up-to-date: /home/ela2/ros2_ws_arms/install/ela2_arms_controller/share/ela2_arms_controller/config
[1.364s] -- Up-to-date: /home/ela2/ros2_ws_arms/install/ela2_arms_controller/share/ela2_arms_controller/config/ela2_arms_controller.yaml
[1.365s] -- Up-to-date: /home/ela2/ros2_ws_arms/install/ela2_arms_controller/share/ela2_arms_controller/launch
[1.365s] -- Up-to-date: /home/ela2/ros2_ws_arms/install/ela2_arms_controller/share/ela2_arms_controller/launch/controller_launch.py
[1.365s] -- Up-to-date: /home/ela2/ros2_ws_arms/install/ela2_arms_controller/share/ela2_arms_controller/include
[1.365s] -- Up-to-date: /home/ela2/ros2_ws_arms/install/ela2_arms_controller/share/ament_index/resource_index/package_run_dependencies/ela2_arms_controller
[1.365s] -- Up-to-date: /home/ela2/ros2_ws_arms/install/ela2_arms_controller/share/ament_index/resource_index/parent_prefix_path/ela2_arms_controller
[1.365s] -- Up-to-date: /home/ela2/ros2_ws_arms/install/ela2_arms_controller/share/ela2_arms_controller/environment/ament_prefix_path.sh
[1.365s] -- Up-to-date: /home/ela2/ros2_ws_arms/install/ela2_arms_controller/share/ela2_arms_controller/environment/ament_prefix_path.dsv
[1.366s] -- Up-to-date: /home/ela2/ros2_ws_arms/install/ela2_arms_controller/share/ela2_arms_controller/environment/path.sh
[1.368s] -- Up-to-date: /home/ela2/ros2_ws_arms/install/ela2_arms_controller/share/ela2_arms_controller/environment/path.dsv
[1.368s] -- Up-to-date: /home/ela2/ros2_ws_arms/install/ela2_arms_controller/share/ela2_arms_controller/local_setup.bash
[1.369s] -- Up-to-date: /home/ela2/ros2_ws_arms/install/ela2_arms_controller/share/ela2_arms_controller/local_setup.sh
[1.380s] -- Up-to-date: /home/ela2/ros2_ws_arms/install/ela2_arms_controller/share/ela2_arms_controller/local_setup.zsh
[1.381s] -- Up-to-date: /home/ela2/ros2_ws_arms/install/ela2_arms_controller/share/ela2_arms_controller/local_setup.dsv
[1.382s] -- Up-to-date: /home/ela2/ros2_ws_arms/install/ela2_arms_controller/share/ela2_arms_controller/package.dsv
[1.382s] -- Up-to-date: /home/ela2/ros2_ws_arms/install/ela2_arms_controller/share/ament_index/resource_index/packages/ela2_arms_controller
[1.384s] -- Up-to-date: /home/ela2/ros2_ws_arms/install/ela2_arms_controller/share/ela2_arms_controller/cmake/ela2_arms_controllerConfig.cmake
[1.384s] -- Up-to-date: /home/ela2/ros2_ws_arms/install/ela2_arms_controller/share/ela2_arms_controller/cmake/ela2_arms_controllerConfig-version.cmake
[1.384s] -- Up-to-date: /home/ela2/ros2_ws_arms/install/ela2_arms_controller/share/ela2_arms_controller/package.xml
[1.404s] Invoked command in '/home/ela2/ros2_ws_arms/build/ela2_arms_controller' returned '0': CMAKE_PREFIX_PATH=${CMAKE_PREFIX_PATH}:/home/ela2/ros2_ws_arms/install/esp32_controller:/home/ela2/ros2_ws_arms/install/ela2_py_arms:/home/ela2/ELA2.0_NAV/install/ella2_twist_converter:/home/ela2/ELA2.0_NAV/install/ella2_teleop:/home/ela2/ELA2.0_NAV/install/ella2_pose:/home/ela2/ELA2.0_NAV/install/ella2_gui:/opt/ros/humble /usr/bin/cmake --install /home/ela2/ros2_ws_arms/build/ela2_arms_controller
