running egg_info
writing ../../build/esp32_controller/esp32_controller.egg-info/PKG-INFO
writing dependency_links to ../../build/esp32_controller/esp32_controller.egg-info/dependency_links.txt
writing entry points to ../../build/esp32_controller/esp32_controller.egg-info/entry_points.txt
writing requirements to ../../build/esp32_controller/esp32_controller.egg-info/requires.txt
writing top-level names to ../../build/esp32_controller/esp32_controller.egg-info/top_level.txt
reading manifest file '../../build/esp32_controller/esp32_controller.egg-info/SOURCES.txt'
writing manifest file '../../build/esp32_controller/esp32_controller.egg-info/SOURCES.txt'
running build
running build_py
copying esp32_controller/esp32_control_node.py -> /home/ela2/ros2_ws_arms/build/esp32_controller/build/lib/esp32_controller
running install
running install_lib
copying /home/ela2/ros2_ws_arms/build/esp32_controller/build/lib/esp32_controller/esp32_control_node.py -> /home/ela2/ros2_ws_arms/install/esp32_controller/lib/python3.10/site-packages/esp32_controller
byte-compiling /home/ela2/ros2_ws_arms/install/esp32_controller/lib/python3.10/site-packages/esp32_controller/esp32_control_node.py to esp32_control_node.cpython-310.pyc
running install_data
running install_egg_info
removing '/home/ela2/ros2_ws_arms/install/esp32_controller/lib/python3.10/site-packages/esp32_controller-0.0.0-py3.10.egg-info' (and everything under it)
Copying ../../build/esp32_controller/esp32_controller.egg-info to /home/ela2/ros2_ws_arms/install/esp32_controller/lib/python3.10/site-packages/esp32_controller-0.0.0-py3.10.egg-info
running install_scripts
Installing esp32_control_node script to /home/ela2/ros2_ws_arms/install/esp32_controller/lib/esp32_controller
writing list of installed files to '/home/ela2/ros2_ws_arms/build/esp32_controller/install.log'
