[2.014s] Invoking command in '/home/ela2/ros2_ws_arms/src/esp32_controller': PYTHONPATH=/home/ela2/ros2_ws_arms/build/esp32_controller/prefix_override:/home/ela2/ros2_ws_arms/install/esp32_controller/lib/python3.10/site-packages:${PYTHONPATH} /usr/bin/python3 -W ignore:setup.py install is deprecated setup.py egg_info --egg-base ../../build/esp32_controller build --build-base /home/ela2/ros2_ws_arms/build/esp32_controller/build install --record /home/ela2/ros2_ws_arms/build/esp32_controller/install.log --single-version-externally-managed install_data
[2.526s] running egg_info
[2.527s] writing ../../build/esp32_controller/esp32_controller.egg-info/PKG-INFO
[2.528s] writing dependency_links to ../../build/esp32_controller/esp32_controller.egg-info/dependency_links.txt
[2.528s] writing entry points to ../../build/esp32_controller/esp32_controller.egg-info/entry_points.txt
[2.528s] writing requirements to ../../build/esp32_controller/esp32_controller.egg-info/requires.txt
[2.528s] writing top-level names to ../../build/esp32_controller/esp32_controller.egg-info/top_level.txt
[2.532s] reading manifest file '../../build/esp32_controller/esp32_controller.egg-info/SOURCES.txt'
[2.534s] writing manifest file '../../build/esp32_controller/esp32_controller.egg-info/SOURCES.txt'
[2.534s] running build
[2.534s] running build_py
[2.535s] copying esp32_controller/esp32_control_node.py -> /home/ela2/ros2_ws_arms/build/esp32_controller/build/lib/esp32_controller
[2.535s] running install
[2.536s] running install_lib
[2.538s] copying /home/ela2/ros2_ws_arms/build/esp32_controller/build/lib/esp32_controller/esp32_control_node.py -> /home/ela2/ros2_ws_arms/install/esp32_controller/lib/python3.10/site-packages/esp32_controller
[2.539s] byte-compiling /home/ela2/ros2_ws_arms/install/esp32_controller/lib/python3.10/site-packages/esp32_controller/esp32_control_node.py to esp32_control_node.cpython-310.pyc
[2.541s] running install_data
[2.542s] running install_egg_info
[2.546s] removing '/home/ela2/ros2_ws_arms/install/esp32_controller/lib/python3.10/site-packages/esp32_controller-0.0.0-py3.10.egg-info' (and everything under it)
[2.546s] Copying ../../build/esp32_controller/esp32_controller.egg-info to /home/ela2/ros2_ws_arms/install/esp32_controller/lib/python3.10/site-packages/esp32_controller-0.0.0-py3.10.egg-info
[2.548s] running install_scripts
[2.592s] Installing esp32_control_node script to /home/ela2/ros2_ws_arms/install/esp32_controller/lib/esp32_controller
[2.592s] writing list of installed files to '/home/ela2/ros2_ws_arms/build/esp32_controller/install.log'
[2.664s] Invoked command in '/home/ela2/ros2_ws_arms/src/esp32_controller' returned '0': PYTHONPATH=/home/ela2/ros2_ws_arms/build/esp32_controller/prefix_override:/home/ela2/ros2_ws_arms/install/esp32_controller/lib/python3.10/site-packages:${PYTHONPATH} /usr/bin/python3 -W ignore:setup.py install is deprecated setup.py egg_info --egg-base ../../build/esp32_controller build --build-base /home/ela2/ros2_ws_arms/build/esp32_controller/build install --record /home/ela2/ros2_ws_arms/build/esp32_controller/install.log --single-version-externally-managed install_data
