[2.041s] Invoking command in '/home/ela2/ros2_ws_arms/src/esp32_controller': PYTHONPATH=/home/ela2/ros2_ws_arms/build/esp32_controller/prefix_override:/home/ela2/ros2_ws_arms/install/esp32_controller/lib/python3.10/site-packages:${PYTHONPATH} /usr/bin/python3 -W ignore:setup.py install is deprecated setup.py egg_info --egg-base ../../build/esp32_controller build --build-base /home/ela2/ros2_ws_arms/build/esp32_controller/build install --record /home/ela2/ros2_ws_arms/build/esp32_controller/install.log --single-version-externally-managed install_data
[2.583s] running egg_info
[2.585s] writing ../../build/esp32_controller/esp32_controller.egg-info/PKG-INFO
[2.586s] writing dependency_links to ../../build/esp32_controller/esp32_controller.egg-info/dependency_links.txt
[2.586s] writing entry points to ../../build/esp32_controller/esp32_controller.egg-info/entry_points.txt
[2.586s] writing requirements to ../../build/esp32_controller/esp32_controller.egg-info/requires.txt
[2.587s] writing top-level names to ../../build/esp32_controller/esp32_controller.egg-info/top_level.txt
[2.591s] reading manifest file '../../build/esp32_controller/esp32_controller.egg-info/SOURCES.txt'
[2.593s] writing manifest file '../../build/esp32_controller/esp32_controller.egg-info/SOURCES.txt'
[2.593s] running build
[2.593s] running build_py
[2.594s] copying esp32_controller/esp32_control_node.py -> /home/ela2/ros2_ws_arms/build/esp32_controller/build/lib/esp32_controller
[2.595s] running install
[2.595s] running install_lib
[2.598s] copying /home/ela2/ros2_ws_arms/build/esp32_controller/build/lib/esp32_controller/esp32_control_node.py -> /home/ela2/ros2_ws_arms/install/esp32_controller/lib/python3.10/site-packages/esp32_controller
[2.599s] byte-compiling /home/ela2/ros2_ws_arms/install/esp32_controller/lib/python3.10/site-packages/esp32_controller/esp32_control_node.py to esp32_control_node.cpython-310.pyc
[2.602s] running install_data
[2.602s] running install_egg_info
[2.606s] removing '/home/ela2/ros2_ws_arms/install/esp32_controller/lib/python3.10/site-packages/esp32_controller-0.0.0-py3.10.egg-info' (and everything under it)
[2.607s] Copying ../../build/esp32_controller/esp32_controller.egg-info to /home/ela2/ros2_ws_arms/install/esp32_controller/lib/python3.10/site-packages/esp32_controller-0.0.0-py3.10.egg-info
[2.609s] running install_scripts
[2.659s] Installing esp32_control_node script to /home/ela2/ros2_ws_arms/install/esp32_controller/lib/esp32_controller
[2.660s] writing list of installed files to '/home/ela2/ros2_ws_arms/build/esp32_controller/install.log'
[2.735s] Invoked command in '/home/ela2/ros2_ws_arms/src/esp32_controller' returned '0': PYTHONPATH=/home/ela2/ros2_ws_arms/build/esp32_controller/prefix_override:/home/ela2/ros2_ws_arms/install/esp32_controller/lib/python3.10/site-packages:${PYTHONPATH} /usr/bin/python3 -W ignore:setup.py install is deprecated setup.py egg_info --egg-base ../../build/esp32_controller build --build-base /home/ela2/ros2_ws_arms/build/esp32_controller/build install --record /home/ela2/ros2_ws_arms/build/esp32_controller/install.log --single-version-externally-managed install_data
