[0.227s] DEBUG:colcon:Command line arguments: ['/usr/bin/colcon', 'build']
[0.228s] DEBUG:colcon:Parsed command line arguments: Namespace(log_base=None, log_level=None, verb_name='build', build_base='build', install_base='install', merge_install=False, symlink_install=False, test_result_base=None, continue_on_error=False, executor='parallel', parallel_workers=6, event_handlers=None, ignore_user_meta=False, metas=['./colcon.meta'], base_paths=['.'], packages_ignore=None, packages_ignore_regex=None, paths=None, packages_up_to=None, packages_up_to_regex=None, packages_above=None, packages_above_and_dependencies=None, packages_above_depth=None, packages_select_by_dep=None, packages_skip_by_dep=None, packages_skip_up_to=None, packages_select_build_failed=False, packages_skip_build_finished=False, packages_select_test_failures=False, packages_skip_test_passed=False, packages_select=None, packages_skip=None, packages_select_regex=None, packages_skip_regex=None, packages_start=None, packages_end=None, allow_overriding=[], cmake_args=None, cmake_target=None, cmake_target_skip_unavailable=False, cmake_clean_cache=False, cmake_clean_first=False, cmake_force_configure=False, ament_cmake_args=None, catkin_cmake_args=None, catkin_skip_building_tests=False, verb_parser=<colcon_defaults.argument_parser.defaults.DefaultArgumentsDecorator object at 0xffffa19a53c0>, verb_extension=<colcon_core.verb.build.BuildVerb object at 0xffffa19a4e80>, main=<bound method BuildVerb.main of <colcon_core.verb.build.BuildVerb object at 0xffffa19a4e80>>)
[0.584s] Level 1:colcon.colcon_core.package_discovery:discover_packages(colcon_meta) check parameters
[0.584s] Level 1:colcon.colcon_core.package_discovery:discover_packages(recursive) check parameters
[0.584s] Level 1:colcon.colcon_core.package_discovery:discover_packages(ignore) check parameters
[0.584s] Level 1:colcon.colcon_core.package_discovery:discover_packages(path) check parameters
[0.584s] Level 1:colcon.colcon_core.package_discovery:discover_packages(colcon_meta) discover
[0.584s] Level 1:colcon.colcon_core.package_discovery:discover_packages(recursive) discover
[0.585s] INFO:colcon.colcon_core.package_discovery:Crawling recursively for packages in '/home/ela2/ros2_ws_arms'
[0.585s] Level 1:colcon.colcon_core.package_identification:_identify(.) by extensions ['ignore', 'ignore_ament_install']
[0.585s] Level 1:colcon.colcon_core.package_identification:_identify(.) by extension 'ignore'
[0.585s] Level 1:colcon.colcon_core.package_identification:_identify(.) by extension 'ignore_ament_install'
[0.585s] Level 1:colcon.colcon_core.package_identification:_identify(.) by extensions ['colcon_pkg']
[0.585s] Level 1:colcon.colcon_core.package_identification:_identify(.) by extension 'colcon_pkg'
[0.586s] Level 1:colcon.colcon_core.package_identification:_identify(.) by extensions ['colcon_meta']
[0.586s] Level 1:colcon.colcon_core.package_identification:_identify(.) by extension 'colcon_meta'
[0.586s] Level 1:colcon.colcon_core.package_identification:_identify(.) by extensions ['ros']
[0.586s] Level 1:colcon.colcon_core.package_identification:_identify(.) by extension 'ros'
[0.610s] Level 1:colcon.colcon_core.package_identification:_identify(.) by extensions ['cmake', 'python']
[0.610s] Level 1:colcon.colcon_core.package_identification:_identify(.) by extension 'cmake'
[0.610s] Level 1:colcon.colcon_core.package_identification:_identify(.) by extension 'python'
[0.610s] Level 1:colcon.colcon_core.package_identification:_identify(.) by extensions ['python_setup_py']
[0.610s] Level 1:colcon.colcon_core.package_identification:_identify(.) by extension 'python_setup_py'
[0.611s] Level 1:colcon.colcon_core.package_identification:_identify(build) by extensions ['ignore', 'ignore_ament_install']
[0.611s] Level 1:colcon.colcon_core.package_identification:_identify(build) by extension 'ignore'
[0.611s] Level 1:colcon.colcon_core.package_identification:_identify(build) ignored
[0.611s] Level 1:colcon.colcon_core.package_identification:_identify(install) by extensions ['ignore', 'ignore_ament_install']
[0.612s] Level 1:colcon.colcon_core.package_identification:_identify(install) by extension 'ignore'
[0.612s] Level 1:colcon.colcon_core.package_identification:_identify(install) ignored
[0.612s] Level 1:colcon.colcon_core.package_identification:_identify(log) by extensions ['ignore', 'ignore_ament_install']
[0.612s] Level 1:colcon.colcon_core.package_identification:_identify(log) by extension 'ignore'
[0.612s] Level 1:colcon.colcon_core.package_identification:_identify(log) ignored
[0.613s] Level 1:colcon.colcon_core.package_identification:_identify(src) by extensions ['ignore', 'ignore_ament_install']
[0.613s] Level 1:colcon.colcon_core.package_identification:_identify(src) by extension 'ignore'
[0.613s] Level 1:colcon.colcon_core.package_identification:_identify(src) by extension 'ignore_ament_install'
[0.613s] Level 1:colcon.colcon_core.package_identification:_identify(src) by extensions ['colcon_pkg']
[0.613s] Level 1:colcon.colcon_core.package_identification:_identify(src) by extension 'colcon_pkg'
[0.613s] Level 1:colcon.colcon_core.package_identification:_identify(src) by extensions ['colcon_meta']
[0.613s] Level 1:colcon.colcon_core.package_identification:_identify(src) by extension 'colcon_meta'
[0.613s] Level 1:colcon.colcon_core.package_identification:_identify(src) by extensions ['ros']
[0.613s] Level 1:colcon.colcon_core.package_identification:_identify(src) by extension 'ros'
[0.614s] Level 1:colcon.colcon_core.package_identification:_identify(src) by extensions ['cmake', 'python']
[0.614s] Level 1:colcon.colcon_core.package_identification:_identify(src) by extension 'cmake'
[0.614s] Level 1:colcon.colcon_core.package_identification:_identify(src) by extension 'python'
[0.614s] Level 1:colcon.colcon_core.package_identification:_identify(src) by extensions ['python_setup_py']
[0.614s] Level 1:colcon.colcon_core.package_identification:_identify(src) by extension 'python_setup_py'
[0.614s] Level 1:colcon.colcon_core.package_identification:_identify(src/Chatbot) by extensions ['ignore', 'ignore_ament_install']
[0.614s] Level 1:colcon.colcon_core.package_identification:_identify(src/Chatbot) by extension 'ignore'
[0.614s] Level 1:colcon.colcon_core.package_identification:_identify(src/Chatbot) by extension 'ignore_ament_install'
[0.614s] Level 1:colcon.colcon_core.package_identification:_identify(src/Chatbot) by extensions ['colcon_pkg']
[0.615s] Level 1:colcon.colcon_core.package_identification:_identify(src/Chatbot) by extension 'colcon_pkg'
[0.615s] Level 1:colcon.colcon_core.package_identification:_identify(src/Chatbot) by extensions ['colcon_meta']
[0.615s] Level 1:colcon.colcon_core.package_identification:_identify(src/Chatbot) by extension 'colcon_meta'
[0.615s] Level 1:colcon.colcon_core.package_identification:_identify(src/Chatbot) by extensions ['ros']
[0.615s] Level 1:colcon.colcon_core.package_identification:_identify(src/Chatbot) by extension 'ros'
[0.615s] Level 1:colcon.colcon_core.package_identification:_identify(src/Chatbot) by extensions ['cmake', 'python']
[0.615s] Level 1:colcon.colcon_core.package_identification:_identify(src/Chatbot) by extension 'cmake'
[0.615s] Level 1:colcon.colcon_core.package_identification:_identify(src/Chatbot) by extension 'python'
[0.615s] Level 1:colcon.colcon_core.package_identification:_identify(src/Chatbot) by extensions ['python_setup_py']
[0.615s] Level 1:colcon.colcon_core.package_identification:_identify(src/Chatbot) by extension 'python_setup_py'
[0.616s] Level 1:colcon.colcon_core.package_identification:_identify(src/GUI) by extensions ['ignore', 'ignore_ament_install']
[0.616s] Level 1:colcon.colcon_core.package_identification:_identify(src/GUI) by extension 'ignore'
[0.616s] Level 1:colcon.colcon_core.package_identification:_identify(src/GUI) by extension 'ignore_ament_install'
[0.616s] Level 1:colcon.colcon_core.package_identification:_identify(src/GUI) by extensions ['colcon_pkg']
[0.616s] Level 1:colcon.colcon_core.package_identification:_identify(src/GUI) by extension 'colcon_pkg'
[0.616s] Level 1:colcon.colcon_core.package_identification:_identify(src/GUI) by extensions ['colcon_meta']
[0.616s] Level 1:colcon.colcon_core.package_identification:_identify(src/GUI) by extension 'colcon_meta'
[0.616s] Level 1:colcon.colcon_core.package_identification:_identify(src/GUI) by extensions ['ros']
[0.616s] Level 1:colcon.colcon_core.package_identification:_identify(src/GUI) by extension 'ros'
[0.616s] Level 1:colcon.colcon_core.package_identification:_identify(src/GUI) by extensions ['cmake', 'python']
[0.617s] Level 1:colcon.colcon_core.package_identification:_identify(src/GUI) by extension 'cmake'
[0.617s] Level 1:colcon.colcon_core.package_identification:_identify(src/GUI) by extension 'python'
[0.617s] Level 1:colcon.colcon_core.package_identification:_identify(src/GUI) by extensions ['python_setup_py']
[0.617s] Level 1:colcon.colcon_core.package_identification:_identify(src/GUI) by extension 'python_setup_py'
[0.617s] Level 1:colcon.colcon_core.package_identification:_identify(src/ela2_arms) by extensions ['ignore', 'ignore_ament_install']
[0.617s] Level 1:colcon.colcon_core.package_identification:_identify(src/ela2_arms) by extension 'ignore'
[0.617s] Level 1:colcon.colcon_core.package_identification:_identify(src/ela2_arms) by extension 'ignore_ament_install'
[0.617s] Level 1:colcon.colcon_core.package_identification:_identify(src/ela2_arms) by extensions ['colcon_pkg']
[0.617s] Level 1:colcon.colcon_core.package_identification:_identify(src/ela2_arms) by extension 'colcon_pkg'
[0.618s] Level 1:colcon.colcon_core.package_identification:_identify(src/ela2_arms) by extensions ['colcon_meta']
[0.618s] Level 1:colcon.colcon_core.package_identification:_identify(src/ela2_arms) by extension 'colcon_meta'
[0.618s] Level 1:colcon.colcon_core.package_identification:_identify(src/ela2_arms) by extensions ['ros']
[0.618s] Level 1:colcon.colcon_core.package_identification:_identify(src/ela2_arms) by extension 'ros'
[0.623s] DEBUG:colcon.colcon_core.package_identification:Package 'src/ela2_arms' with type 'ros.ament_cmake' and name 'ela2_arms'
[0.623s] Level 1:colcon.colcon_core.package_identification:_identify(src/ela2_arms_controller) by extensions ['ignore', 'ignore_ament_install']
[0.623s] Level 1:colcon.colcon_core.package_identification:_identify(src/ela2_arms_controller) by extension 'ignore'
[0.624s] Level 1:colcon.colcon_core.package_identification:_identify(src/ela2_arms_controller) by extension 'ignore_ament_install'
[0.624s] Level 1:colcon.colcon_core.package_identification:_identify(src/ela2_arms_controller) by extensions ['colcon_pkg']
[0.624s] Level 1:colcon.colcon_core.package_identification:_identify(src/ela2_arms_controller) by extension 'colcon_pkg'
[0.624s] Level 1:colcon.colcon_core.package_identification:_identify(src/ela2_arms_controller) by extensions ['colcon_meta']
[0.624s] Level 1:colcon.colcon_core.package_identification:_identify(src/ela2_arms_controller) by extension 'colcon_meta'
[0.624s] Level 1:colcon.colcon_core.package_identification:_identify(src/ela2_arms_controller) by extensions ['ros']
[0.624s] Level 1:colcon.colcon_core.package_identification:_identify(src/ela2_arms_controller) by extension 'ros'
[0.625s] DEBUG:colcon.colcon_core.package_identification:Package 'src/ela2_arms_controller' with type 'ros.ament_cmake' and name 'ela2_arms_controller'
[0.625s] Level 1:colcon.colcon_core.package_identification:_identify(src/ela2_cpp_arms) by extensions ['ignore', 'ignore_ament_install']
[0.626s] Level 1:colcon.colcon_core.package_identification:_identify(src/ela2_cpp_arms) by extension 'ignore'
[0.626s] Level 1:colcon.colcon_core.package_identification:_identify(src/ela2_cpp_arms) by extension 'ignore_ament_install'
[0.626s] Level 1:colcon.colcon_core.package_identification:_identify(src/ela2_cpp_arms) by extensions ['colcon_pkg']
[0.626s] Level 1:colcon.colcon_core.package_identification:_identify(src/ela2_cpp_arms) by extension 'colcon_pkg'
[0.626s] Level 1:colcon.colcon_core.package_identification:_identify(src/ela2_cpp_arms) by extensions ['colcon_meta']
[0.626s] Level 1:colcon.colcon_core.package_identification:_identify(src/ela2_cpp_arms) by extension 'colcon_meta'
[0.626s] Level 1:colcon.colcon_core.package_identification:_identify(src/ela2_cpp_arms) by extensions ['ros']
[0.626s] Level 1:colcon.colcon_core.package_identification:_identify(src/ela2_cpp_arms) by extension 'ros'
[0.627s] DEBUG:colcon.colcon_core.package_identification:Package 'src/ela2_cpp_arms' with type 'ros.ament_cmake' and name 'ela2_cpp_arms'
[0.627s] Level 1:colcon.colcon_core.package_identification:_identify(src/ela2_moveit) by extensions ['ignore', 'ignore_ament_install']
[0.628s] Level 1:colcon.colcon_core.package_identification:_identify(src/ela2_moveit) by extension 'ignore'
[0.628s] Level 1:colcon.colcon_core.package_identification:_identify(src/ela2_moveit) by extension 'ignore_ament_install'
[0.628s] Level 1:colcon.colcon_core.package_identification:_identify(src/ela2_moveit) by extensions ['colcon_pkg']
[0.628s] Level 1:colcon.colcon_core.package_identification:_identify(src/ela2_moveit) by extension 'colcon_pkg'
[0.628s] Level 1:colcon.colcon_core.package_identification:_identify(src/ela2_moveit) by extensions ['colcon_meta']
[0.628s] Level 1:colcon.colcon_core.package_identification:_identify(src/ela2_moveit) by extension 'colcon_meta'
[0.628s] Level 1:colcon.colcon_core.package_identification:_identify(src/ela2_moveit) by extensions ['ros']
[0.628s] Level 1:colcon.colcon_core.package_identification:_identify(src/ela2_moveit) by extension 'ros'
[0.629s] DEBUG:colcon.colcon_core.package_identification:Package 'src/ela2_moveit' with type 'ros.ament_cmake' and name 'ela2_moveit'
[0.630s] Level 1:colcon.colcon_core.package_identification:_identify(src/ela2_py_arms) by extensions ['ignore', 'ignore_ament_install']
[0.630s] Level 1:colcon.colcon_core.package_identification:_identify(src/ela2_py_arms) by extension 'ignore'
[0.630s] Level 1:colcon.colcon_core.package_identification:_identify(src/ela2_py_arms) by extension 'ignore_ament_install'
[0.630s] Level 1:colcon.colcon_core.package_identification:_identify(src/ela2_py_arms) by extensions ['colcon_pkg']
[0.630s] Level 1:colcon.colcon_core.package_identification:_identify(src/ela2_py_arms) by extension 'colcon_pkg'
[0.630s] Level 1:colcon.colcon_core.package_identification:_identify(src/ela2_py_arms) by extensions ['colcon_meta']
[0.630s] Level 1:colcon.colcon_core.package_identification:_identify(src/ela2_py_arms) by extension 'colcon_meta'
[0.630s] Level 1:colcon.colcon_core.package_identification:_identify(src/ela2_py_arms) by extensions ['ros']
[0.631s] Level 1:colcon.colcon_core.package_identification:_identify(src/ela2_py_arms) by extension 'ros'
[0.632s] DEBUG:colcon.colcon_core.package_identification:Package 'src/ela2_py_arms' with type 'ros.ament_python' and name 'ela2_py_arms'
[0.632s] Level 1:colcon.colcon_core.package_identification:_identify(src/esp32_controller) by extensions ['ignore', 'ignore_ament_install']
[0.633s] Level 1:colcon.colcon_core.package_identification:_identify(src/esp32_controller) by extension 'ignore'
[0.633s] Level 1:colcon.colcon_core.package_identification:_identify(src/esp32_controller) by extension 'ignore_ament_install'
[0.633s] Level 1:colcon.colcon_core.package_identification:_identify(src/esp32_controller) by extensions ['colcon_pkg']
[0.633s] Level 1:colcon.colcon_core.package_identification:_identify(src/esp32_controller) by extension 'colcon_pkg'
[0.633s] Level 1:colcon.colcon_core.package_identification:_identify(src/esp32_controller) by extensions ['colcon_meta']
[0.633s] Level 1:colcon.colcon_core.package_identification:_identify(src/esp32_controller) by extension 'colcon_meta'
[0.633s] Level 1:colcon.colcon_core.package_identification:_identify(src/esp32_controller) by extensions ['ros']
[0.633s] Level 1:colcon.colcon_core.package_identification:_identify(src/esp32_controller) by extension 'ros'
[0.634s] DEBUG:colcon.colcon_core.package_identification:Package 'src/esp32_controller' with type 'ros.ament_python' and name 'esp32_controller'
[0.634s] Level 1:colcon.colcon_core.package_discovery:discover_packages(recursive) using defaults
[0.634s] Level 1:colcon.colcon_core.package_discovery:discover_packages(ignore) discover
[0.635s] Level 1:colcon.colcon_core.package_discovery:discover_packages(ignore) using defaults
[0.635s] Level 1:colcon.colcon_core.package_discovery:discover_packages(path) discover
[0.635s] Level 1:colcon.colcon_core.package_discovery:discover_packages(path) using defaults
[0.677s] Level 1:colcon.colcon_core.package_discovery:discover_packages(prefix_path) check parameters
[0.677s] Level 1:colcon.colcon_core.package_discovery:discover_packages(prefix_path) discover
[0.683s] DEBUG:colcon.colcon_installed_package_information.package_discovery:Found 6 installed packages in /home/ela2/ros2_ws_arms/install
[0.685s] DEBUG:colcon.colcon_installed_package_information.package_discovery:Found 17 installed packages in /home/ela2/ELA2.0_NAV/install
[0.690s] DEBUG:colcon.colcon_installed_package_information.package_discovery:Found 345 installed packages in /opt/ros/humble
[0.721s] Level 1:colcon.colcon_core.package_discovery:discover_packages(prefix_path) using defaults
[0.818s] Level 5:colcon.colcon_core.verb:set package 'ela2_arms' build argument 'cmake_args' from command line to 'None'
[0.818s] Level 5:colcon.colcon_core.verb:set package 'ela2_arms' build argument 'cmake_target' from command line to 'None'
[0.818s] Level 5:colcon.colcon_core.verb:set package 'ela2_arms' build argument 'cmake_target_skip_unavailable' from command line to 'False'
[0.818s] Level 5:colcon.colcon_core.verb:set package 'ela2_arms' build argument 'cmake_clean_cache' from command line to 'False'
[0.818s] Level 5:colcon.colcon_core.verb:set package 'ela2_arms' build argument 'cmake_clean_first' from command line to 'False'
[0.819s] Level 5:colcon.colcon_core.verb:set package 'ela2_arms' build argument 'cmake_force_configure' from command line to 'False'
[0.819s] Level 5:colcon.colcon_core.verb:set package 'ela2_arms' build argument 'ament_cmake_args' from command line to 'None'
[0.819s] Level 5:colcon.colcon_core.verb:set package 'ela2_arms' build argument 'catkin_cmake_args' from command line to 'None'
[0.819s] Level 5:colcon.colcon_core.verb:set package 'ela2_arms' build argument 'catkin_skip_building_tests' from command line to 'False'
[0.819s] DEBUG:colcon.colcon_core.verb:Building package 'ela2_arms' with the following arguments: {'ament_cmake_args': None, 'build_base': '/home/ela2/ros2_ws_arms/build/ela2_arms', 'catkin_cmake_args': None, 'catkin_skip_building_tests': False, 'cmake_args': None, 'cmake_clean_cache': False, 'cmake_clean_first': False, 'cmake_force_configure': False, 'cmake_target': None, 'cmake_target_skip_unavailable': False, 'install_base': '/home/ela2/ros2_ws_arms/install/ela2_arms', 'merge_install': False, 'path': '/home/ela2/ros2_ws_arms/src/ela2_arms', 'symlink_install': False, 'test_result_base': None}
[0.820s] Level 5:colcon.colcon_core.verb:set package 'ela2_arms_controller' build argument 'cmake_args' from command line to 'None'
[0.820s] Level 5:colcon.colcon_core.verb:set package 'ela2_arms_controller' build argument 'cmake_target' from command line to 'None'
[0.820s] Level 5:colcon.colcon_core.verb:set package 'ela2_arms_controller' build argument 'cmake_target_skip_unavailable' from command line to 'False'
[0.820s] Level 5:colcon.colcon_core.verb:set package 'ela2_arms_controller' build argument 'cmake_clean_cache' from command line to 'False'
[0.820s] Level 5:colcon.colcon_core.verb:set package 'ela2_arms_controller' build argument 'cmake_clean_first' from command line to 'False'
[0.820s] Level 5:colcon.colcon_core.verb:set package 'ela2_arms_controller' build argument 'cmake_force_configure' from command line to 'False'
[0.820s] Level 5:colcon.colcon_core.verb:set package 'ela2_arms_controller' build argument 'ament_cmake_args' from command line to 'None'
[0.820s] Level 5:colcon.colcon_core.verb:set package 'ela2_arms_controller' build argument 'catkin_cmake_args' from command line to 'None'
[0.820s] Level 5:colcon.colcon_core.verb:set package 'ela2_arms_controller' build argument 'catkin_skip_building_tests' from command line to 'False'
[0.820s] DEBUG:colcon.colcon_core.verb:Building package 'ela2_arms_controller' with the following arguments: {'ament_cmake_args': None, 'build_base': '/home/ela2/ros2_ws_arms/build/ela2_arms_controller', 'catkin_cmake_args': None, 'catkin_skip_building_tests': False, 'cmake_args': None, 'cmake_clean_cache': False, 'cmake_clean_first': False, 'cmake_force_configure': False, 'cmake_target': None, 'cmake_target_skip_unavailable': False, 'install_base': '/home/ela2/ros2_ws_arms/install/ela2_arms_controller', 'merge_install': False, 'path': '/home/ela2/ros2_ws_arms/src/ela2_arms_controller', 'symlink_install': False, 'test_result_base': None}
[0.821s] Level 5:colcon.colcon_core.verb:set package 'ela2_cpp_arms' build argument 'cmake_args' from command line to 'None'
[0.821s] Level 5:colcon.colcon_core.verb:set package 'ela2_cpp_arms' build argument 'cmake_target' from command line to 'None'
[0.821s] Level 5:colcon.colcon_core.verb:set package 'ela2_cpp_arms' build argument 'cmake_target_skip_unavailable' from command line to 'False'
[0.821s] Level 5:colcon.colcon_core.verb:set package 'ela2_cpp_arms' build argument 'cmake_clean_cache' from command line to 'False'
[0.821s] Level 5:colcon.colcon_core.verb:set package 'ela2_cpp_arms' build argument 'cmake_clean_first' from command line to 'False'
[0.821s] Level 5:colcon.colcon_core.verb:set package 'ela2_cpp_arms' build argument 'cmake_force_configure' from command line to 'False'
[0.821s] Level 5:colcon.colcon_core.verb:set package 'ela2_cpp_arms' build argument 'ament_cmake_args' from command line to 'None'
[0.821s] Level 5:colcon.colcon_core.verb:set package 'ela2_cpp_arms' build argument 'catkin_cmake_args' from command line to 'None'
[0.821s] Level 5:colcon.colcon_core.verb:set package 'ela2_cpp_arms' build argument 'catkin_skip_building_tests' from command line to 'False'
[0.821s] DEBUG:colcon.colcon_core.verb:Building package 'ela2_cpp_arms' with the following arguments: {'ament_cmake_args': None, 'build_base': '/home/ela2/ros2_ws_arms/build/ela2_cpp_arms', 'catkin_cmake_args': None, 'catkin_skip_building_tests': False, 'cmake_args': None, 'cmake_clean_cache': False, 'cmake_clean_first': False, 'cmake_force_configure': False, 'cmake_target': None, 'cmake_target_skip_unavailable': False, 'install_base': '/home/ela2/ros2_ws_arms/install/ela2_cpp_arms', 'merge_install': False, 'path': '/home/ela2/ros2_ws_arms/src/ela2_cpp_arms', 'symlink_install': False, 'test_result_base': None}
[0.822s] Level 5:colcon.colcon_core.verb:set package 'ela2_moveit' build argument 'cmake_args' from command line to 'None'
[0.822s] Level 5:colcon.colcon_core.verb:set package 'ela2_moveit' build argument 'cmake_target' from command line to 'None'
[0.822s] Level 5:colcon.colcon_core.verb:set package 'ela2_moveit' build argument 'cmake_target_skip_unavailable' from command line to 'False'
[0.822s] Level 5:colcon.colcon_core.verb:set package 'ela2_moveit' build argument 'cmake_clean_cache' from command line to 'False'
[0.822s] Level 5:colcon.colcon_core.verb:set package 'ela2_moveit' build argument 'cmake_clean_first' from command line to 'False'
[0.822s] Level 5:colcon.colcon_core.verb:set package 'ela2_moveit' build argument 'cmake_force_configure' from command line to 'False'
[0.822s] Level 5:colcon.colcon_core.verb:set package 'ela2_moveit' build argument 'ament_cmake_args' from command line to 'None'
[0.822s] Level 5:colcon.colcon_core.verb:set package 'ela2_moveit' build argument 'catkin_cmake_args' from command line to 'None'
[0.822s] Level 5:colcon.colcon_core.verb:set package 'ela2_moveit' build argument 'catkin_skip_building_tests' from command line to 'False'
[0.822s] DEBUG:colcon.colcon_core.verb:Building package 'ela2_moveit' with the following arguments: {'ament_cmake_args': None, 'build_base': '/home/ela2/ros2_ws_arms/build/ela2_moveit', 'catkin_cmake_args': None, 'catkin_skip_building_tests': False, 'cmake_args': None, 'cmake_clean_cache': False, 'cmake_clean_first': False, 'cmake_force_configure': False, 'cmake_target': None, 'cmake_target_skip_unavailable': False, 'install_base': '/home/ela2/ros2_ws_arms/install/ela2_moveit', 'merge_install': False, 'path': '/home/ela2/ros2_ws_arms/src/ela2_moveit', 'symlink_install': False, 'test_result_base': None}
[0.823s] Level 5:colcon.colcon_core.verb:set package 'ela2_py_arms' build argument 'cmake_args' from command line to 'None'
[0.823s] Level 5:colcon.colcon_core.verb:set package 'ela2_py_arms' build argument 'cmake_target' from command line to 'None'
[0.823s] Level 5:colcon.colcon_core.verb:set package 'ela2_py_arms' build argument 'cmake_target_skip_unavailable' from command line to 'False'
[0.823s] Level 5:colcon.colcon_core.verb:set package 'ela2_py_arms' build argument 'cmake_clean_cache' from command line to 'False'
[0.823s] Level 5:colcon.colcon_core.verb:set package 'ela2_py_arms' build argument 'cmake_clean_first' from command line to 'False'
[0.823s] Level 5:colcon.colcon_core.verb:set package 'ela2_py_arms' build argument 'cmake_force_configure' from command line to 'False'
[0.823s] Level 5:colcon.colcon_core.verb:set package 'ela2_py_arms' build argument 'ament_cmake_args' from command line to 'None'
[0.823s] Level 5:colcon.colcon_core.verb:set package 'ela2_py_arms' build argument 'catkin_cmake_args' from command line to 'None'
[0.823s] Level 5:colcon.colcon_core.verb:set package 'ela2_py_arms' build argument 'catkin_skip_building_tests' from command line to 'False'
[0.823s] DEBUG:colcon.colcon_core.verb:Building package 'ela2_py_arms' with the following arguments: {'ament_cmake_args': None, 'build_base': '/home/ela2/ros2_ws_arms/build/ela2_py_arms', 'catkin_cmake_args': None, 'catkin_skip_building_tests': False, 'cmake_args': None, 'cmake_clean_cache': False, 'cmake_clean_first': False, 'cmake_force_configure': False, 'cmake_target': None, 'cmake_target_skip_unavailable': False, 'install_base': '/home/ela2/ros2_ws_arms/install/ela2_py_arms', 'merge_install': False, 'path': '/home/ela2/ros2_ws_arms/src/ela2_py_arms', 'symlink_install': False, 'test_result_base': None}
[0.824s] Level 5:colcon.colcon_core.verb:set package 'esp32_controller' build argument 'cmake_args' from command line to 'None'
[0.824s] Level 5:colcon.colcon_core.verb:set package 'esp32_controller' build argument 'cmake_target' from command line to 'None'
[0.824s] Level 5:colcon.colcon_core.verb:set package 'esp32_controller' build argument 'cmake_target_skip_unavailable' from command line to 'False'
[0.824s] Level 5:colcon.colcon_core.verb:set package 'esp32_controller' build argument 'cmake_clean_cache' from command line to 'False'
[0.824s] Level 5:colcon.colcon_core.verb:set package 'esp32_controller' build argument 'cmake_clean_first' from command line to 'False'
[0.824s] Level 5:colcon.colcon_core.verb:set package 'esp32_controller' build argument 'cmake_force_configure' from command line to 'False'
[0.824s] Level 5:colcon.colcon_core.verb:set package 'esp32_controller' build argument 'ament_cmake_args' from command line to 'None'
[0.824s] Level 5:colcon.colcon_core.verb:set package 'esp32_controller' build argument 'catkin_cmake_args' from command line to 'None'
[0.824s] Level 5:colcon.colcon_core.verb:set package 'esp32_controller' build argument 'catkin_skip_building_tests' from command line to 'False'
[0.824s] DEBUG:colcon.colcon_core.verb:Building package 'esp32_controller' with the following arguments: {'ament_cmake_args': None, 'build_base': '/home/ela2/ros2_ws_arms/build/esp32_controller', 'catkin_cmake_args': None, 'catkin_skip_building_tests': False, 'cmake_args': None, 'cmake_clean_cache': False, 'cmake_clean_first': False, 'cmake_force_configure': False, 'cmake_target': None, 'cmake_target_skip_unavailable': False, 'install_base': '/home/ela2/ros2_ws_arms/install/esp32_controller', 'merge_install': False, 'path': '/home/ela2/ros2_ws_arms/src/esp32_controller', 'symlink_install': False, 'test_result_base': None}
[0.825s] INFO:colcon.colcon_core.executor:Executing jobs using 'parallel' executor
[0.827s] DEBUG:colcon.colcon_parallel_executor.executor.parallel:run_until_complete
[0.828s] INFO:colcon.colcon_ros.task.ament_cmake.build:Building ROS package in '/home/ela2/ros2_ws_arms/src/ela2_arms' with build type 'ament_cmake'
[0.828s] INFO:colcon.colcon_cmake.task.cmake.build:Building CMake package in '/home/ela2/ros2_ws_arms/src/ela2_arms'
[0.833s] INFO:colcon.colcon_core.plugin_system:Skipping extension 'colcon_core.shell.bat': Not used on non-Windows systems
[0.833s] INFO:colcon.colcon_core.shell:Skip shell extension 'powershell' for command environment: Not usable outside of PowerShell
[0.833s] DEBUG:colcon.colcon_core.shell:Skip shell extension 'dsv' for command environment
[0.845s] INFO:colcon.colcon_ros.task.ament_cmake.build:Building ROS package in '/home/ela2/ros2_ws_arms/src/ela2_arms_controller' with build type 'ament_cmake'
[0.845s] INFO:colcon.colcon_cmake.task.cmake.build:Building CMake package in '/home/ela2/ros2_ws_arms/src/ela2_arms_controller'
[0.846s] INFO:colcon.colcon_core.shell:Skip shell extension 'powershell' for command environment: Not usable outside of PowerShell
[0.846s] DEBUG:colcon.colcon_core.shell:Skip shell extension 'dsv' for command environment
[0.856s] INFO:colcon.colcon_ros.task.ament_cmake.build:Building ROS package in '/home/ela2/ros2_ws_arms/src/ela2_cpp_arms' with build type 'ament_cmake'
[0.856s] INFO:colcon.colcon_cmake.task.cmake.build:Building CMake package in '/home/ela2/ros2_ws_arms/src/ela2_cpp_arms'
[0.857s] INFO:colcon.colcon_core.shell:Skip shell extension 'powershell' for command environment: Not usable outside of PowerShell
[0.857s] DEBUG:colcon.colcon_core.shell:Skip shell extension 'dsv' for command environment
[0.867s] INFO:colcon.colcon_ros.task.ament_cmake.build:Building ROS package in '/home/ela2/ros2_ws_arms/src/ela2_moveit' with build type 'ament_cmake'
[0.867s] INFO:colcon.colcon_cmake.task.cmake.build:Building CMake package in '/home/ela2/ros2_ws_arms/src/ela2_moveit'
[0.867s] INFO:colcon.colcon_core.shell:Skip shell extension 'powershell' for command environment: Not usable outside of PowerShell
[0.868s] DEBUG:colcon.colcon_core.shell:Skip shell extension 'dsv' for command environment
[0.877s] INFO:colcon.colcon_ros.task.ament_python.build:Building ROS package in '/home/ela2/ros2_ws_arms/src/ela2_py_arms' with build type 'ament_python'
[0.877s] Level 1:colcon.colcon_core.shell:create_environment_hook('ela2_py_arms', 'ament_prefix_path')
[0.878s] INFO:colcon.colcon_core.shell:Creating environment hook '/home/ela2/ros2_ws_arms/install/ela2_py_arms/share/ela2_py_arms/hook/ament_prefix_path.ps1'
[0.879s] INFO:colcon.colcon_core.shell:Creating environment descriptor '/home/ela2/ros2_ws_arms/install/ela2_py_arms/share/ela2_py_arms/hook/ament_prefix_path.dsv'
[0.880s] INFO:colcon.colcon_core.shell:Creating environment hook '/home/ela2/ros2_ws_arms/install/ela2_py_arms/share/ela2_py_arms/hook/ament_prefix_path.sh'
[0.882s] INFO:colcon.colcon_core.shell:Skip shell extension 'powershell' for command environment: Not usable outside of PowerShell
[0.882s] DEBUG:colcon.colcon_core.shell:Skip shell extension 'dsv' for command environment
[0.891s] INFO:colcon.colcon_ros.task.ament_python.build:Building ROS package in '/home/ela2/ros2_ws_arms/src/esp32_controller' with build type 'ament_python'
[0.892s] Level 1:colcon.colcon_core.shell:create_environment_hook('esp32_controller', 'ament_prefix_path')
[0.892s] INFO:colcon.colcon_core.shell:Creating environment hook '/home/ela2/ros2_ws_arms/install/esp32_controller/share/esp32_controller/hook/ament_prefix_path.ps1'
[0.893s] INFO:colcon.colcon_core.shell:Creating environment descriptor '/home/ela2/ros2_ws_arms/install/esp32_controller/share/esp32_controller/hook/ament_prefix_path.dsv'
[0.894s] INFO:colcon.colcon_core.shell:Creating environment hook '/home/ela2/ros2_ws_arms/install/esp32_controller/share/esp32_controller/hook/ament_prefix_path.sh'
[0.895s] INFO:colcon.colcon_core.shell:Skip shell extension 'powershell' for command environment: Not usable outside of PowerShell
[0.895s] DEBUG:colcon.colcon_core.shell:Skip shell extension 'dsv' for command environment
[0.914s] DEBUG:colcon.colcon_core.event_handler.log_command:Invoking command in '/home/ela2/ros2_ws_arms/build/ela2_arms': CMAKE_PREFIX_PATH=${CMAKE_PREFIX_PATH}:/home/ela2/ros2_ws_arms/install/esp32_controller:/home/ela2/ros2_ws_arms/install/ela2_py_arms:/home/ela2/ELA2.0_NAV/install/ella2_twist_converter:/home/ela2/ELA2.0_NAV/install/ella2_teleop:/home/ela2/ELA2.0_NAV/install/ella2_pose:/home/ela2/ELA2.0_NAV/install/ella2_gui:/opt/ros/humble /usr/bin/cmake --build /home/ela2/ros2_ws_arms/build/ela2_arms -- -j6 -l6
[0.923s] DEBUG:colcon.colcon_core.event_handler.log_command:Invoking command in '/home/ela2/ros2_ws_arms/build/ela2_arms_controller': CMAKE_PREFIX_PATH=${CMAKE_PREFIX_PATH}:/home/ela2/ros2_ws_arms/install/esp32_controller:/home/ela2/ros2_ws_arms/install/ela2_py_arms:/home/ela2/ELA2.0_NAV/install/ella2_twist_converter:/home/ela2/ELA2.0_NAV/install/ella2_teleop:/home/ela2/ELA2.0_NAV/install/ella2_pose:/home/ela2/ELA2.0_NAV/install/ella2_gui:/opt/ros/humble /usr/bin/cmake --build /home/ela2/ros2_ws_arms/build/ela2_arms_controller -- -j6 -l6
[0.929s] DEBUG:colcon.colcon_core.event_handler.log_command:Invoking command in '/home/ela2/ros2_ws_arms/build/ela2_cpp_arms': CMAKE_PREFIX_PATH=${CMAKE_PREFIX_PATH}:/home/ela2/ros2_ws_arms/install/esp32_controller:/home/ela2/ros2_ws_arms/install/ela2_py_arms:/home/ela2/ELA2.0_NAV/install/ella2_twist_converter:/home/ela2/ELA2.0_NAV/install/ella2_teleop:/home/ela2/ELA2.0_NAV/install/ella2_pose:/home/ela2/ELA2.0_NAV/install/ella2_gui:/opt/ros/humble /usr/bin/cmake --build /home/ela2/ros2_ws_arms/build/ela2_cpp_arms -- -j6 -l6
[0.939s] DEBUG:colcon.colcon_core.event_handler.log_command:Invoking command in '/home/ela2/ros2_ws_arms/build/ela2_moveit': CMAKE_PREFIX_PATH=${CMAKE_PREFIX_PATH}:/home/ela2/ros2_ws_arms/install/esp32_controller:/home/ela2/ros2_ws_arms/install/ela2_py_arms:/home/ela2/ELA2.0_NAV/install/ella2_twist_converter:/home/ela2/ELA2.0_NAV/install/ella2_teleop:/home/ela2/ELA2.0_NAV/install/ella2_pose:/home/ela2/ELA2.0_NAV/install/ella2_gui:/opt/ros/humble /usr/bin/cmake --build /home/ela2/ros2_ws_arms/build/ela2_moveit -- -j6 -l6
[1.499s] INFO:colcon.colcon_core.task.python.build:Building Python package in '/home/ela2/ros2_ws_arms/src/ela2_py_arms'
[1.499s] INFO:colcon.colcon_core.shell:Skip shell extension 'powershell' for command environment: Not usable outside of PowerShell
[1.499s] DEBUG:colcon.colcon_core.shell:Skip shell extension 'dsv' for command environment
[2.076s] INFO:colcon.colcon_core.task.python.build:Building Python package in '/home/ela2/ros2_ws_arms/src/esp32_controller'
[2.077s] INFO:colcon.colcon_core.shell:Skip shell extension 'powershell' for command environment: Not usable outside of PowerShell
[2.077s] DEBUG:colcon.colcon_core.shell:Skip shell extension 'dsv' for command environment
[2.100s] DEBUG:colcon.colcon_core.event_handler.log_command:Invoked command in '/home/ela2/ros2_ws_arms/build/ela2_arms' returned '0': CMAKE_PREFIX_PATH=${CMAKE_PREFIX_PATH}:/home/ela2/ros2_ws_arms/install/esp32_controller:/home/ela2/ros2_ws_arms/install/ela2_py_arms:/home/ela2/ELA2.0_NAV/install/ella2_twist_converter:/home/ela2/ELA2.0_NAV/install/ella2_teleop:/home/ela2/ELA2.0_NAV/install/ella2_pose:/home/ela2/ELA2.0_NAV/install/ella2_gui:/opt/ros/humble /usr/bin/cmake --build /home/ela2/ros2_ws_arms/build/ela2_arms -- -j6 -l6
[2.104s] DEBUG:colcon.colcon_core.event_handler.log_command:Invoked command in '/home/ela2/ros2_ws_arms/build/ela2_arms_controller' returned '0': CMAKE_PREFIX_PATH=${CMAKE_PREFIX_PATH}:/home/ela2/ros2_ws_arms/install/esp32_controller:/home/ela2/ros2_ws_arms/install/ela2_py_arms:/home/ela2/ELA2.0_NAV/install/ella2_twist_converter:/home/ela2/ELA2.0_NAV/install/ella2_teleop:/home/ela2/ELA2.0_NAV/install/ella2_pose:/home/ela2/ELA2.0_NAV/install/ella2_gui:/opt/ros/humble /usr/bin/cmake --build /home/ela2/ros2_ws_arms/build/ela2_arms_controller -- -j6 -l6
[2.107s] DEBUG:colcon.colcon_core.event_handler.log_command:Invoked command in '/home/ela2/ros2_ws_arms/build/ela2_moveit' returned '0': CMAKE_PREFIX_PATH=${CMAKE_PREFIX_PATH}:/home/ela2/ros2_ws_arms/install/esp32_controller:/home/ela2/ros2_ws_arms/install/ela2_py_arms:/home/ela2/ELA2.0_NAV/install/ella2_twist_converter:/home/ela2/ELA2.0_NAV/install/ella2_teleop:/home/ela2/ELA2.0_NAV/install/ella2_pose:/home/ela2/ELA2.0_NAV/install/ella2_gui:/opt/ros/humble /usr/bin/cmake --build /home/ela2/ros2_ws_arms/build/ela2_moveit -- -j6 -l6
[2.110s] DEBUG:colcon.colcon_core.event_handler.log_command:Invoked command in '/home/ela2/ros2_ws_arms/build/ela2_cpp_arms' returned '0': CMAKE_PREFIX_PATH=${CMAKE_PREFIX_PATH}:/home/ela2/ros2_ws_arms/install/esp32_controller:/home/ela2/ros2_ws_arms/install/ela2_py_arms:/home/ela2/ELA2.0_NAV/install/ella2_twist_converter:/home/ela2/ELA2.0_NAV/install/ella2_teleop:/home/ela2/ELA2.0_NAV/install/ella2_pose:/home/ela2/ELA2.0_NAV/install/ella2_gui:/opt/ros/humble /usr/bin/cmake --build /home/ela2/ros2_ws_arms/build/ela2_cpp_arms -- -j6 -l6
[2.175s] DEBUG:colcon.colcon_core.event_handler.log_command:Invoking command in '/home/ela2/ros2_ws_arms/build/ela2_arms_controller': CMAKE_PREFIX_PATH=${CMAKE_PREFIX_PATH}:/home/ela2/ros2_ws_arms/install/esp32_controller:/home/ela2/ros2_ws_arms/install/ela2_py_arms:/home/ela2/ELA2.0_NAV/install/ella2_twist_converter:/home/ela2/ELA2.0_NAV/install/ella2_teleop:/home/ela2/ELA2.0_NAV/install/ella2_pose:/home/ela2/ELA2.0_NAV/install/ella2_gui:/opt/ros/humble /usr/bin/cmake --install /home/ela2/ros2_ws_arms/build/ela2_arms_controller
[2.183s] DEBUG:colcon.colcon_core.event_handler.log_command:Invoking command in '/home/ela2/ros2_ws_arms/build/ela2_moveit': CMAKE_PREFIX_PATH=${CMAKE_PREFIX_PATH}:/home/ela2/ros2_ws_arms/install/esp32_controller:/home/ela2/ros2_ws_arms/install/ela2_py_arms:/home/ela2/ELA2.0_NAV/install/ella2_twist_converter:/home/ela2/ELA2.0_NAV/install/ella2_teleop:/home/ela2/ELA2.0_NAV/install/ella2_pose:/home/ela2/ELA2.0_NAV/install/ella2_gui:/opt/ros/humble /usr/bin/cmake --install /home/ela2/ros2_ws_arms/build/ela2_moveit
[2.189s] DEBUG:colcon.colcon_core.event_handler.log_command:Invoking command in '/home/ela2/ros2_ws_arms/build/ela2_cpp_arms': CMAKE_PREFIX_PATH=${CMAKE_PREFIX_PATH}:/home/ela2/ros2_ws_arms/install/esp32_controller:/home/ela2/ros2_ws_arms/install/ela2_py_arms:/home/ela2/ELA2.0_NAV/install/ella2_twist_converter:/home/ela2/ELA2.0_NAV/install/ella2_teleop:/home/ela2/ELA2.0_NAV/install/ella2_pose:/home/ela2/ELA2.0_NAV/install/ella2_gui:/opt/ros/humble /usr/bin/cmake --install /home/ela2/ros2_ws_arms/build/ela2_cpp_arms
[2.196s] DEBUG:colcon.colcon_core.event_handler.log_command:Invoking command in '/home/ela2/ros2_ws_arms/build/ela2_arms': CMAKE_PREFIX_PATH=${CMAKE_PREFIX_PATH}:/home/ela2/ros2_ws_arms/install/esp32_controller:/home/ela2/ros2_ws_arms/install/ela2_py_arms:/home/ela2/ELA2.0_NAV/install/ella2_twist_converter:/home/ela2/ELA2.0_NAV/install/ella2_teleop:/home/ela2/ELA2.0_NAV/install/ella2_pose:/home/ela2/ELA2.0_NAV/install/ella2_gui:/opt/ros/humble /usr/bin/cmake --install /home/ela2/ros2_ws_arms/build/ela2_arms
[2.205s] Level 1:colcon.colcon_core.environment:create_environment_scripts_only(ela2_arms_controller)
[2.207s] DEBUG:colcon.colcon_core.event_handler.log_command:Invoked command in '/home/ela2/ros2_ws_arms/build/ela2_arms_controller' returned '0': CMAKE_PREFIX_PATH=${CMAKE_PREFIX_PATH}:/home/ela2/ros2_ws_arms/install/esp32_controller:/home/ela2/ros2_ws_arms/install/ela2_py_arms:/home/ela2/ELA2.0_NAV/install/ella2_twist_converter:/home/ela2/ELA2.0_NAV/install/ella2_teleop:/home/ela2/ELA2.0_NAV/install/ella2_pose:/home/ela2/ELA2.0_NAV/install/ella2_gui:/opt/ros/humble /usr/bin/cmake --install /home/ela2/ros2_ws_arms/build/ela2_arms_controller
[2.222s] Level 1:colcon.colcon_core.environment:checking '/home/ela2/ros2_ws_arms/install/ela2_arms_controller' for CMake module files
[2.223s] Level 1:colcon.colcon_core.environment:checking '/home/ela2/ros2_ws_arms/install/ela2_arms_controller' for CMake config files
[2.229s] Level 1:colcon.colcon_core.shell:create_environment_hook('ela2_arms_controller', 'cmake_prefix_path')
[2.230s] INFO:colcon.colcon_core.shell:Creating environment hook '/home/ela2/ros2_ws_arms/install/ela2_arms_controller/share/ela2_arms_controller/hook/cmake_prefix_path.ps1'
[2.233s] INFO:colcon.colcon_core.shell:Creating environment descriptor '/home/ela2/ros2_ws_arms/install/ela2_arms_controller/share/ela2_arms_controller/hook/cmake_prefix_path.dsv'
[2.236s] INFO:colcon.colcon_core.shell:Creating environment hook '/home/ela2/ros2_ws_arms/install/ela2_arms_controller/share/ela2_arms_controller/hook/cmake_prefix_path.sh'
[2.239s] Level 1:colcon.colcon_core.environment:checking '/home/ela2/ros2_ws_arms/install/ela2_arms_controller/bin'
[2.239s] Level 1:colcon.colcon_core.environment:checking '/home/ela2/ros2_ws_arms/install/ela2_arms_controller/lib/pkgconfig/ela2_arms_controller.pc'
[2.240s] Level 1:colcon.colcon_core.environment:checking '/home/ela2/ros2_ws_arms/install/ela2_arms_controller/lib/python3.10/site-packages'
[2.241s] Level 1:colcon.colcon_core.environment:checking '/home/ela2/ros2_ws_arms/install/ela2_arms_controller/bin'
[2.242s] INFO:colcon.colcon_core.shell:Creating package script '/home/ela2/ros2_ws_arms/install/ela2_arms_controller/share/ela2_arms_controller/package.ps1'
[2.244s] INFO:colcon.colcon_core.shell:Creating package descriptor '/home/ela2/ros2_ws_arms/install/ela2_arms_controller/share/ela2_arms_controller/package.dsv'
[2.247s] INFO:colcon.colcon_core.shell:Creating package script '/home/ela2/ros2_ws_arms/install/ela2_arms_controller/share/ela2_arms_controller/package.sh'
[2.249s] INFO:colcon.colcon_core.shell:Creating package script '/home/ela2/ros2_ws_arms/install/ela2_arms_controller/share/ela2_arms_controller/package.bash'
[2.252s] INFO:colcon.colcon_core.shell:Creating package script '/home/ela2/ros2_ws_arms/install/ela2_arms_controller/share/ela2_arms_controller/package.zsh'
[2.253s] Level 1:colcon.colcon_core.environment:create_file_with_runtime_dependencies(/home/ela2/ros2_ws_arms/install/ela2_arms_controller/share/colcon-core/packages/ela2_arms_controller)
[2.259s] Level 1:colcon.colcon_core.environment:create_environment_scripts_only(ela2_moveit)
[2.260s] Level 1:colcon.colcon_core.environment:checking '/home/ela2/ros2_ws_arms/install/ela2_moveit' for CMake module files
[2.261s] DEBUG:colcon.colcon_core.event_handler.log_command:Invoked command in '/home/ela2/ros2_ws_arms/build/ela2_moveit' returned '0': CMAKE_PREFIX_PATH=${CMAKE_PREFIX_PATH}:/home/ela2/ros2_ws_arms/install/esp32_controller:/home/ela2/ros2_ws_arms/install/ela2_py_arms:/home/ela2/ELA2.0_NAV/install/ella2_twist_converter:/home/ela2/ELA2.0_NAV/install/ella2_teleop:/home/ela2/ELA2.0_NAV/install/ella2_pose:/home/ela2/ELA2.0_NAV/install/ella2_gui:/opt/ros/humble /usr/bin/cmake --install /home/ela2/ros2_ws_arms/build/ela2_moveit
[2.262s] Level 1:colcon.colcon_core.environment:checking '/home/ela2/ros2_ws_arms/install/ela2_moveit' for CMake config files
[2.263s] Level 1:colcon.colcon_core.shell:create_environment_hook('ela2_moveit', 'cmake_prefix_path')
[2.263s] INFO:colcon.colcon_core.shell:Creating environment hook '/home/ela2/ros2_ws_arms/install/ela2_moveit/share/ela2_moveit/hook/cmake_prefix_path.ps1'
[2.264s] INFO:colcon.colcon_core.shell:Creating environment descriptor '/home/ela2/ros2_ws_arms/install/ela2_moveit/share/ela2_moveit/hook/cmake_prefix_path.dsv'
[2.265s] INFO:colcon.colcon_core.shell:Creating environment hook '/home/ela2/ros2_ws_arms/install/ela2_moveit/share/ela2_moveit/hook/cmake_prefix_path.sh'
[2.267s] Level 1:colcon.colcon_core.environment:checking '/home/ela2/ros2_ws_arms/install/ela2_moveit/bin'
[2.267s] Level 1:colcon.colcon_core.environment:checking '/home/ela2/ros2_ws_arms/install/ela2_moveit/lib/pkgconfig/ela2_moveit.pc'
[2.268s] Level 1:colcon.colcon_core.environment:checking '/home/ela2/ros2_ws_arms/install/ela2_moveit/lib/python3.10/site-packages'
[2.269s] Level 1:colcon.colcon_core.environment:checking '/home/ela2/ros2_ws_arms/install/ela2_moveit/bin'
[2.269s] INFO:colcon.colcon_core.shell:Creating package script '/home/ela2/ros2_ws_arms/install/ela2_moveit/share/ela2_moveit/package.ps1'
[2.271s] INFO:colcon.colcon_core.shell:Creating package descriptor '/home/ela2/ros2_ws_arms/install/ela2_moveit/share/ela2_moveit/package.dsv'
[2.272s] INFO:colcon.colcon_core.shell:Creating package script '/home/ela2/ros2_ws_arms/install/ela2_moveit/share/ela2_moveit/package.sh'
[2.273s] INFO:colcon.colcon_core.shell:Creating package script '/home/ela2/ros2_ws_arms/install/ela2_moveit/share/ela2_moveit/package.bash'
[2.274s] INFO:colcon.colcon_core.shell:Creating package script '/home/ela2/ros2_ws_arms/install/ela2_moveit/share/ela2_moveit/package.zsh'
[2.275s] Level 1:colcon.colcon_core.environment:create_file_with_runtime_dependencies(/home/ela2/ros2_ws_arms/install/ela2_moveit/share/colcon-core/packages/ela2_moveit)
[2.278s] Level 1:colcon.colcon_core.environment:create_environment_scripts_only(ela2_cpp_arms)
[2.279s] Level 1:colcon.colcon_core.environment:checking '/home/ela2/ros2_ws_arms/install/ela2_cpp_arms' for CMake module files
[2.280s] DEBUG:colcon.colcon_core.event_handler.log_command:Invoked command in '/home/ela2/ros2_ws_arms/build/ela2_cpp_arms' returned '0': CMAKE_PREFIX_PATH=${CMAKE_PREFIX_PATH}:/home/ela2/ros2_ws_arms/install/esp32_controller:/home/ela2/ros2_ws_arms/install/ela2_py_arms:/home/ela2/ELA2.0_NAV/install/ella2_twist_converter:/home/ela2/ELA2.0_NAV/install/ella2_teleop:/home/ela2/ELA2.0_NAV/install/ella2_pose:/home/ela2/ELA2.0_NAV/install/ella2_gui:/opt/ros/humble /usr/bin/cmake --install /home/ela2/ros2_ws_arms/build/ela2_cpp_arms
[2.281s] Level 1:colcon.colcon_core.environment:checking '/home/ela2/ros2_ws_arms/install/ela2_cpp_arms' for CMake config files
[2.282s] Level 1:colcon.colcon_core.shell:create_environment_hook('ela2_cpp_arms', 'cmake_prefix_path')
[2.282s] INFO:colcon.colcon_core.shell:Creating environment hook '/home/ela2/ros2_ws_arms/install/ela2_cpp_arms/share/ela2_cpp_arms/hook/cmake_prefix_path.ps1'
[2.284s] INFO:colcon.colcon_core.shell:Creating environment descriptor '/home/ela2/ros2_ws_arms/install/ela2_cpp_arms/share/ela2_cpp_arms/hook/cmake_prefix_path.dsv'
[2.285s] INFO:colcon.colcon_core.shell:Creating environment hook '/home/ela2/ros2_ws_arms/install/ela2_cpp_arms/share/ela2_cpp_arms/hook/cmake_prefix_path.sh'
[2.287s] Level 1:colcon.colcon_core.environment:checking '/home/ela2/ros2_ws_arms/install/ela2_cpp_arms/bin'
[2.287s] Level 1:colcon.colcon_core.environment:checking '/home/ela2/ros2_ws_arms/install/ela2_cpp_arms/lib/pkgconfig/ela2_cpp_arms.pc'
[2.287s] Level 1:colcon.colcon_core.environment:checking '/home/ela2/ros2_ws_arms/install/ela2_cpp_arms/lib/python3.10/site-packages'
[2.288s] Level 1:colcon.colcon_core.environment:checking '/home/ela2/ros2_ws_arms/install/ela2_cpp_arms/bin'
[2.289s] INFO:colcon.colcon_core.shell:Creating package script '/home/ela2/ros2_ws_arms/install/ela2_cpp_arms/share/ela2_cpp_arms/package.ps1'
[2.290s] INFO:colcon.colcon_core.shell:Creating package descriptor '/home/ela2/ros2_ws_arms/install/ela2_cpp_arms/share/ela2_cpp_arms/package.dsv'
[2.291s] INFO:colcon.colcon_core.shell:Creating package script '/home/ela2/ros2_ws_arms/install/ela2_cpp_arms/share/ela2_cpp_arms/package.sh'
[2.291s] INFO:colcon.colcon_core.shell:Creating package script '/home/ela2/ros2_ws_arms/install/ela2_cpp_arms/share/ela2_cpp_arms/package.bash'
[2.292s] INFO:colcon.colcon_core.shell:Creating package script '/home/ela2/ros2_ws_arms/install/ela2_cpp_arms/share/ela2_cpp_arms/package.zsh'
[2.293s] Level 1:colcon.colcon_core.environment:create_file_with_runtime_dependencies(/home/ela2/ros2_ws_arms/install/ela2_cpp_arms/share/colcon-core/packages/ela2_cpp_arms)
[2.297s] Level 1:colcon.colcon_core.environment:create_environment_scripts_only(ela2_arms)
[2.298s] Level 1:colcon.colcon_core.environment:checking '/home/ela2/ros2_ws_arms/install/ela2_arms' for CMake module files
[2.299s] DEBUG:colcon.colcon_core.event_handler.log_command:Invoked command in '/home/ela2/ros2_ws_arms/build/ela2_arms' returned '0': CMAKE_PREFIX_PATH=${CMAKE_PREFIX_PATH}:/home/ela2/ros2_ws_arms/install/esp32_controller:/home/ela2/ros2_ws_arms/install/ela2_py_arms:/home/ela2/ELA2.0_NAV/install/ella2_twist_converter:/home/ela2/ELA2.0_NAV/install/ella2_teleop:/home/ela2/ELA2.0_NAV/install/ella2_pose:/home/ela2/ELA2.0_NAV/install/ella2_gui:/opt/ros/humble /usr/bin/cmake --install /home/ela2/ros2_ws_arms/build/ela2_arms
[2.300s] Level 1:colcon.colcon_core.environment:checking '/home/ela2/ros2_ws_arms/install/ela2_arms' for CMake config files
[2.301s] Level 1:colcon.colcon_core.shell:create_environment_hook('ela2_arms', 'cmake_prefix_path')
[2.302s] INFO:colcon.colcon_core.shell:Creating environment hook '/home/ela2/ros2_ws_arms/install/ela2_arms/share/ela2_arms/hook/cmake_prefix_path.ps1'
[2.303s] INFO:colcon.colcon_core.shell:Creating environment descriptor '/home/ela2/ros2_ws_arms/install/ela2_arms/share/ela2_arms/hook/cmake_prefix_path.dsv'
[2.304s] INFO:colcon.colcon_core.shell:Creating environment hook '/home/ela2/ros2_ws_arms/install/ela2_arms/share/ela2_arms/hook/cmake_prefix_path.sh'
[2.306s] Level 1:colcon.colcon_core.environment:checking '/home/ela2/ros2_ws_arms/install/ela2_arms/bin'
[2.306s] Level 1:colcon.colcon_core.environment:checking '/home/ela2/ros2_ws_arms/install/ela2_arms/lib/pkgconfig/ela2_arms.pc'
[2.307s] Level 1:colcon.colcon_core.environment:checking '/home/ela2/ros2_ws_arms/install/ela2_arms/lib/python3.10/site-packages'
[2.307s] Level 1:colcon.colcon_core.environment:checking '/home/ela2/ros2_ws_arms/install/ela2_arms/bin'
[2.308s] INFO:colcon.colcon_core.shell:Creating package script '/home/ela2/ros2_ws_arms/install/ela2_arms/share/ela2_arms/package.ps1'
[2.309s] INFO:colcon.colcon_core.shell:Creating package descriptor '/home/ela2/ros2_ws_arms/install/ela2_arms/share/ela2_arms/package.dsv'
[2.311s] INFO:colcon.colcon_core.shell:Creating package script '/home/ela2/ros2_ws_arms/install/ela2_arms/share/ela2_arms/package.sh'
[2.312s] INFO:colcon.colcon_core.shell:Creating package script '/home/ela2/ros2_ws_arms/install/ela2_arms/share/ela2_arms/package.bash'
[2.313s] INFO:colcon.colcon_core.shell:Creating package script '/home/ela2/ros2_ws_arms/install/ela2_arms/share/ela2_arms/package.zsh'
[2.314s] Level 1:colcon.colcon_core.environment:create_file_with_runtime_dependencies(/home/ela2/ros2_ws_arms/install/ela2_arms/share/colcon-core/packages/ela2_arms)
[2.322s] Level 1:colcon.colcon_core.environment:create_environment_scripts_only(ela2_arms_controller)
[2.323s] Level 1:colcon.colcon_core.environment:checking '/home/ela2/ros2_ws_arms/install/ela2_arms_controller' for CMake module files
[2.324s] Level 1:colcon.colcon_core.environment:checking '/home/ela2/ros2_ws_arms/install/ela2_arms_controller' for CMake config files
[2.325s] Level 1:colcon.colcon_core.shell:create_environment_hook('ela2_arms_controller', 'cmake_prefix_path')
[2.325s] INFO:colcon.colcon_core.shell:Creating environment hook '/home/ela2/ros2_ws_arms/install/ela2_arms_controller/share/ela2_arms_controller/hook/cmake_prefix_path.ps1'
[2.326s] INFO:colcon.colcon_core.shell:Creating environment descriptor '/home/ela2/ros2_ws_arms/install/ela2_arms_controller/share/ela2_arms_controller/hook/cmake_prefix_path.dsv'
[2.327s] INFO:colcon.colcon_core.shell:Creating environment hook '/home/ela2/ros2_ws_arms/install/ela2_arms_controller/share/ela2_arms_controller/hook/cmake_prefix_path.sh'
[2.329s] Level 1:colcon.colcon_core.environment:checking '/home/ela2/ros2_ws_arms/install/ela2_arms_controller/bin'
[2.329s] Level 1:colcon.colcon_core.environment:checking '/home/ela2/ros2_ws_arms/install/ela2_arms_controller/lib/pkgconfig/ela2_arms_controller.pc'
[2.329s] Level 1:colcon.colcon_core.environment:checking '/home/ela2/ros2_ws_arms/install/ela2_arms_controller/lib/python3.10/site-packages'
[2.330s] Level 1:colcon.colcon_core.environment:checking '/home/ela2/ros2_ws_arms/install/ela2_arms_controller/bin'
[2.335s] INFO:colcon.colcon_core.shell:Creating package script '/home/ela2/ros2_ws_arms/install/ela2_arms_controller/share/ela2_arms_controller/package.ps1'
[2.337s] INFO:colcon.colcon_core.shell:Creating package descriptor '/home/ela2/ros2_ws_arms/install/ela2_arms_controller/share/ela2_arms_controller/package.dsv'
[2.339s] INFO:colcon.colcon_core.shell:Creating package script '/home/ela2/ros2_ws_arms/install/ela2_arms_controller/share/ela2_arms_controller/package.sh'
[2.342s] INFO:colcon.colcon_core.shell:Creating package script '/home/ela2/ros2_ws_arms/install/ela2_arms_controller/share/ela2_arms_controller/package.bash'
[2.343s] INFO:colcon.colcon_core.shell:Creating package script '/home/ela2/ros2_ws_arms/install/ela2_arms_controller/share/ela2_arms_controller/package.zsh'
[2.344s] Level 1:colcon.colcon_core.environment:create_file_with_runtime_dependencies(/home/ela2/ros2_ws_arms/install/ela2_arms_controller/share/colcon-core/packages/ela2_arms_controller)
[2.347s] Level 1:colcon.colcon_core.environment:create_environment_scripts_only(ela2_cpp_arms)
[2.348s] Level 1:colcon.colcon_core.environment:checking '/home/ela2/ros2_ws_arms/install/ela2_cpp_arms' for CMake module files
[2.349s] Level 1:colcon.colcon_core.environment:checking '/home/ela2/ros2_ws_arms/install/ela2_cpp_arms' for CMake config files
[2.350s] Level 1:colcon.colcon_core.shell:create_environment_hook('ela2_cpp_arms', 'cmake_prefix_path')
[2.350s] INFO:colcon.colcon_core.shell:Creating environment hook '/home/ela2/ros2_ws_arms/install/ela2_cpp_arms/share/ela2_cpp_arms/hook/cmake_prefix_path.ps1'
[2.351s] INFO:colcon.colcon_core.shell:Creating environment descriptor '/home/ela2/ros2_ws_arms/install/ela2_cpp_arms/share/ela2_cpp_arms/hook/cmake_prefix_path.dsv'
[2.352s] INFO:colcon.colcon_core.shell:Creating environment hook '/home/ela2/ros2_ws_arms/install/ela2_cpp_arms/share/ela2_cpp_arms/hook/cmake_prefix_path.sh'
[2.353s] Level 1:colcon.colcon_core.environment:checking '/home/ela2/ros2_ws_arms/install/ela2_cpp_arms/bin'
[2.353s] Level 1:colcon.colcon_core.environment:checking '/home/ela2/ros2_ws_arms/install/ela2_cpp_arms/lib/pkgconfig/ela2_cpp_arms.pc'
[2.354s] Level 1:colcon.colcon_core.environment:checking '/home/ela2/ros2_ws_arms/install/ela2_cpp_arms/lib/python3.10/site-packages'
[2.354s] Level 1:colcon.colcon_core.environment:checking '/home/ela2/ros2_ws_arms/install/ela2_cpp_arms/bin'
[2.355s] INFO:colcon.colcon_core.shell:Creating package script '/home/ela2/ros2_ws_arms/install/ela2_cpp_arms/share/ela2_cpp_arms/package.ps1'
[2.356s] INFO:colcon.colcon_core.shell:Creating package descriptor '/home/ela2/ros2_ws_arms/install/ela2_cpp_arms/share/ela2_cpp_arms/package.dsv'
[2.357s] INFO:colcon.colcon_core.shell:Creating package script '/home/ela2/ros2_ws_arms/install/ela2_cpp_arms/share/ela2_cpp_arms/package.sh'
[2.358s] INFO:colcon.colcon_core.shell:Creating package script '/home/ela2/ros2_ws_arms/install/ela2_cpp_arms/share/ela2_cpp_arms/package.bash'
[2.358s] INFO:colcon.colcon_core.shell:Creating package script '/home/ela2/ros2_ws_arms/install/ela2_cpp_arms/share/ela2_cpp_arms/package.zsh'
[2.359s] Level 1:colcon.colcon_core.environment:create_file_with_runtime_dependencies(/home/ela2/ros2_ws_arms/install/ela2_cpp_arms/share/colcon-core/packages/ela2_cpp_arms)
[2.360s] Level 1:colcon.colcon_core.environment:create_environment_scripts_only(ela2_moveit)
[2.361s] Level 1:colcon.colcon_core.environment:checking '/home/ela2/ros2_ws_arms/install/ela2_moveit' for CMake module files
[2.363s] Level 1:colcon.colcon_core.environment:checking '/home/ela2/ros2_ws_arms/install/ela2_moveit' for CMake config files
[2.363s] Level 1:colcon.colcon_core.shell:create_environment_hook('ela2_moveit', 'cmake_prefix_path')
[2.364s] INFO:colcon.colcon_core.shell:Creating environment hook '/home/ela2/ros2_ws_arms/install/ela2_moveit/share/ela2_moveit/hook/cmake_prefix_path.ps1'
[2.365s] INFO:colcon.colcon_core.shell:Creating environment descriptor '/home/ela2/ros2_ws_arms/install/ela2_moveit/share/ela2_moveit/hook/cmake_prefix_path.dsv'
[2.366s] INFO:colcon.colcon_core.shell:Creating environment hook '/home/ela2/ros2_ws_arms/install/ela2_moveit/share/ela2_moveit/hook/cmake_prefix_path.sh'
[2.367s] Level 1:colcon.colcon_core.environment:checking '/home/ela2/ros2_ws_arms/install/ela2_moveit/bin'
[2.367s] Level 1:colcon.colcon_core.environment:checking '/home/ela2/ros2_ws_arms/install/ela2_moveit/lib/pkgconfig/ela2_moveit.pc'
[2.368s] Level 1:colcon.colcon_core.environment:checking '/home/ela2/ros2_ws_arms/install/ela2_moveit/lib/python3.10/site-packages'
[2.368s] Level 1:colcon.colcon_core.environment:checking '/home/ela2/ros2_ws_arms/install/ela2_moveit/bin'
[2.369s] INFO:colcon.colcon_core.shell:Creating package script '/home/ela2/ros2_ws_arms/install/ela2_moveit/share/ela2_moveit/package.ps1'
[2.370s] INFO:colcon.colcon_core.shell:Creating package descriptor '/home/ela2/ros2_ws_arms/install/ela2_moveit/share/ela2_moveit/package.dsv'
[2.371s] INFO:colcon.colcon_core.shell:Creating package script '/home/ela2/ros2_ws_arms/install/ela2_moveit/share/ela2_moveit/package.sh'
[2.372s] INFO:colcon.colcon_core.shell:Creating package script '/home/ela2/ros2_ws_arms/install/ela2_moveit/share/ela2_moveit/package.bash'
[2.373s] INFO:colcon.colcon_core.shell:Creating package script '/home/ela2/ros2_ws_arms/install/ela2_moveit/share/ela2_moveit/package.zsh'
[2.373s] Level 1:colcon.colcon_core.environment:create_file_with_runtime_dependencies(/home/ela2/ros2_ws_arms/install/ela2_moveit/share/colcon-core/packages/ela2_moveit)
[2.377s] Level 1:colcon.colcon_core.environment:create_environment_scripts_only(ela2_arms)
[2.378s] Level 1:colcon.colcon_core.environment:checking '/home/ela2/ros2_ws_arms/install/ela2_arms' for CMake module files
[2.379s] Level 1:colcon.colcon_core.environment:checking '/home/ela2/ros2_ws_arms/install/ela2_arms' for CMake config files
[2.379s] Level 1:colcon.colcon_core.shell:create_environment_hook('ela2_arms', 'cmake_prefix_path')
[2.380s] INFO:colcon.colcon_core.shell:Creating environment hook '/home/ela2/ros2_ws_arms/install/ela2_arms/share/ela2_arms/hook/cmake_prefix_path.ps1'
[2.381s] INFO:colcon.colcon_core.shell:Creating environment descriptor '/home/ela2/ros2_ws_arms/install/ela2_arms/share/ela2_arms/hook/cmake_prefix_path.dsv'
[2.382s] INFO:colcon.colcon_core.shell:Creating environment hook '/home/ela2/ros2_ws_arms/install/ela2_arms/share/ela2_arms/hook/cmake_prefix_path.sh'
[2.383s] Level 1:colcon.colcon_core.environment:checking '/home/ela2/ros2_ws_arms/install/ela2_arms/bin'
[2.383s] Level 1:colcon.colcon_core.environment:checking '/home/ela2/ros2_ws_arms/install/ela2_arms/lib/pkgconfig/ela2_arms.pc'
[2.384s] Level 1:colcon.colcon_core.environment:checking '/home/ela2/ros2_ws_arms/install/ela2_arms/lib/python3.10/site-packages'
[2.384s] Level 1:colcon.colcon_core.environment:checking '/home/ela2/ros2_ws_arms/install/ela2_arms/bin'
[2.385s] INFO:colcon.colcon_core.shell:Creating package script '/home/ela2/ros2_ws_arms/install/ela2_arms/share/ela2_arms/package.ps1'
[2.386s] INFO:colcon.colcon_core.shell:Creating package descriptor '/home/ela2/ros2_ws_arms/install/ela2_arms/share/ela2_arms/package.dsv'
[2.387s] INFO:colcon.colcon_core.shell:Creating package script '/home/ela2/ros2_ws_arms/install/ela2_arms/share/ela2_arms/package.sh'
[2.388s] INFO:colcon.colcon_core.shell:Creating package script '/home/ela2/ros2_ws_arms/install/ela2_arms/share/ela2_arms/package.bash'
[2.389s] INFO:colcon.colcon_core.shell:Creating package script '/home/ela2/ros2_ws_arms/install/ela2_arms/share/ela2_arms/package.zsh'
[2.390s] Level 1:colcon.colcon_core.environment:create_file_with_runtime_dependencies(/home/ela2/ros2_ws_arms/install/ela2_arms/share/colcon-core/packages/ela2_arms)
[2.910s] DEBUG:colcon.colcon_core.event_handler.log_command:Invoking command in '/home/ela2/ros2_ws_arms/src/esp32_controller': PYTHONPATH=/home/ela2/ros2_ws_arms/build/esp32_controller/prefix_override:/home/ela2/ros2_ws_arms/install/esp32_controller/lib/python3.10/site-packages:${PYTHONPATH} /usr/bin/python3 -W ignore:setup.py install is deprecated setup.py egg_info --egg-base ../../build/esp32_controller build --build-base /home/ela2/ros2_ws_arms/build/esp32_controller/build install --record /home/ela2/ros2_ws_arms/build/esp32_controller/install.log --single-version-externally-managed install_data
[2.943s] DEBUG:colcon.colcon_core.event_handler.log_command:Invoking command in '/home/ela2/ros2_ws_arms/src/ela2_py_arms': PYTHONPATH=/home/ela2/ros2_ws_arms/build/ela2_py_arms/prefix_override:/home/ela2/ros2_ws_arms/install/ela2_py_arms/lib/python3.10/site-packages:${PYTHONPATH} /usr/bin/python3 -W ignore:setup.py install is deprecated setup.py egg_info --egg-base ../../build/ela2_py_arms build --build-base /home/ela2/ros2_ws_arms/build/ela2_py_arms/build install --record /home/ela2/ros2_ws_arms/build/ela2_py_arms/install.log --single-version-externally-managed install_data
[3.553s] Level 1:colcon.colcon_core.environment:checking '/home/ela2/ros2_ws_arms/install/esp32_controller' for CMake module files
[3.556s] DEBUG:colcon.colcon_core.event_handler.log_command:Invoked command in '/home/ela2/ros2_ws_arms/src/esp32_controller' returned '0': PYTHONPATH=/home/ela2/ros2_ws_arms/build/esp32_controller/prefix_override:/home/ela2/ros2_ws_arms/install/esp32_controller/lib/python3.10/site-packages:${PYTHONPATH} /usr/bin/python3 -W ignore:setup.py install is deprecated setup.py egg_info --egg-base ../../build/esp32_controller build --build-base /home/ela2/ros2_ws_arms/build/esp32_controller/build install --record /home/ela2/ros2_ws_arms/build/esp32_controller/install.log --single-version-externally-managed install_data
[3.557s] Level 1:colcon.colcon_core.environment:checking '/home/ela2/ros2_ws_arms/install/esp32_controller' for CMake config files
[3.559s] Level 1:colcon.colcon_core.environment:checking '/home/ela2/ros2_ws_arms/install/esp32_controller/lib'
[3.560s] Level 1:colcon.colcon_core.environment:checking '/home/ela2/ros2_ws_arms/install/esp32_controller/bin'
[3.560s] Level 1:colcon.colcon_core.environment:checking '/home/ela2/ros2_ws_arms/install/esp32_controller/lib/pkgconfig/esp32_controller.pc'
[3.561s] Level 1:colcon.colcon_core.environment:checking '/home/ela2/ros2_ws_arms/install/esp32_controller/lib/python3.10/site-packages'
[3.561s] Level 1:colcon.colcon_core.shell:create_environment_hook('esp32_controller', 'pythonpath')
[3.562s] INFO:colcon.colcon_core.shell:Creating environment hook '/home/ela2/ros2_ws_arms/install/esp32_controller/share/esp32_controller/hook/pythonpath.ps1'
[3.563s] INFO:colcon.colcon_core.shell:Creating environment descriptor '/home/ela2/ros2_ws_arms/install/esp32_controller/share/esp32_controller/hook/pythonpath.dsv'
[3.565s] INFO:colcon.colcon_core.shell:Creating environment hook '/home/ela2/ros2_ws_arms/install/esp32_controller/share/esp32_controller/hook/pythonpath.sh'
[3.567s] Level 1:colcon.colcon_core.environment:checking '/home/ela2/ros2_ws_arms/install/esp32_controller/bin'
[3.567s] Level 1:colcon.colcon_core.environment:create_environment_scripts_only(esp32_controller)
[3.568s] INFO:colcon.colcon_core.shell:Creating package script '/home/ela2/ros2_ws_arms/install/esp32_controller/share/esp32_controller/package.ps1'
[3.569s] INFO:colcon.colcon_core.shell:Creating package descriptor '/home/ela2/ros2_ws_arms/install/esp32_controller/share/esp32_controller/package.dsv'
[3.571s] INFO:colcon.colcon_core.shell:Creating package script '/home/ela2/ros2_ws_arms/install/esp32_controller/share/esp32_controller/package.sh'
[3.573s] INFO:colcon.colcon_core.shell:Creating package script '/home/ela2/ros2_ws_arms/install/esp32_controller/share/esp32_controller/package.bash'
[3.574s] INFO:colcon.colcon_core.shell:Creating package script '/home/ela2/ros2_ws_arms/install/esp32_controller/share/esp32_controller/package.zsh'
[3.575s] Level 1:colcon.colcon_core.environment:create_file_with_runtime_dependencies(/home/ela2/ros2_ws_arms/install/esp32_controller/share/colcon-core/packages/esp32_controller)
[3.600s] Level 1:colcon.colcon_core.environment:checking '/home/ela2/ros2_ws_arms/install/ela2_py_arms' for CMake module files
[3.602s] DEBUG:colcon.colcon_core.event_handler.log_command:Invoked command in '/home/ela2/ros2_ws_arms/src/ela2_py_arms' returned '0': PYTHONPATH=/home/ela2/ros2_ws_arms/build/ela2_py_arms/prefix_override:/home/ela2/ros2_ws_arms/install/ela2_py_arms/lib/python3.10/site-packages:${PYTHONPATH} /usr/bin/python3 -W ignore:setup.py install is deprecated setup.py egg_info --egg-base ../../build/ela2_py_arms build --build-base /home/ela2/ros2_ws_arms/build/ela2_py_arms/build install --record /home/ela2/ros2_ws_arms/build/ela2_py_arms/install.log --single-version-externally-managed install_data
[3.602s] Level 1:colcon.colcon_core.environment:checking '/home/ela2/ros2_ws_arms/install/ela2_py_arms' for CMake config files
[3.603s] Level 1:colcon.colcon_core.environment:checking '/home/ela2/ros2_ws_arms/install/ela2_py_arms/lib'
[3.604s] Level 1:colcon.colcon_core.environment:checking '/home/ela2/ros2_ws_arms/install/ela2_py_arms/bin'
[3.604s] Level 1:colcon.colcon_core.environment:checking '/home/ela2/ros2_ws_arms/install/ela2_py_arms/lib/pkgconfig/ela2_py_arms.pc'
[3.605s] Level 1:colcon.colcon_core.environment:checking '/home/ela2/ros2_ws_arms/install/ela2_py_arms/lib/python3.10/site-packages'
[3.605s] Level 1:colcon.colcon_core.shell:create_environment_hook('ela2_py_arms', 'pythonpath')
[3.606s] INFO:colcon.colcon_core.shell:Creating environment hook '/home/ela2/ros2_ws_arms/install/ela2_py_arms/share/ela2_py_arms/hook/pythonpath.ps1'
[3.608s] INFO:colcon.colcon_core.shell:Creating environment descriptor '/home/ela2/ros2_ws_arms/install/ela2_py_arms/share/ela2_py_arms/hook/pythonpath.dsv'
[3.610s] INFO:colcon.colcon_core.shell:Creating environment hook '/home/ela2/ros2_ws_arms/install/ela2_py_arms/share/ela2_py_arms/hook/pythonpath.sh'
[3.612s] Level 1:colcon.colcon_core.environment:checking '/home/ela2/ros2_ws_arms/install/ela2_py_arms/bin'
[3.612s] Level 1:colcon.colcon_core.environment:create_environment_scripts_only(ela2_py_arms)
[3.613s] INFO:colcon.colcon_core.shell:Creating package script '/home/ela2/ros2_ws_arms/install/ela2_py_arms/share/ela2_py_arms/package.ps1'
[3.615s] INFO:colcon.colcon_core.shell:Creating package descriptor '/home/ela2/ros2_ws_arms/install/ela2_py_arms/share/ela2_py_arms/package.dsv'
[3.617s] INFO:colcon.colcon_core.shell:Creating package script '/home/ela2/ros2_ws_arms/install/ela2_py_arms/share/ela2_py_arms/package.sh'
[3.618s] INFO:colcon.colcon_core.shell:Creating package script '/home/ela2/ros2_ws_arms/install/ela2_py_arms/share/ela2_py_arms/package.bash'
[3.619s] INFO:colcon.colcon_core.shell:Creating package script '/home/ela2/ros2_ws_arms/install/ela2_py_arms/share/ela2_py_arms/package.zsh'
[3.621s] Level 1:colcon.colcon_core.environment:create_file_with_runtime_dependencies(/home/ela2/ros2_ws_arms/install/ela2_py_arms/share/colcon-core/packages/ela2_py_arms)
[3.622s] DEBUG:colcon.colcon_parallel_executor.executor.parallel:closing loop
[3.623s] DEBUG:colcon.colcon_parallel_executor.executor.parallel:loop closed
[3.623s] DEBUG:colcon.colcon_parallel_executor.executor.parallel:run_until_complete finished with '0'
[3.624s] DEBUG:colcon.colcon_core.event_reactor:joining thread
[3.641s] INFO:colcon.colcon_core.plugin_system:Skipping extension 'colcon_notification.desktop_notification.terminal_notifier': Not used on non-Darwin systems
[3.642s] INFO:colcon.colcon_core.plugin_system:Skipping extension 'colcon_notification.desktop_notification.win32': Not used on non-Windows systems
[3.642s] INFO:colcon.colcon_notification.desktop_notification:Sending desktop notification using 'notify2'
[3.682s] DEBUG:colcon.colcon_core.event_reactor:joined thread
[3.683s] INFO:colcon.colcon_core.shell:Creating prefix script '/home/ela2/ros2_ws_arms/install/local_setup.ps1'
[3.686s] INFO:colcon.colcon_core.shell:Creating prefix util module '/home/ela2/ros2_ws_arms/install/_local_setup_util_ps1.py'
[3.690s] INFO:colcon.colcon_core.shell:Creating prefix chain script '/home/ela2/ros2_ws_arms/install/setup.ps1'
[3.696s] INFO:colcon.colcon_core.shell:Creating prefix script '/home/ela2/ros2_ws_arms/install/local_setup.sh'
[3.697s] INFO:colcon.colcon_core.shell:Creating prefix util module '/home/ela2/ros2_ws_arms/install/_local_setup_util_sh.py'
[3.699s] INFO:colcon.colcon_core.shell:Creating prefix chain script '/home/ela2/ros2_ws_arms/install/setup.sh'
[3.705s] INFO:colcon.colcon_core.shell:Creating prefix script '/home/ela2/ros2_ws_arms/install/local_setup.bash'
[3.706s] INFO:colcon.colcon_core.shell:Creating prefix chain script '/home/ela2/ros2_ws_arms/install/setup.bash'
[3.713s] INFO:colcon.colcon_core.shell:Creating prefix script '/home/ela2/ros2_ws_arms/install/local_setup.zsh'
[3.714s] INFO:colcon.colcon_core.shell:Creating prefix chain script '/home/ela2/ros2_ws_arms/install/setup.zsh'
