/home/ela2/ros2_ws_arms/install/ela2_py_arms/lib/python3.10/site-packages/ela2_py_arms/simple_publisher.py
/home/ela2/ros2_ws_arms/install/ela2_py_arms/lib/python3.10/site-packages/ela2_py_arms/__init__.py
/home/ela2/ros2_ws_arms/install/ela2_py_arms/lib/python3.10/site-packages/ela2_py_arms/simple_subs.py
/home/ela2/ros2_ws_arms/install/ela2_py_arms/lib/python3.10/site-packages/ela2_py_arms/simple_parameter.py
/home/ela2/ros2_ws_arms/install/ela2_py_arms/lib/python3.10/site-packages/ela2_py_arms/__pycache__/simple_publisher.cpython-310.pyc
/home/ela2/ros2_ws_arms/install/ela2_py_arms/lib/python3.10/site-packages/ela2_py_arms/__pycache__/__init__.cpython-310.pyc
/home/ela2/ros2_ws_arms/install/ela2_py_arms/lib/python3.10/site-packages/ela2_py_arms/__pycache__/simple_subs.cpython-310.pyc
/home/ela2/ros2_ws_arms/install/ela2_py_arms/lib/python3.10/site-packages/ela2_py_arms/__pycache__/simple_parameter.cpython-310.pyc
/home/ela2/ros2_ws_arms/install/ela2_py_arms/share/ament_index/resource_index/packages/ela2_py_arms
/home/ela2/ros2_ws_arms/install/ela2_py_arms/share/ela2_py_arms/package.xml
/home/ela2/ros2_ws_arms/install/ela2_py_arms/lib/python3.10/site-packages/ela2_py_arms-0.0.0-py3.10.egg-info/PKG-INFO
/home/ela2/ros2_ws_arms/install/ela2_py_arms/lib/python3.10/site-packages/ela2_py_arms-0.0.0-py3.10.egg-info/top_level.txt
/home/ela2/ros2_ws_arms/install/ela2_py_arms/lib/python3.10/site-packages/ela2_py_arms-0.0.0-py3.10.egg-info/zip-safe
/home/ela2/ros2_ws_arms/install/ela2_py_arms/lib/python3.10/site-packages/ela2_py_arms-0.0.0-py3.10.egg-info/requires.txt
/home/ela2/ros2_ws_arms/install/ela2_py_arms/lib/python3.10/site-packages/ela2_py_arms-0.0.0-py3.10.egg-info/entry_points.txt
/home/ela2/ros2_ws_arms/install/ela2_py_arms/lib/python3.10/site-packages/ela2_py_arms-0.0.0-py3.10.egg-info/SOURCES.txt
/home/ela2/ros2_ws_arms/install/ela2_py_arms/lib/python3.10/site-packages/ela2_py_arms-0.0.0-py3.10.egg-info/dependency_links.txt
/home/ela2/ros2_ws_arms/install/ela2_py_arms/lib/ela2_py_arms/simple_parameter
/home/ela2/ros2_ws_arms/install/ela2_py_arms/lib/ela2_py_arms/simple_publisher
/home/ela2/ros2_ws_arms/install/ela2_py_arms/lib/ela2_py_arms/simple_subs
