[0.078s] Invoking command in '/home/ela2/ros2_ws_arms/build/ela2_cpp_arms': CMAKE_PREFIX_PATH=${CMAKE_PREFIX_PATH}:/home/ela2/ELA2.0_NAV/install/ella2_twist_converter:/home/ela2/ELA2.0_NAV/install/ella2_teleop:/home/ela2/ELA2.0_NAV/install/ella2_pose:/home/ela2/ELA2.0_NAV/install/ella2_gui:/opt/ros/humble /usr/bin/cmake /home/ela2/ros2_ws_arms/src/ela2_cpp_arms -DCMAKE_INSTALL_PREFIX=/home/ela2/ros2_ws_arms/install/ela2_cpp_arms
[0.735s] -- The C compiler identification is GNU 11.4.0
[1.100s] -- The CXX compiler identification is GNU 11.4.0
[1.134s] -- Detecting C compiler ABI info
[1.307s] -- Detecting C compiler ABI info - done
[1.332s] -- Check for working C compiler: /usr/bin/cc - skipped
[1.333s] -- Detecting C compile features
[1.333s] -- Detecting C compile features - done
[1.346s] -- Detecting CXX compiler ABI info
[1.628s] -- Detecting CXX compiler ABI info - done
[1.644s] -- Check for working CXX compiler: /usr/bin/c++ - skipped
[1.644s] -- Detecting CXX compile features
[1.645s] -- Detecting CXX compile features - done
[1.655s] -- Found ament_cmake: 1.3.9 (/opt/ros/humble/share/ament_cmake/cmake)
[2.137s] -- Found Python3: /usr/bin/python3 (found version "3.10.12") found components: Interpreter 
[2.448s] -- Found ament_lint_auto: 0.12.11 (/opt/ros/humble/share/ament_lint_auto/cmake)
[2.682s] -- Added test 'cppcheck' to perform static code analysis on C / C++ code
[2.682s] -- Configured cppcheck include dirs: 
[2.683s] -- Configured cppcheck exclude dirs and/or files: 
[2.691s] -- Added test 'lint_cmake' to check CMake code style
[2.699s] -- Added test 'uncrustify' to check C / C++ code style
[2.700s] -- Configured uncrustify additional arguments: 
[2.704s] -- Added test 'xmllint' to check XML markup files
[2.714s] -- Configuring done
[2.722s] -- Generating done
[2.724s] -- Build files have been written to: /home/ela2/ros2_ws_arms/build/ela2_cpp_arms
[2.738s] Invoked command in '/home/ela2/ros2_ws_arms/build/ela2_cpp_arms' returned '0': CMAKE_PREFIX_PATH=${CMAKE_PREFIX_PATH}:/home/ela2/ELA2.0_NAV/install/ella2_twist_converter:/home/ela2/ELA2.0_NAV/install/ella2_teleop:/home/ela2/ELA2.0_NAV/install/ella2_pose:/home/ela2/ELA2.0_NAV/install/ella2_gui:/opt/ros/humble /usr/bin/cmake /home/ela2/ros2_ws_arms/src/ela2_cpp_arms -DCMAKE_INSTALL_PREFIX=/home/ela2/ros2_ws_arms/install/ela2_cpp_arms
[2.740s] Invoking command in '/home/ela2/ros2_ws_arms/build/ela2_cpp_arms': CMAKE_PREFIX_PATH=${CMAKE_PREFIX_PATH}:/home/ela2/ELA2.0_NAV/install/ella2_twist_converter:/home/ela2/ELA2.0_NAV/install/ella2_teleop:/home/ela2/ELA2.0_NAV/install/ella2_pose:/home/ela2/ELA2.0_NAV/install/ella2_gui:/opt/ros/humble /usr/bin/cmake --build /home/ela2/ros2_ws_arms/build/ela2_cpp_arms -- -j6 -l6
[2.863s] Invoked command in '/home/ela2/ros2_ws_arms/build/ela2_cpp_arms' returned '0': CMAKE_PREFIX_PATH=${CMAKE_PREFIX_PATH}:/home/ela2/ELA2.0_NAV/install/ella2_twist_converter:/home/ela2/ELA2.0_NAV/install/ella2_teleop:/home/ela2/ELA2.0_NAV/install/ella2_pose:/home/ela2/ELA2.0_NAV/install/ella2_gui:/opt/ros/humble /usr/bin/cmake --build /home/ela2/ros2_ws_arms/build/ela2_cpp_arms -- -j6 -l6
[2.945s] Invoking command in '/home/ela2/ros2_ws_arms/build/ela2_cpp_arms': CMAKE_PREFIX_PATH=${CMAKE_PREFIX_PATH}:/home/ela2/ELA2.0_NAV/install/ella2_twist_converter:/home/ela2/ELA2.0_NAV/install/ella2_teleop:/home/ela2/ELA2.0_NAV/install/ella2_pose:/home/ela2/ELA2.0_NAV/install/ella2_gui:/opt/ros/humble /usr/bin/cmake --install /home/ela2/ros2_ws_arms/build/ela2_cpp_arms
[2.962s] -- Install configuration: ""
[2.963s] -- Installing: /home/ela2/ros2_ws_arms/install/ela2_cpp_arms/share/ament_index/resource_index/package_run_dependencies/ela2_cpp_arms
[2.963s] -- Installing: /home/ela2/ros2_ws_arms/install/ela2_cpp_arms/share/ament_index/resource_index/parent_prefix_path/ela2_cpp_arms
[2.963s] -- Installing: /home/ela2/ros2_ws_arms/install/ela2_cpp_arms/share/ela2_cpp_arms/environment/ament_prefix_path.sh
[2.964s] -- Installing: /home/ela2/ros2_ws_arms/install/ela2_cpp_arms/share/ela2_cpp_arms/environment/ament_prefix_path.dsv
[2.964s] -- Installing: /home/ela2/ros2_ws_arms/install/ela2_cpp_arms/share/ela2_cpp_arms/environment/path.sh
[2.964s] -- Installing: /home/ela2/ros2_ws_arms/install/ela2_cpp_arms/share/ela2_cpp_arms/environment/path.dsv
[2.965s] -- Installing: /home/ela2/ros2_ws_arms/install/ela2_cpp_arms/share/ela2_cpp_arms/local_setup.bash
[2.965s] -- Installing: /home/ela2/ros2_ws_arms/install/ela2_cpp_arms/share/ela2_cpp_arms/local_setup.sh
[2.965s] -- Installing: /home/ela2/ros2_ws_arms/install/ela2_cpp_arms/share/ela2_cpp_arms/local_setup.zsh
[2.966s] -- Installing: /home/ela2/ros2_ws_arms/install/ela2_cpp_arms/share/ela2_cpp_arms/local_setup.dsv
[2.966s] -- Installing: /home/ela2/ros2_ws_arms/install/ela2_cpp_arms/share/ela2_cpp_arms/package.dsv
[2.966s] -- Installing: /home/ela2/ros2_ws_arms/install/ela2_cpp_arms/share/ament_index/resource_index/packages/ela2_cpp_arms
[2.967s] -- Installing: /home/ela2/ros2_ws_arms/install/ela2_cpp_arms/share/ela2_cpp_arms/cmake/ela2_cpp_armsConfig.cmake
[2.967s] -- Installing: /home/ela2/ros2_ws_arms/install/ela2_cpp_arms/share/ela2_cpp_arms/cmake/ela2_cpp_armsConfig-version.cmake
[2.967s] -- Installing: /home/ela2/ros2_ws_arms/install/ela2_cpp_arms/share/ela2_cpp_arms/package.xml
[2.975s] Invoked command in '/home/ela2/ros2_ws_arms/build/ela2_cpp_arms' returned '0': CMAKE_PREFIX_PATH=${CMAKE_PREFIX_PATH}:/home/ela2/ELA2.0_NAV/install/ella2_twist_converter:/home/ela2/ELA2.0_NAV/install/ella2_teleop:/home/ela2/ELA2.0_NAV/install/ella2_pose:/home/ela2/ELA2.0_NAV/install/ella2_gui:/opt/ros/humble /usr/bin/cmake --install /home/ela2/ros2_ws_arms/build/ela2_cpp_arms
