[3.435s] Invoking command in '/home/ela2/ros2_ws_arms/src/ela2_py_arms': NX_CONNECTION=192.168.0.101 44502 192.168.0.106 4000 PYTHONPATH=/home/ela2/ros2_ws_arms/build/ela2_py_arms/prefix_override:/home/ela2/.local/lib/python3.10/site-packages/colcon_core/task/python/colcon_distutils_commands:/home/ela2/ros2_ws_arms/install/ela2_py_arms/lib/python3.10/site-packages:${PYTHONPATH} /usr/bin/python3 -W ignore:setup.py install is deprecated -W ignore:easy_install command is deprecated setup.py egg_info --egg-base ../../build/ela2_py_arms build --build-base /home/ela2/ros2_ws_arms/build/ela2_py_arms/build install --record /home/ela2/ros2_ws_arms/build/ela2_py_arms/install.log --single-version-externally-managed install_data
[3.846s] /home/ela2/.local/lib/python3.10/site-packages/setuptools/_distutils/dist.py:289: UserWarning: Unknown distribution option: 'tests_require'
[3.847s]   warnings.warn(msg)
[4.117s] running egg_info
[4.160s] writing ../../build/ela2_py_arms/ela2_py_arms.egg-info/PKG-INFO
[4.168s] writing dependency_links to ../../build/ela2_py_arms/ela2_py_arms.egg-info/dependency_links.txt
[4.168s] writing entry points to ../../build/ela2_py_arms/ela2_py_arms.egg-info/entry_points.txt
[4.169s] writing requirements to ../../build/ela2_py_arms/ela2_py_arms.egg-info/requires.txt
[4.169s] writing top-level names to ../../build/ela2_py_arms/ela2_py_arms.egg-info/top_level.txt
[4.265s] reading manifest file '../../build/ela2_py_arms/ela2_py_arms.egg-info/SOURCES.txt'
[4.269s] writing manifest file '../../build/ela2_py_arms/ela2_py_arms.egg-info/SOURCES.txt'
[4.269s] running build
[4.269s] running build_py
[4.272s] running install
[4.282s] running install_lib
[4.327s] running install_data
[4.329s] running install_egg_info
[4.376s] removing '/home/ela2/ros2_ws_arms/install/ela2_py_arms/lib/python3.10/site-packages/ela2_py_arms-0.0.0-py3.10.egg-info' (and everything under it)
[4.377s] Copying ../../build/ela2_py_arms/ela2_py_arms.egg-info to /home/ela2/ros2_ws_arms/install/ela2_py_arms/lib/python3.10/site-packages/ela2_py_arms-0.0.0-py3.10.egg-info
[4.379s] running install_scripts
[4.725s] Installing simple_parameter script to /home/ela2/ros2_ws_arms/install/ela2_py_arms/lib/ela2_py_arms
[4.729s] Installing simple_publisher script to /home/ela2/ros2_ws_arms/install/ela2_py_arms/lib/ela2_py_arms
[4.730s] Installing simple_subs script to /home/ela2/ros2_ws_arms/install/ela2_py_arms/lib/ela2_py_arms
[4.731s] writing list of installed files to '/home/ela2/ros2_ws_arms/build/ela2_py_arms/install.log'
[4.819s] Invoked command in '/home/ela2/ros2_ws_arms/src/ela2_py_arms' returned '0': NX_CONNECTION=192.168.0.101 44502 192.168.0.106 4000 PYTHONPATH=/home/ela2/ros2_ws_arms/build/ela2_py_arms/prefix_override:/home/ela2/.local/lib/python3.10/site-packages/colcon_core/task/python/colcon_distutils_commands:/home/ela2/ros2_ws_arms/install/ela2_py_arms/lib/python3.10/site-packages:${PYTHONPATH} /usr/bin/python3 -W ignore:setup.py install is deprecated -W ignore:easy_install command is deprecated setup.py egg_info --egg-base ../../build/ela2_py_arms build --build-base /home/ela2/ros2_ws_arms/build/ela2_py_arms/build install --record /home/ela2/ros2_ws_arms/build/ela2_py_arms/install.log --single-version-externally-managed install_data
