running egg_info
creating ../../build/esp32_controller/esp32_controller.egg-info
writing ../../build/esp32_controller/esp32_controller.egg-info/PKG-INFO
writing dependency_links to ../../build/esp32_controller/esp32_controller.egg-info/dependency_links.txt
writing entry points to ../../build/esp32_controller/esp32_controller.egg-info/entry_points.txt
writing requirements to ../../build/esp32_controller/esp32_controller.egg-info/requires.txt
writing top-level names to ../../build/esp32_controller/esp32_controller.egg-info/top_level.txt
writing manifest file '../../build/esp32_controller/esp32_controller.egg-info/SOURCES.txt'
reading manifest file '../../build/esp32_controller/esp32_controller.egg-info/SOURCES.txt'
writing manifest file '../../build/esp32_controller/esp32_controller.egg-info/SOURCES.txt'
running build
running build_py
creating /home/ela2/ros2_ws_arms/build/esp32_controller/build
creating /home/ela2/ros2_ws_arms/build/esp32_controller/build/lib
creating /home/ela2/ros2_ws_arms/build/esp32_controller/build/lib/esp32_controller
copying esp32_controller/__init__.py -> /home/ela2/ros2_ws_arms/build/esp32_controller/build/lib/esp32_controller
copying esp32_controller/esp32_control_node.py -> /home/ela2/ros2_ws_arms/build/esp32_controller/build/lib/esp32_controller
running install
running install_lib
creating /home/ela2/ros2_ws_arms/install/esp32_controller/lib/python3.10/site-packages/esp32_controller
copying /home/ela2/ros2_ws_arms/build/esp32_controller/build/lib/esp32_controller/__init__.py -> /home/ela2/ros2_ws_arms/install/esp32_controller/lib/python3.10/site-packages/esp32_controller
copying /home/ela2/ros2_ws_arms/build/esp32_controller/build/lib/esp32_controller/esp32_control_node.py -> /home/ela2/ros2_ws_arms/install/esp32_controller/lib/python3.10/site-packages/esp32_controller
byte-compiling /home/ela2/ros2_ws_arms/install/esp32_controller/lib/python3.10/site-packages/esp32_controller/__init__.py to __init__.cpython-310.pyc
byte-compiling /home/ela2/ros2_ws_arms/install/esp32_controller/lib/python3.10/site-packages/esp32_controller/esp32_control_node.py to esp32_control_node.cpython-310.pyc
running install_data
creating /home/ela2/ros2_ws_arms/install/esp32_controller/share/ament_index
creating /home/ela2/ros2_ws_arms/install/esp32_controller/share/ament_index/resource_index
creating /home/ela2/ros2_ws_arms/install/esp32_controller/share/ament_index/resource_index/packages
copying resource/esp32_controller -> /home/ela2/ros2_ws_arms/install/esp32_controller/share/ament_index/resource_index/packages
copying package.xml -> /home/ela2/ros2_ws_arms/install/esp32_controller/share/esp32_controller
running install_egg_info
Copying ../../build/esp32_controller/esp32_controller.egg-info to /home/ela2/ros2_ws_arms/install/esp32_controller/lib/python3.10/site-packages/esp32_controller-0.0.0-py3.10.egg-info
running install_scripts
Installing esp32_control_node script to /home/ela2/ros2_ws_arms/install/esp32_controller/lib/esp32_controller
writing list of installed files to '/home/ela2/ros2_ws_arms/build/esp32_controller/install.log'
