[2.842s] Invoking command in '/home/ela2/ros2_ws_arms/src/esp32_controller': PYTHONPATH=/home/ela2/ros2_ws_arms/build/esp32_controller/prefix_override:/home/ela2/ros2_ws_arms/install/esp32_controller/lib/python3.10/site-packages:${PYTHONPATH} /usr/bin/python3 -W ignore:setup.py install is deprecated setup.py egg_info --egg-base ../../build/esp32_controller build --build-base /home/ela2/ros2_ws_arms/build/esp32_controller/build install --record /home/ela2/ros2_ws_arms/build/esp32_controller/install.log --single-version-externally-managed install_data
[3.623s] running egg_info
[3.624s] creating ../../build/esp32_controller/esp32_controller.egg-info
[3.625s] writing ../../build/esp32_controller/esp32_controller.egg-info/PKG-INFO
[3.625s] writing dependency_links to ../../build/esp32_controller/esp32_controller.egg-info/dependency_links.txt
[3.626s] writing entry points to ../../build/esp32_controller/esp32_controller.egg-info/entry_points.txt
[3.626s] writing requirements to ../../build/esp32_controller/esp32_controller.egg-info/requires.txt
[3.626s] writing top-level names to ../../build/esp32_controller/esp32_controller.egg-info/top_level.txt
[3.627s] writing manifest file '../../build/esp32_controller/esp32_controller.egg-info/SOURCES.txt'
[3.630s] reading manifest file '../../build/esp32_controller/esp32_controller.egg-info/SOURCES.txt'
[3.632s] writing manifest file '../../build/esp32_controller/esp32_controller.egg-info/SOURCES.txt'
[3.632s] running build
[3.632s] running build_py
[3.633s] creating /home/ela2/ros2_ws_arms/build/esp32_controller/build
[3.633s] creating /home/ela2/ros2_ws_arms/build/esp32_controller/build/lib
[3.634s] creating /home/ela2/ros2_ws_arms/build/esp32_controller/build/lib/esp32_controller
[3.634s] copying esp32_controller/__init__.py -> /home/ela2/ros2_ws_arms/build/esp32_controller/build/lib/esp32_controller
[3.634s] copying esp32_controller/esp32_control_node.py -> /home/ela2/ros2_ws_arms/build/esp32_controller/build/lib/esp32_controller
[3.635s] running install
[3.635s] running install_lib
[3.636s] creating /home/ela2/ros2_ws_arms/install/esp32_controller/lib/python3.10/site-packages/esp32_controller
[3.636s] copying /home/ela2/ros2_ws_arms/build/esp32_controller/build/lib/esp32_controller/__init__.py -> /home/ela2/ros2_ws_arms/install/esp32_controller/lib/python3.10/site-packages/esp32_controller
[3.636s] copying /home/ela2/ros2_ws_arms/build/esp32_controller/build/lib/esp32_controller/esp32_control_node.py -> /home/ela2/ros2_ws_arms/install/esp32_controller/lib/python3.10/site-packages/esp32_controller
[3.638s] byte-compiling /home/ela2/ros2_ws_arms/install/esp32_controller/lib/python3.10/site-packages/esp32_controller/__init__.py to __init__.cpython-310.pyc
[3.638s] byte-compiling /home/ela2/ros2_ws_arms/install/esp32_controller/lib/python3.10/site-packages/esp32_controller/esp32_control_node.py to esp32_control_node.cpython-310.pyc
[3.641s] running install_data
[3.642s] creating /home/ela2/ros2_ws_arms/install/esp32_controller/share/ament_index
[3.642s] creating /home/ela2/ros2_ws_arms/install/esp32_controller/share/ament_index/resource_index
[3.642s] creating /home/ela2/ros2_ws_arms/install/esp32_controller/share/ament_index/resource_index/packages
[3.642s] copying resource/esp32_controller -> /home/ela2/ros2_ws_arms/install/esp32_controller/share/ament_index/resource_index/packages
[3.643s] copying package.xml -> /home/ela2/ros2_ws_arms/install/esp32_controller/share/esp32_controller
[3.643s] running install_egg_info
[3.645s] Copying ../../build/esp32_controller/esp32_controller.egg-info to /home/ela2/ros2_ws_arms/install/esp32_controller/lib/python3.10/site-packages/esp32_controller-0.0.0-py3.10.egg-info
[3.647s] running install_scripts
[3.692s] Installing esp32_control_node script to /home/ela2/ros2_ws_arms/install/esp32_controller/lib/esp32_controller
[3.693s] writing list of installed files to '/home/ela2/ros2_ws_arms/build/esp32_controller/install.log'
[3.795s] Invoked command in '/home/ela2/ros2_ws_arms/src/esp32_controller' returned '0': PYTHONPATH=/home/ela2/ros2_ws_arms/build/esp32_controller/prefix_override:/home/ela2/ros2_ws_arms/install/esp32_controller/lib/python3.10/site-packages:${PYTHONPATH} /usr/bin/python3 -W ignore:setup.py install is deprecated setup.py egg_info --egg-base ../../build/esp32_controller build --build-base /home/ela2/ros2_ws_arms/build/esp32_controller/build install --record /home/ela2/ros2_ws_arms/build/esp32_controller/install.log --single-version-externally-managed install_data
