[0.235s] DEBUG:colcon:Command line arguments: ['/usr/bin/colcon', 'build']
[0.236s] DEBUG:colcon:Parsed command line arguments: Namespace(log_base=None, log_level=None, verb_name='build', build_base='build', install_base='install', merge_install=False, symlink_install=False, test_result_base=None, continue_on_error=False, executor='parallel', parallel_workers=6, event_handlers=None, ignore_user_meta=False, metas=['./colcon.meta'], base_paths=['.'], packages_ignore=None, packages_ignore_regex=None, paths=None, packages_up_to=None, packages_up_to_regex=None, packages_above=None, packages_above_and_dependencies=None, packages_above_depth=None, packages_select_by_dep=None, packages_skip_by_dep=None, packages_skip_up_to=None, packages_select_build_failed=False, packages_skip_build_finished=False, packages_select_test_failures=False, packages_skip_test_passed=False, packages_select=None, packages_skip=None, packages_select_regex=None, packages_skip_regex=None, packages_start=None, packages_end=None, allow_overriding=[], cmake_args=None, cmake_target=None, cmake_target_skip_unavailable=False, cmake_clean_cache=False, cmake_clean_first=False, cmake_force_configure=False, ament_cmake_args=None, catkin_cmake_args=None, catkin_skip_building_tests=False, verb_parser=<colcon_defaults.argument_parser.defaults.DefaultArgumentsDecorator object at 0xffff8b6db1f0>, verb_extension=<colcon_core.verb.build.BuildVerb object at 0xffff8b6dac50>, main=<bound method BuildVerb.main of <colcon_core.verb.build.BuildVerb object at 0xffff8b6dac50>>)
[0.315s] Level 1:colcon.colcon_core.package_discovery:discover_packages(colcon_meta) check parameters
[0.316s] Level 1:colcon.colcon_core.package_discovery:discover_packages(recursive) check parameters
[0.316s] Level 1:colcon.colcon_core.package_discovery:discover_packages(ignore) check parameters
[0.316s] Level 1:colcon.colcon_core.package_discovery:discover_packages(path) check parameters
[0.316s] Level 1:colcon.colcon_core.package_discovery:discover_packages(colcon_meta) discover
[0.316s] Level 1:colcon.colcon_core.package_discovery:discover_packages(recursive) discover
[0.316s] INFO:colcon.colcon_core.package_discovery:Crawling recursively for packages in '/home/ela2/ros2_ws_arms'
[0.316s] Level 1:colcon.colcon_core.package_identification:_identify(.) by extensions ['ignore', 'ignore_ament_install']
[0.317s] Level 1:colcon.colcon_core.package_identification:_identify(.) by extension 'ignore'
[0.317s] Level 1:colcon.colcon_core.package_identification:_identify(.) by extension 'ignore_ament_install'
[0.317s] Level 1:colcon.colcon_core.package_identification:_identify(.) by extensions ['colcon_pkg']
[0.317s] Level 1:colcon.colcon_core.package_identification:_identify(.) by extension 'colcon_pkg'
[0.317s] Level 1:colcon.colcon_core.package_identification:_identify(.) by extensions ['colcon_meta']
[0.317s] Level 1:colcon.colcon_core.package_identification:_identify(.) by extension 'colcon_meta'
[0.317s] Level 1:colcon.colcon_core.package_identification:_identify(.) by extensions ['ros']
[0.317s] Level 1:colcon.colcon_core.package_identification:_identify(.) by extension 'ros'
[0.349s] Level 1:colcon.colcon_core.package_identification:_identify(.) by extensions ['cmake', 'python']
[0.349s] Level 1:colcon.colcon_core.package_identification:_identify(.) by extension 'cmake'
[0.349s] Level 1:colcon.colcon_core.package_identification:_identify(.) by extension 'python'
[0.349s] Level 1:colcon.colcon_core.package_identification:_identify(.) by extensions ['python_setup_py']
[0.349s] Level 1:colcon.colcon_core.package_identification:_identify(.) by extension 'python_setup_py'
[0.350s] Level 1:colcon.colcon_core.package_identification:_identify(build) by extensions ['ignore', 'ignore_ament_install']
[0.350s] Level 1:colcon.colcon_core.package_identification:_identify(build) by extension 'ignore'
[0.350s] Level 1:colcon.colcon_core.package_identification:_identify(build) ignored
[0.350s] Level 1:colcon.colcon_core.package_identification:_identify(install) by extensions ['ignore', 'ignore_ament_install']
[0.350s] Level 1:colcon.colcon_core.package_identification:_identify(install) by extension 'ignore'
[0.351s] Level 1:colcon.colcon_core.package_identification:_identify(install) ignored
[0.351s] Level 1:colcon.colcon_core.package_identification:_identify(log) by extensions ['ignore', 'ignore_ament_install']
[0.351s] Level 1:colcon.colcon_core.package_identification:_identify(log) by extension 'ignore'
[0.351s] Level 1:colcon.colcon_core.package_identification:_identify(log) ignored
[0.351s] Level 1:colcon.colcon_core.package_identification:_identify(src) by extensions ['ignore', 'ignore_ament_install']
[0.352s] Level 1:colcon.colcon_core.package_identification:_identify(src) by extension 'ignore'
[0.352s] Level 1:colcon.colcon_core.package_identification:_identify(src) by extension 'ignore_ament_install'
[0.352s] Level 1:colcon.colcon_core.package_identification:_identify(src) by extensions ['colcon_pkg']
[0.352s] Level 1:colcon.colcon_core.package_identification:_identify(src) by extension 'colcon_pkg'
[0.352s] Level 1:colcon.colcon_core.package_identification:_identify(src) by extensions ['colcon_meta']
[0.352s] Level 1:colcon.colcon_core.package_identification:_identify(src) by extension 'colcon_meta'
[0.352s] Level 1:colcon.colcon_core.package_identification:_identify(src) by extensions ['ros']
[0.352s] Level 1:colcon.colcon_core.package_identification:_identify(src) by extension 'ros'
[0.352s] Level 1:colcon.colcon_core.package_identification:_identify(src) by extensions ['cmake', 'python']
[0.352s] Level 1:colcon.colcon_core.package_identification:_identify(src) by extension 'cmake'
[0.353s] Level 1:colcon.colcon_core.package_identification:_identify(src) by extension 'python'
[0.353s] Level 1:colcon.colcon_core.package_identification:_identify(src) by extensions ['python_setup_py']
[0.353s] Level 1:colcon.colcon_core.package_identification:_identify(src) by extension 'python_setup_py'
[0.353s] Level 1:colcon.colcon_core.package_identification:_identify(src/Chatbot) by extensions ['ignore', 'ignore_ament_install']
[0.353s] Level 1:colcon.colcon_core.package_identification:_identify(src/Chatbot) by extension 'ignore'
[0.353s] Level 1:colcon.colcon_core.package_identification:_identify(src/Chatbot) by extension 'ignore_ament_install'
[0.353s] Level 1:colcon.colcon_core.package_identification:_identify(src/Chatbot) by extensions ['colcon_pkg']
[0.353s] Level 1:colcon.colcon_core.package_identification:_identify(src/Chatbot) by extension 'colcon_pkg'
[0.353s] Level 1:colcon.colcon_core.package_identification:_identify(src/Chatbot) by extensions ['colcon_meta']
[0.353s] Level 1:colcon.colcon_core.package_identification:_identify(src/Chatbot) by extension 'colcon_meta'
[0.354s] Level 1:colcon.colcon_core.package_identification:_identify(src/Chatbot) by extensions ['ros']
[0.354s] Level 1:colcon.colcon_core.package_identification:_identify(src/Chatbot) by extension 'ros'
[0.354s] Level 1:colcon.colcon_core.package_identification:_identify(src/Chatbot) by extensions ['cmake', 'python']
[0.354s] Level 1:colcon.colcon_core.package_identification:_identify(src/Chatbot) by extension 'cmake'
[0.354s] Level 1:colcon.colcon_core.package_identification:_identify(src/Chatbot) by extension 'python'
[0.354s] Level 1:colcon.colcon_core.package_identification:_identify(src/Chatbot) by extensions ['python_setup_py']
[0.354s] Level 1:colcon.colcon_core.package_identification:_identify(src/Chatbot) by extension 'python_setup_py'
[0.354s] Level 1:colcon.colcon_core.package_identification:_identify(src/GUI) by extensions ['ignore', 'ignore_ament_install']
[0.354s] Level 1:colcon.colcon_core.package_identification:_identify(src/GUI) by extension 'ignore'
[0.355s] Level 1:colcon.colcon_core.package_identification:_identify(src/GUI) by extension 'ignore_ament_install'
[0.355s] Level 1:colcon.colcon_core.package_identification:_identify(src/GUI) by extensions ['colcon_pkg']
[0.355s] Level 1:colcon.colcon_core.package_identification:_identify(src/GUI) by extension 'colcon_pkg'
[0.355s] Level 1:colcon.colcon_core.package_identification:_identify(src/GUI) by extensions ['colcon_meta']
[0.355s] Level 1:colcon.colcon_core.package_identification:_identify(src/GUI) by extension 'colcon_meta'
[0.355s] Level 1:colcon.colcon_core.package_identification:_identify(src/GUI) by extensions ['ros']
[0.355s] Level 1:colcon.colcon_core.package_identification:_identify(src/GUI) by extension 'ros'
[0.355s] Level 1:colcon.colcon_core.package_identification:_identify(src/GUI) by extensions ['cmake', 'python']
[0.355s] Level 1:colcon.colcon_core.package_identification:_identify(src/GUI) by extension 'cmake'
[0.355s] Level 1:colcon.colcon_core.package_identification:_identify(src/GUI) by extension 'python'
[0.356s] Level 1:colcon.colcon_core.package_identification:_identify(src/GUI) by extensions ['python_setup_py']
[0.356s] Level 1:colcon.colcon_core.package_identification:_identify(src/GUI) by extension 'python_setup_py'
[0.356s] Level 1:colcon.colcon_core.package_identification:_identify(src/ela2_arms) by extensions ['ignore', 'ignore_ament_install']
[0.356s] Level 1:colcon.colcon_core.package_identification:_identify(src/ela2_arms) by extension 'ignore'
[0.356s] Level 1:colcon.colcon_core.package_identification:_identify(src/ela2_arms) by extension 'ignore_ament_install'
[0.356s] Level 1:colcon.colcon_core.package_identification:_identify(src/ela2_arms) by extensions ['colcon_pkg']
[0.356s] Level 1:colcon.colcon_core.package_identification:_identify(src/ela2_arms) by extension 'colcon_pkg'
[0.356s] Level 1:colcon.colcon_core.package_identification:_identify(src/ela2_arms) by extensions ['colcon_meta']
[0.356s] Level 1:colcon.colcon_core.package_identification:_identify(src/ela2_arms) by extension 'colcon_meta'
[0.357s] Level 1:colcon.colcon_core.package_identification:_identify(src/ela2_arms) by extensions ['ros']
[0.357s] Level 1:colcon.colcon_core.package_identification:_identify(src/ela2_arms) by extension 'ros'
[0.362s] DEBUG:colcon.colcon_core.package_identification:Package 'src/ela2_arms' with type 'ros.ament_cmake' and name 'ela2_arms'
[0.362s] Level 1:colcon.colcon_core.package_identification:_identify(src/ela2_arms_controller) by extensions ['ignore', 'ignore_ament_install']
[0.362s] Level 1:colcon.colcon_core.package_identification:_identify(src/ela2_arms_controller) by extension 'ignore'
[0.362s] Level 1:colcon.colcon_core.package_identification:_identify(src/ela2_arms_controller) by extension 'ignore_ament_install'
[0.363s] Level 1:colcon.colcon_core.package_identification:_identify(src/ela2_arms_controller) by extensions ['colcon_pkg']
[0.363s] Level 1:colcon.colcon_core.package_identification:_identify(src/ela2_arms_controller) by extension 'colcon_pkg'
[0.363s] Level 1:colcon.colcon_core.package_identification:_identify(src/ela2_arms_controller) by extensions ['colcon_meta']
[0.363s] Level 1:colcon.colcon_core.package_identification:_identify(src/ela2_arms_controller) by extension 'colcon_meta'
[0.363s] Level 1:colcon.colcon_core.package_identification:_identify(src/ela2_arms_controller) by extensions ['ros']
[0.363s] Level 1:colcon.colcon_core.package_identification:_identify(src/ela2_arms_controller) by extension 'ros'
[0.364s] DEBUG:colcon.colcon_core.package_identification:Package 'src/ela2_arms_controller' with type 'ros.ament_cmake' and name 'ela2_arms_controller'
[0.364s] Level 1:colcon.colcon_core.package_identification:_identify(src/ela2_cpp_arms) by extensions ['ignore', 'ignore_ament_install']
[0.364s] Level 1:colcon.colcon_core.package_identification:_identify(src/ela2_cpp_arms) by extension 'ignore'
[0.364s] Level 1:colcon.colcon_core.package_identification:_identify(src/ela2_cpp_arms) by extension 'ignore_ament_install'
[0.365s] Level 1:colcon.colcon_core.package_identification:_identify(src/ela2_cpp_arms) by extensions ['colcon_pkg']
[0.365s] Level 1:colcon.colcon_core.package_identification:_identify(src/ela2_cpp_arms) by extension 'colcon_pkg'
[0.365s] Level 1:colcon.colcon_core.package_identification:_identify(src/ela2_cpp_arms) by extensions ['colcon_meta']
[0.365s] Level 1:colcon.colcon_core.package_identification:_identify(src/ela2_cpp_arms) by extension 'colcon_meta'
[0.365s] Level 1:colcon.colcon_core.package_identification:_identify(src/ela2_cpp_arms) by extensions ['ros']
[0.365s] Level 1:colcon.colcon_core.package_identification:_identify(src/ela2_cpp_arms) by extension 'ros'
[0.366s] DEBUG:colcon.colcon_core.package_identification:Package 'src/ela2_cpp_arms' with type 'ros.ament_cmake' and name 'ela2_cpp_arms'
[0.366s] Level 1:colcon.colcon_core.package_identification:_identify(src/ela2_moveit) by extensions ['ignore', 'ignore_ament_install']
[0.366s] Level 1:colcon.colcon_core.package_identification:_identify(src/ela2_moveit) by extension 'ignore'
[0.366s] Level 1:colcon.colcon_core.package_identification:_identify(src/ela2_moveit) by extension 'ignore_ament_install'
[0.366s] Level 1:colcon.colcon_core.package_identification:_identify(src/ela2_moveit) by extensions ['colcon_pkg']
[0.367s] Level 1:colcon.colcon_core.package_identification:_identify(src/ela2_moveit) by extension 'colcon_pkg'
[0.367s] Level 1:colcon.colcon_core.package_identification:_identify(src/ela2_moveit) by extensions ['colcon_meta']
[0.367s] Level 1:colcon.colcon_core.package_identification:_identify(src/ela2_moveit) by extension 'colcon_meta'
[0.367s] Level 1:colcon.colcon_core.package_identification:_identify(src/ela2_moveit) by extensions ['ros']
[0.367s] Level 1:colcon.colcon_core.package_identification:_identify(src/ela2_moveit) by extension 'ros'
[0.368s] DEBUG:colcon.colcon_core.package_identification:Package 'src/ela2_moveit' with type 'ros.ament_cmake' and name 'ela2_moveit'
[0.368s] Level 1:colcon.colcon_core.package_identification:_identify(src/ela2_py_arms) by extensions ['ignore', 'ignore_ament_install']
[0.368s] Level 1:colcon.colcon_core.package_identification:_identify(src/ela2_py_arms) by extension 'ignore'
[0.368s] Level 1:colcon.colcon_core.package_identification:_identify(src/ela2_py_arms) by extension 'ignore_ament_install'
[0.368s] Level 1:colcon.colcon_core.package_identification:_identify(src/ela2_py_arms) by extensions ['colcon_pkg']
[0.368s] Level 1:colcon.colcon_core.package_identification:_identify(src/ela2_py_arms) by extension 'colcon_pkg'
[0.368s] Level 1:colcon.colcon_core.package_identification:_identify(src/ela2_py_arms) by extensions ['colcon_meta']
[0.369s] Level 1:colcon.colcon_core.package_identification:_identify(src/ela2_py_arms) by extension 'colcon_meta'
[0.369s] Level 1:colcon.colcon_core.package_identification:_identify(src/ela2_py_arms) by extensions ['ros']
[0.369s] Level 1:colcon.colcon_core.package_identification:_identify(src/ela2_py_arms) by extension 'ros'
[0.370s] DEBUG:colcon.colcon_core.package_identification:Package 'src/ela2_py_arms' with type 'ros.ament_python' and name 'ela2_py_arms'
[0.371s] Level 1:colcon.colcon_core.package_identification:_identify(src/esp32_controller) by extensions ['ignore', 'ignore_ament_install']
[0.371s] Level 1:colcon.colcon_core.package_identification:_identify(src/esp32_controller) by extension 'ignore'
[0.371s] Level 1:colcon.colcon_core.package_identification:_identify(src/esp32_controller) by extension 'ignore_ament_install'
[0.371s] Level 1:colcon.colcon_core.package_identification:_identify(src/esp32_controller) by extensions ['colcon_pkg']
[0.371s] Level 1:colcon.colcon_core.package_identification:_identify(src/esp32_controller) by extension 'colcon_pkg'
[0.371s] Level 1:colcon.colcon_core.package_identification:_identify(src/esp32_controller) by extensions ['colcon_meta']
[0.371s] Level 1:colcon.colcon_core.package_identification:_identify(src/esp32_controller) by extension 'colcon_meta'
[0.371s] Level 1:colcon.colcon_core.package_identification:_identify(src/esp32_controller) by extensions ['ros']
[0.371s] Level 1:colcon.colcon_core.package_identification:_identify(src/esp32_controller) by extension 'ros'
[0.372s] DEBUG:colcon.colcon_core.package_identification:Package 'src/esp32_controller' with type 'ros.ament_python' and name 'esp32_controller'
[0.372s] Level 1:colcon.colcon_core.package_discovery:discover_packages(recursive) using defaults
[0.372s] Level 1:colcon.colcon_core.package_discovery:discover_packages(ignore) discover
[0.373s] Level 1:colcon.colcon_core.package_discovery:discover_packages(ignore) using defaults
[0.373s] Level 1:colcon.colcon_core.package_discovery:discover_packages(path) discover
[0.373s] Level 1:colcon.colcon_core.package_discovery:discover_packages(path) using defaults
[0.416s] Level 1:colcon.colcon_core.package_discovery:discover_packages(prefix_path) check parameters
[0.417s] Level 1:colcon.colcon_core.package_discovery:discover_packages(prefix_path) discover
[0.422s] DEBUG:colcon.colcon_installed_package_information.package_discovery:Found 6 installed packages in /home/ela2/ros2_ws_arms/install
[0.424s] DEBUG:colcon.colcon_installed_package_information.package_discovery:Found 17 installed packages in /home/ela2/ELA2.0_NAV/install
[0.427s] DEBUG:colcon.colcon_installed_package_information.package_discovery:Found 345 installed packages in /opt/ros/humble
[0.431s] Level 1:colcon.colcon_core.package_discovery:discover_packages(prefix_path) using defaults
[0.524s] Level 5:colcon.colcon_core.verb:set package 'ela2_arms' build argument 'cmake_args' from command line to 'None'
[0.525s] Level 5:colcon.colcon_core.verb:set package 'ela2_arms' build argument 'cmake_target' from command line to 'None'
[0.525s] Level 5:colcon.colcon_core.verb:set package 'ela2_arms' build argument 'cmake_target_skip_unavailable' from command line to 'False'
[0.525s] Level 5:colcon.colcon_core.verb:set package 'ela2_arms' build argument 'cmake_clean_cache' from command line to 'False'
[0.525s] Level 5:colcon.colcon_core.verb:set package 'ela2_arms' build argument 'cmake_clean_first' from command line to 'False'
[0.525s] Level 5:colcon.colcon_core.verb:set package 'ela2_arms' build argument 'cmake_force_configure' from command line to 'False'
[0.525s] Level 5:colcon.colcon_core.verb:set package 'ela2_arms' build argument 'ament_cmake_args' from command line to 'None'
[0.525s] Level 5:colcon.colcon_core.verb:set package 'ela2_arms' build argument 'catkin_cmake_args' from command line to 'None'
[0.525s] Level 5:colcon.colcon_core.verb:set package 'ela2_arms' build argument 'catkin_skip_building_tests' from command line to 'False'
[0.525s] DEBUG:colcon.colcon_core.verb:Building package 'ela2_arms' with the following arguments: {'ament_cmake_args': None, 'build_base': '/home/ela2/ros2_ws_arms/build/ela2_arms', 'catkin_cmake_args': None, 'catkin_skip_building_tests': False, 'cmake_args': None, 'cmake_clean_cache': False, 'cmake_clean_first': False, 'cmake_force_configure': False, 'cmake_target': None, 'cmake_target_skip_unavailable': False, 'install_base': '/home/ela2/ros2_ws_arms/install/ela2_arms', 'merge_install': False, 'path': '/home/ela2/ros2_ws_arms/src/ela2_arms', 'symlink_install': False, 'test_result_base': None}
[0.526s] Level 5:colcon.colcon_core.verb:set package 'ela2_arms_controller' build argument 'cmake_args' from command line to 'None'
[0.526s] Level 5:colcon.colcon_core.verb:set package 'ela2_arms_controller' build argument 'cmake_target' from command line to 'None'
[0.526s] Level 5:colcon.colcon_core.verb:set package 'ela2_arms_controller' build argument 'cmake_target_skip_unavailable' from command line to 'False'
[0.526s] Level 5:colcon.colcon_core.verb:set package 'ela2_arms_controller' build argument 'cmake_clean_cache' from command line to 'False'
[0.526s] Level 5:colcon.colcon_core.verb:set package 'ela2_arms_controller' build argument 'cmake_clean_first' from command line to 'False'
[0.526s] Level 5:colcon.colcon_core.verb:set package 'ela2_arms_controller' build argument 'cmake_force_configure' from command line to 'False'
[0.526s] Level 5:colcon.colcon_core.verb:set package 'ela2_arms_controller' build argument 'ament_cmake_args' from command line to 'None'
[0.526s] Level 5:colcon.colcon_core.verb:set package 'ela2_arms_controller' build argument 'catkin_cmake_args' from command line to 'None'
[0.526s] Level 5:colcon.colcon_core.verb:set package 'ela2_arms_controller' build argument 'catkin_skip_building_tests' from command line to 'False'
[0.526s] DEBUG:colcon.colcon_core.verb:Building package 'ela2_arms_controller' with the following arguments: {'ament_cmake_args': None, 'build_base': '/home/ela2/ros2_ws_arms/build/ela2_arms_controller', 'catkin_cmake_args': None, 'catkin_skip_building_tests': False, 'cmake_args': None, 'cmake_clean_cache': False, 'cmake_clean_first': False, 'cmake_force_configure': False, 'cmake_target': None, 'cmake_target_skip_unavailable': False, 'install_base': '/home/ela2/ros2_ws_arms/install/ela2_arms_controller', 'merge_install': False, 'path': '/home/ela2/ros2_ws_arms/src/ela2_arms_controller', 'symlink_install': False, 'test_result_base': None}
[0.527s] Level 5:colcon.colcon_core.verb:set package 'ela2_cpp_arms' build argument 'cmake_args' from command line to 'None'
[0.527s] Level 5:colcon.colcon_core.verb:set package 'ela2_cpp_arms' build argument 'cmake_target' from command line to 'None'
[0.527s] Level 5:colcon.colcon_core.verb:set package 'ela2_cpp_arms' build argument 'cmake_target_skip_unavailable' from command line to 'False'
[0.527s] Level 5:colcon.colcon_core.verb:set package 'ela2_cpp_arms' build argument 'cmake_clean_cache' from command line to 'False'
[0.527s] Level 5:colcon.colcon_core.verb:set package 'ela2_cpp_arms' build argument 'cmake_clean_first' from command line to 'False'
[0.527s] Level 5:colcon.colcon_core.verb:set package 'ela2_cpp_arms' build argument 'cmake_force_configure' from command line to 'False'
[0.527s] Level 5:colcon.colcon_core.verb:set package 'ela2_cpp_arms' build argument 'ament_cmake_args' from command line to 'None'
[0.527s] Level 5:colcon.colcon_core.verb:set package 'ela2_cpp_arms' build argument 'catkin_cmake_args' from command line to 'None'
[0.527s] Level 5:colcon.colcon_core.verb:set package 'ela2_cpp_arms' build argument 'catkin_skip_building_tests' from command line to 'False'
[0.528s] DEBUG:colcon.colcon_core.verb:Building package 'ela2_cpp_arms' with the following arguments: {'ament_cmake_args': None, 'build_base': '/home/ela2/ros2_ws_arms/build/ela2_cpp_arms', 'catkin_cmake_args': None, 'catkin_skip_building_tests': False, 'cmake_args': None, 'cmake_clean_cache': False, 'cmake_clean_first': False, 'cmake_force_configure': False, 'cmake_target': None, 'cmake_target_skip_unavailable': False, 'install_base': '/home/ela2/ros2_ws_arms/install/ela2_cpp_arms', 'merge_install': False, 'path': '/home/ela2/ros2_ws_arms/src/ela2_cpp_arms', 'symlink_install': False, 'test_result_base': None}
[0.528s] Level 5:colcon.colcon_core.verb:set package 'ela2_moveit' build argument 'cmake_args' from command line to 'None'
[0.528s] Level 5:colcon.colcon_core.verb:set package 'ela2_moveit' build argument 'cmake_target' from command line to 'None'
[0.528s] Level 5:colcon.colcon_core.verb:set package 'ela2_moveit' build argument 'cmake_target_skip_unavailable' from command line to 'False'
[0.528s] Level 5:colcon.colcon_core.verb:set package 'ela2_moveit' build argument 'cmake_clean_cache' from command line to 'False'
[0.528s] Level 5:colcon.colcon_core.verb:set package 'ela2_moveit' build argument 'cmake_clean_first' from command line to 'False'
[0.528s] Level 5:colcon.colcon_core.verb:set package 'ela2_moveit' build argument 'cmake_force_configure' from command line to 'False'
[0.528s] Level 5:colcon.colcon_core.verb:set package 'ela2_moveit' build argument 'ament_cmake_args' from command line to 'None'
[0.528s] Level 5:colcon.colcon_core.verb:set package 'ela2_moveit' build argument 'catkin_cmake_args' from command line to 'None'
[0.529s] Level 5:colcon.colcon_core.verb:set package 'ela2_moveit' build argument 'catkin_skip_building_tests' from command line to 'False'
[0.529s] DEBUG:colcon.colcon_core.verb:Building package 'ela2_moveit' with the following arguments: {'ament_cmake_args': None, 'build_base': '/home/ela2/ros2_ws_arms/build/ela2_moveit', 'catkin_cmake_args': None, 'catkin_skip_building_tests': False, 'cmake_args': None, 'cmake_clean_cache': False, 'cmake_clean_first': False, 'cmake_force_configure': False, 'cmake_target': None, 'cmake_target_skip_unavailable': False, 'install_base': '/home/ela2/ros2_ws_arms/install/ela2_moveit', 'merge_install': False, 'path': '/home/ela2/ros2_ws_arms/src/ela2_moveit', 'symlink_install': False, 'test_result_base': None}
[0.529s] Level 5:colcon.colcon_core.verb:set package 'ela2_py_arms' build argument 'cmake_args' from command line to 'None'
[0.529s] Level 5:colcon.colcon_core.verb:set package 'ela2_py_arms' build argument 'cmake_target' from command line to 'None'
[0.529s] Level 5:colcon.colcon_core.verb:set package 'ela2_py_arms' build argument 'cmake_target_skip_unavailable' from command line to 'False'
[0.529s] Level 5:colcon.colcon_core.verb:set package 'ela2_py_arms' build argument 'cmake_clean_cache' from command line to 'False'
[0.529s] Level 5:colcon.colcon_core.verb:set package 'ela2_py_arms' build argument 'cmake_clean_first' from command line to 'False'
[0.529s] Level 5:colcon.colcon_core.verb:set package 'ela2_py_arms' build argument 'cmake_force_configure' from command line to 'False'
[0.529s] Level 5:colcon.colcon_core.verb:set package 'ela2_py_arms' build argument 'ament_cmake_args' from command line to 'None'
[0.530s] Level 5:colcon.colcon_core.verb:set package 'ela2_py_arms' build argument 'catkin_cmake_args' from command line to 'None'
[0.530s] Level 5:colcon.colcon_core.verb:set package 'ela2_py_arms' build argument 'catkin_skip_building_tests' from command line to 'False'
[0.530s] DEBUG:colcon.colcon_core.verb:Building package 'ela2_py_arms' with the following arguments: {'ament_cmake_args': None, 'build_base': '/home/ela2/ros2_ws_arms/build/ela2_py_arms', 'catkin_cmake_args': None, 'catkin_skip_building_tests': False, 'cmake_args': None, 'cmake_clean_cache': False, 'cmake_clean_first': False, 'cmake_force_configure': False, 'cmake_target': None, 'cmake_target_skip_unavailable': False, 'install_base': '/home/ela2/ros2_ws_arms/install/ela2_py_arms', 'merge_install': False, 'path': '/home/ela2/ros2_ws_arms/src/ela2_py_arms', 'symlink_install': False, 'test_result_base': None}
[0.530s] Level 5:colcon.colcon_core.verb:set package 'esp32_controller' build argument 'cmake_args' from command line to 'None'
[0.530s] Level 5:colcon.colcon_core.verb:set package 'esp32_controller' build argument 'cmake_target' from command line to 'None'
[0.530s] Level 5:colcon.colcon_core.verb:set package 'esp32_controller' build argument 'cmake_target_skip_unavailable' from command line to 'False'
[0.530s] Level 5:colcon.colcon_core.verb:set package 'esp32_controller' build argument 'cmake_clean_cache' from command line to 'False'
[0.530s] Level 5:colcon.colcon_core.verb:set package 'esp32_controller' build argument 'cmake_clean_first' from command line to 'False'
[0.531s] Level 5:colcon.colcon_core.verb:set package 'esp32_controller' build argument 'cmake_force_configure' from command line to 'False'
[0.531s] Level 5:colcon.colcon_core.verb:set package 'esp32_controller' build argument 'ament_cmake_args' from command line to 'None'
[0.531s] Level 5:colcon.colcon_core.verb:set package 'esp32_controller' build argument 'catkin_cmake_args' from command line to 'None'
[0.531s] Level 5:colcon.colcon_core.verb:set package 'esp32_controller' build argument 'catkin_skip_building_tests' from command line to 'False'
[0.531s] DEBUG:colcon.colcon_core.verb:Building package 'esp32_controller' with the following arguments: {'ament_cmake_args': None, 'build_base': '/home/ela2/ros2_ws_arms/build/esp32_controller', 'catkin_cmake_args': None, 'catkin_skip_building_tests': False, 'cmake_args': None, 'cmake_clean_cache': False, 'cmake_clean_first': False, 'cmake_force_configure': False, 'cmake_target': None, 'cmake_target_skip_unavailable': False, 'install_base': '/home/ela2/ros2_ws_arms/install/esp32_controller', 'merge_install': False, 'path': '/home/ela2/ros2_ws_arms/src/esp32_controller', 'symlink_install': False, 'test_result_base': None}
[0.531s] INFO:colcon.colcon_core.executor:Executing jobs using 'parallel' executor
[0.533s] DEBUG:colcon.colcon_parallel_executor.executor.parallel:run_until_complete
[0.534s] INFO:colcon.colcon_ros.task.ament_cmake.build:Building ROS package in '/home/ela2/ros2_ws_arms/src/ela2_arms' with build type 'ament_cmake'
[0.534s] INFO:colcon.colcon_cmake.task.cmake.build:Building CMake package in '/home/ela2/ros2_ws_arms/src/ela2_arms'
[0.539s] INFO:colcon.colcon_core.plugin_system:Skipping extension 'colcon_core.shell.bat': Not used on non-Windows systems
[0.539s] INFO:colcon.colcon_core.shell:Skip shell extension 'powershell' for command environment: Not usable outside of PowerShell
[0.539s] DEBUG:colcon.colcon_core.shell:Skip shell extension 'dsv' for command environment
[0.550s] INFO:colcon.colcon_ros.task.ament_cmake.build:Building ROS package in '/home/ela2/ros2_ws_arms/src/ela2_arms_controller' with build type 'ament_cmake'
[0.551s] INFO:colcon.colcon_cmake.task.cmake.build:Building CMake package in '/home/ela2/ros2_ws_arms/src/ela2_arms_controller'
[0.552s] INFO:colcon.colcon_core.shell:Skip shell extension 'powershell' for command environment: Not usable outside of PowerShell
[0.552s] DEBUG:colcon.colcon_core.shell:Skip shell extension 'dsv' for command environment
[0.563s] INFO:colcon.colcon_ros.task.ament_cmake.build:Building ROS package in '/home/ela2/ros2_ws_arms/src/ela2_cpp_arms' with build type 'ament_cmake'
[0.564s] INFO:colcon.colcon_cmake.task.cmake.build:Building CMake package in '/home/ela2/ros2_ws_arms/src/ela2_cpp_arms'
[0.564s] INFO:colcon.colcon_core.shell:Skip shell extension 'powershell' for command environment: Not usable outside of PowerShell
[0.564s] DEBUG:colcon.colcon_core.shell:Skip shell extension 'dsv' for command environment
[0.574s] INFO:colcon.colcon_ros.task.ament_cmake.build:Building ROS package in '/home/ela2/ros2_ws_arms/src/ela2_moveit' with build type 'ament_cmake'
[0.574s] INFO:colcon.colcon_cmake.task.cmake.build:Building CMake package in '/home/ela2/ros2_ws_arms/src/ela2_moveit'
[0.575s] INFO:colcon.colcon_core.shell:Skip shell extension 'powershell' for command environment: Not usable outside of PowerShell
[0.575s] DEBUG:colcon.colcon_core.shell:Skip shell extension 'dsv' for command environment
[0.585s] INFO:colcon.colcon_ros.task.ament_python.build:Building ROS package in '/home/ela2/ros2_ws_arms/src/ela2_py_arms' with build type 'ament_python'
[0.586s] Level 1:colcon.colcon_core.shell:create_environment_hook('ela2_py_arms', 'ament_prefix_path')
[0.586s] INFO:colcon.colcon_core.shell:Creating environment hook '/home/ela2/ros2_ws_arms/install/ela2_py_arms/share/ela2_py_arms/hook/ament_prefix_path.ps1'
[0.588s] INFO:colcon.colcon_core.shell:Creating environment descriptor '/home/ela2/ros2_ws_arms/install/ela2_py_arms/share/ela2_py_arms/hook/ament_prefix_path.dsv'
[0.589s] INFO:colcon.colcon_core.shell:Creating environment hook '/home/ela2/ros2_ws_arms/install/ela2_py_arms/share/ela2_py_arms/hook/ament_prefix_path.sh'
[0.591s] INFO:colcon.colcon_core.shell:Skip shell extension 'powershell' for command environment: Not usable outside of PowerShell
[0.592s] DEBUG:colcon.colcon_core.shell:Skip shell extension 'dsv' for command environment
[0.601s] INFO:colcon.colcon_ros.task.ament_python.build:Building ROS package in '/home/ela2/ros2_ws_arms/src/esp32_controller' with build type 'ament_python'
[0.601s] Level 1:colcon.colcon_core.shell:create_environment_hook('esp32_controller', 'ament_prefix_path')
[0.602s] INFO:colcon.colcon_core.shell:Creating environment hook '/home/ela2/ros2_ws_arms/install/esp32_controller/share/esp32_controller/hook/ament_prefix_path.ps1'
[0.603s] INFO:colcon.colcon_core.shell:Creating environment descriptor '/home/ela2/ros2_ws_arms/install/esp32_controller/share/esp32_controller/hook/ament_prefix_path.dsv'
[0.604s] INFO:colcon.colcon_core.shell:Creating environment hook '/home/ela2/ros2_ws_arms/install/esp32_controller/share/esp32_controller/hook/ament_prefix_path.sh'
[0.605s] INFO:colcon.colcon_core.shell:Skip shell extension 'powershell' for command environment: Not usable outside of PowerShell
[0.605s] DEBUG:colcon.colcon_core.shell:Skip shell extension 'dsv' for command environment
[0.624s] DEBUG:colcon.colcon_core.event_handler.log_command:Invoking command in '/home/ela2/ros2_ws_arms/build/ela2_arms': CMAKE_PREFIX_PATH=${CMAKE_PREFIX_PATH}:/home/ela2/ros2_ws_arms/install/esp32_controller:/home/ela2/ros2_ws_arms/install/ela2_py_arms:/home/ela2/ELA2.0_NAV/install/ella2_twist_converter:/home/ela2/ELA2.0_NAV/install/ella2_teleop:/home/ela2/ELA2.0_NAV/install/ella2_pose:/home/ela2/ELA2.0_NAV/install/ella2_gui:/opt/ros/humble /usr/bin/cmake --build /home/ela2/ros2_ws_arms/build/ela2_arms -- -j6 -l6
[0.631s] DEBUG:colcon.colcon_core.event_handler.log_command:Invoking command in '/home/ela2/ros2_ws_arms/build/ela2_arms_controller': CMAKE_PREFIX_PATH=${CMAKE_PREFIX_PATH}:/home/ela2/ros2_ws_arms/install/esp32_controller:/home/ela2/ros2_ws_arms/install/ela2_py_arms:/home/ela2/ELA2.0_NAV/install/ella2_twist_converter:/home/ela2/ELA2.0_NAV/install/ella2_teleop:/home/ela2/ELA2.0_NAV/install/ella2_pose:/home/ela2/ELA2.0_NAV/install/ella2_gui:/opt/ros/humble /usr/bin/cmake --build /home/ela2/ros2_ws_arms/build/ela2_arms_controller -- -j6 -l6
[0.636s] DEBUG:colcon.colcon_core.event_handler.log_command:Invoking command in '/home/ela2/ros2_ws_arms/build/ela2_cpp_arms': CMAKE_PREFIX_PATH=${CMAKE_PREFIX_PATH}:/home/ela2/ros2_ws_arms/install/esp32_controller:/home/ela2/ros2_ws_arms/install/ela2_py_arms:/home/ela2/ELA2.0_NAV/install/ella2_twist_converter:/home/ela2/ELA2.0_NAV/install/ella2_teleop:/home/ela2/ELA2.0_NAV/install/ella2_pose:/home/ela2/ELA2.0_NAV/install/ella2_gui:/opt/ros/humble /usr/bin/cmake --build /home/ela2/ros2_ws_arms/build/ela2_cpp_arms -- -j6 -l6
[0.644s] DEBUG:colcon.colcon_core.event_handler.log_command:Invoking command in '/home/ela2/ros2_ws_arms/build/ela2_moveit': CMAKE_PREFIX_PATH=${CMAKE_PREFIX_PATH}:/home/ela2/ros2_ws_arms/install/esp32_controller:/home/ela2/ros2_ws_arms/install/ela2_py_arms:/home/ela2/ELA2.0_NAV/install/ella2_twist_converter:/home/ela2/ELA2.0_NAV/install/ella2_teleop:/home/ela2/ELA2.0_NAV/install/ella2_pose:/home/ela2/ELA2.0_NAV/install/ella2_gui:/opt/ros/humble /usr/bin/cmake --build /home/ela2/ros2_ws_arms/build/ela2_moveit -- -j6 -l6
[1.116s] INFO:colcon.colcon_core.task.python.build:Building Python package in '/home/ela2/ros2_ws_arms/src/ela2_py_arms'
[1.117s] INFO:colcon.colcon_core.shell:Skip shell extension 'powershell' for command environment: Not usable outside of PowerShell
[1.117s] DEBUG:colcon.colcon_core.shell:Skip shell extension 'dsv' for command environment
[1.600s] INFO:colcon.colcon_core.task.python.build:Building Python package in '/home/ela2/ros2_ws_arms/src/esp32_controller'
[1.601s] INFO:colcon.colcon_core.shell:Skip shell extension 'powershell' for command environment: Not usable outside of PowerShell
[1.601s] DEBUG:colcon.colcon_core.shell:Skip shell extension 'dsv' for command environment
[1.621s] DEBUG:colcon.colcon_core.event_handler.log_command:Invoked command in '/home/ela2/ros2_ws_arms/build/ela2_arms' returned '0': CMAKE_PREFIX_PATH=${CMAKE_PREFIX_PATH}:/home/ela2/ros2_ws_arms/install/esp32_controller:/home/ela2/ros2_ws_arms/install/ela2_py_arms:/home/ela2/ELA2.0_NAV/install/ella2_twist_converter:/home/ela2/ELA2.0_NAV/install/ella2_teleop:/home/ela2/ELA2.0_NAV/install/ella2_pose:/home/ela2/ELA2.0_NAV/install/ella2_gui:/opt/ros/humble /usr/bin/cmake --build /home/ela2/ros2_ws_arms/build/ela2_arms -- -j6 -l6
[1.624s] DEBUG:colcon.colcon_core.event_handler.log_command:Invoked command in '/home/ela2/ros2_ws_arms/build/ela2_arms_controller' returned '0': CMAKE_PREFIX_PATH=${CMAKE_PREFIX_PATH}:/home/ela2/ros2_ws_arms/install/esp32_controller:/home/ela2/ros2_ws_arms/install/ela2_py_arms:/home/ela2/ELA2.0_NAV/install/ella2_twist_converter:/home/ela2/ELA2.0_NAV/install/ella2_teleop:/home/ela2/ELA2.0_NAV/install/ella2_pose:/home/ela2/ELA2.0_NAV/install/ella2_gui:/opt/ros/humble /usr/bin/cmake --build /home/ela2/ros2_ws_arms/build/ela2_arms_controller -- -j6 -l6
[1.628s] DEBUG:colcon.colcon_core.event_handler.log_command:Invoked command in '/home/ela2/ros2_ws_arms/build/ela2_cpp_arms' returned '0': CMAKE_PREFIX_PATH=${CMAKE_PREFIX_PATH}:/home/ela2/ros2_ws_arms/install/esp32_controller:/home/ela2/ros2_ws_arms/install/ela2_py_arms:/home/ela2/ELA2.0_NAV/install/ella2_twist_converter:/home/ela2/ELA2.0_NAV/install/ella2_teleop:/home/ela2/ELA2.0_NAV/install/ella2_pose:/home/ela2/ELA2.0_NAV/install/ella2_gui:/opt/ros/humble /usr/bin/cmake --build /home/ela2/ros2_ws_arms/build/ela2_cpp_arms -- -j6 -l6
[1.633s] DEBUG:colcon.colcon_core.event_handler.log_command:Invoked command in '/home/ela2/ros2_ws_arms/build/ela2_moveit' returned '0': CMAKE_PREFIX_PATH=${CMAKE_PREFIX_PATH}:/home/ela2/ros2_ws_arms/install/esp32_controller:/home/ela2/ros2_ws_arms/install/ela2_py_arms:/home/ela2/ELA2.0_NAV/install/ella2_twist_converter:/home/ela2/ELA2.0_NAV/install/ella2_teleop:/home/ela2/ELA2.0_NAV/install/ella2_pose:/home/ela2/ELA2.0_NAV/install/ella2_gui:/opt/ros/humble /usr/bin/cmake --build /home/ela2/ros2_ws_arms/build/ela2_moveit -- -j6 -l6
[1.700s] DEBUG:colcon.colcon_core.event_handler.log_command:Invoking command in '/home/ela2/ros2_ws_arms/build/ela2_arms': CMAKE_PREFIX_PATH=${CMAKE_PREFIX_PATH}:/home/ela2/ros2_ws_arms/install/esp32_controller:/home/ela2/ros2_ws_arms/install/ela2_py_arms:/home/ela2/ELA2.0_NAV/install/ella2_twist_converter:/home/ela2/ELA2.0_NAV/install/ella2_teleop:/home/ela2/ELA2.0_NAV/install/ella2_pose:/home/ela2/ELA2.0_NAV/install/ella2_gui:/opt/ros/humble /usr/bin/cmake --install /home/ela2/ros2_ws_arms/build/ela2_arms
[1.706s] DEBUG:colcon.colcon_core.event_handler.log_command:Invoking command in '/home/ela2/ros2_ws_arms/build/ela2_arms_controller': CMAKE_PREFIX_PATH=${CMAKE_PREFIX_PATH}:/home/ela2/ros2_ws_arms/install/esp32_controller:/home/ela2/ros2_ws_arms/install/ela2_py_arms:/home/ela2/ELA2.0_NAV/install/ella2_twist_converter:/home/ela2/ELA2.0_NAV/install/ella2_teleop:/home/ela2/ELA2.0_NAV/install/ella2_pose:/home/ela2/ELA2.0_NAV/install/ella2_gui:/opt/ros/humble /usr/bin/cmake --install /home/ela2/ros2_ws_arms/build/ela2_arms_controller
[1.708s] DEBUG:colcon.colcon_core.event_handler.log_command:Invoking command in '/home/ela2/ros2_ws_arms/build/ela2_cpp_arms': CMAKE_PREFIX_PATH=${CMAKE_PREFIX_PATH}:/home/ela2/ros2_ws_arms/install/esp32_controller:/home/ela2/ros2_ws_arms/install/ela2_py_arms:/home/ela2/ELA2.0_NAV/install/ella2_twist_converter:/home/ela2/ELA2.0_NAV/install/ella2_teleop:/home/ela2/ELA2.0_NAV/install/ella2_pose:/home/ela2/ELA2.0_NAV/install/ella2_gui:/opt/ros/humble /usr/bin/cmake --install /home/ela2/ros2_ws_arms/build/ela2_cpp_arms
[1.713s] DEBUG:colcon.colcon_core.event_handler.log_command:Invoking command in '/home/ela2/ros2_ws_arms/build/ela2_moveit': CMAKE_PREFIX_PATH=${CMAKE_PREFIX_PATH}:/home/ela2/ros2_ws_arms/install/esp32_controller:/home/ela2/ros2_ws_arms/install/ela2_py_arms:/home/ela2/ELA2.0_NAV/install/ella2_twist_converter:/home/ela2/ELA2.0_NAV/install/ella2_teleop:/home/ela2/ELA2.0_NAV/install/ella2_pose:/home/ela2/ELA2.0_NAV/install/ella2_gui:/opt/ros/humble /usr/bin/cmake --install /home/ela2/ros2_ws_arms/build/ela2_moveit
[1.726s] Level 1:colcon.colcon_core.environment:create_environment_scripts_only(ela2_arms)
[1.739s] Level 1:colcon.colcon_core.environment:checking '/home/ela2/ros2_ws_arms/install/ela2_arms' for CMake module files
[1.743s] Level 1:colcon.colcon_core.environment:checking '/home/ela2/ros2_ws_arms/install/ela2_arms' for CMake config files
[1.746s] DEBUG:colcon.colcon_core.event_handler.log_command:Invoked command in '/home/ela2/ros2_ws_arms/build/ela2_arms' returned '0': CMAKE_PREFIX_PATH=${CMAKE_PREFIX_PATH}:/home/ela2/ros2_ws_arms/install/esp32_controller:/home/ela2/ros2_ws_arms/install/ela2_py_arms:/home/ela2/ELA2.0_NAV/install/ella2_twist_converter:/home/ela2/ELA2.0_NAV/install/ella2_teleop:/home/ela2/ELA2.0_NAV/install/ella2_pose:/home/ela2/ELA2.0_NAV/install/ella2_gui:/opt/ros/humble /usr/bin/cmake --install /home/ela2/ros2_ws_arms/build/ela2_arms
[1.751s] Level 1:colcon.colcon_core.shell:create_environment_hook('ela2_arms', 'cmake_prefix_path')
[1.752s] INFO:colcon.colcon_core.shell:Creating environment hook '/home/ela2/ros2_ws_arms/install/ela2_arms/share/ela2_arms/hook/cmake_prefix_path.ps1'
[1.756s] INFO:colcon.colcon_core.shell:Creating environment descriptor '/home/ela2/ros2_ws_arms/install/ela2_arms/share/ela2_arms/hook/cmake_prefix_path.dsv'
[1.757s] INFO:colcon.colcon_core.shell:Creating environment hook '/home/ela2/ros2_ws_arms/install/ela2_arms/share/ela2_arms/hook/cmake_prefix_path.sh'
[1.760s] Level 1:colcon.colcon_core.environment:checking '/home/ela2/ros2_ws_arms/install/ela2_arms/bin'
[1.760s] Level 1:colcon.colcon_core.environment:checking '/home/ela2/ros2_ws_arms/install/ela2_arms/lib/pkgconfig/ela2_arms.pc'
[1.761s] Level 1:colcon.colcon_core.environment:checking '/home/ela2/ros2_ws_arms/install/ela2_arms/lib/python3.10/site-packages'
[1.762s] Level 1:colcon.colcon_core.environment:checking '/home/ela2/ros2_ws_arms/install/ela2_arms/bin'
[1.763s] INFO:colcon.colcon_core.shell:Creating package script '/home/ela2/ros2_ws_arms/install/ela2_arms/share/ela2_arms/package.ps1'
[1.768s] INFO:colcon.colcon_core.shell:Creating package descriptor '/home/ela2/ros2_ws_arms/install/ela2_arms/share/ela2_arms/package.dsv'
[1.771s] INFO:colcon.colcon_core.shell:Creating package script '/home/ela2/ros2_ws_arms/install/ela2_arms/share/ela2_arms/package.sh'
[1.775s] INFO:colcon.colcon_core.shell:Creating package script '/home/ela2/ros2_ws_arms/install/ela2_arms/share/ela2_arms/package.bash'
[1.778s] INFO:colcon.colcon_core.shell:Creating package script '/home/ela2/ros2_ws_arms/install/ela2_arms/share/ela2_arms/package.zsh'
[1.780s] Level 1:colcon.colcon_core.environment:create_file_with_runtime_dependencies(/home/ela2/ros2_ws_arms/install/ela2_arms/share/colcon-core/packages/ela2_arms)
[1.785s] Level 1:colcon.colcon_core.environment:create_environment_scripts_only(ela2_cpp_arms)
[1.786s] DEBUG:colcon.colcon_core.event_handler.log_command:Invoked command in '/home/ela2/ros2_ws_arms/build/ela2_cpp_arms' returned '0': CMAKE_PREFIX_PATH=${CMAKE_PREFIX_PATH}:/home/ela2/ros2_ws_arms/install/esp32_controller:/home/ela2/ros2_ws_arms/install/ela2_py_arms:/home/ela2/ELA2.0_NAV/install/ella2_twist_converter:/home/ela2/ELA2.0_NAV/install/ella2_teleop:/home/ela2/ELA2.0_NAV/install/ella2_pose:/home/ela2/ELA2.0_NAV/install/ella2_gui:/opt/ros/humble /usr/bin/cmake --install /home/ela2/ros2_ws_arms/build/ela2_cpp_arms
[1.787s] Level 1:colcon.colcon_core.environment:checking '/home/ela2/ros2_ws_arms/install/ela2_cpp_arms' for CMake module files
[1.788s] Level 1:colcon.colcon_core.environment:checking '/home/ela2/ros2_ws_arms/install/ela2_cpp_arms' for CMake config files
[1.789s] Level 1:colcon.colcon_core.shell:create_environment_hook('ela2_cpp_arms', 'cmake_prefix_path')
[1.789s] INFO:colcon.colcon_core.shell:Creating environment hook '/home/ela2/ros2_ws_arms/install/ela2_cpp_arms/share/ela2_cpp_arms/hook/cmake_prefix_path.ps1'
[1.791s] INFO:colcon.colcon_core.shell:Creating environment descriptor '/home/ela2/ros2_ws_arms/install/ela2_cpp_arms/share/ela2_cpp_arms/hook/cmake_prefix_path.dsv'
[1.792s] INFO:colcon.colcon_core.shell:Creating environment hook '/home/ela2/ros2_ws_arms/install/ela2_cpp_arms/share/ela2_cpp_arms/hook/cmake_prefix_path.sh'
[1.793s] Level 1:colcon.colcon_core.environment:checking '/home/ela2/ros2_ws_arms/install/ela2_cpp_arms/bin'
[1.793s] Level 1:colcon.colcon_core.environment:checking '/home/ela2/ros2_ws_arms/install/ela2_cpp_arms/lib/pkgconfig/ela2_cpp_arms.pc'
[1.794s] Level 1:colcon.colcon_core.environment:checking '/home/ela2/ros2_ws_arms/install/ela2_cpp_arms/lib/python3.10/site-packages'
[1.794s] Level 1:colcon.colcon_core.environment:checking '/home/ela2/ros2_ws_arms/install/ela2_cpp_arms/bin'
[1.795s] INFO:colcon.colcon_core.shell:Creating package script '/home/ela2/ros2_ws_arms/install/ela2_cpp_arms/share/ela2_cpp_arms/package.ps1'
[1.797s] INFO:colcon.colcon_core.shell:Creating package descriptor '/home/ela2/ros2_ws_arms/install/ela2_cpp_arms/share/ela2_cpp_arms/package.dsv'
[1.797s] INFO:colcon.colcon_core.shell:Creating package script '/home/ela2/ros2_ws_arms/install/ela2_cpp_arms/share/ela2_cpp_arms/package.sh'
[1.798s] INFO:colcon.colcon_core.shell:Creating package script '/home/ela2/ros2_ws_arms/install/ela2_cpp_arms/share/ela2_cpp_arms/package.bash'
[1.799s] INFO:colcon.colcon_core.shell:Creating package script '/home/ela2/ros2_ws_arms/install/ela2_cpp_arms/share/ela2_cpp_arms/package.zsh'
[1.800s] Level 1:colcon.colcon_core.environment:create_file_with_runtime_dependencies(/home/ela2/ros2_ws_arms/install/ela2_cpp_arms/share/colcon-core/packages/ela2_cpp_arms)
[1.802s] Level 1:colcon.colcon_core.environment:create_environment_scripts_only(ela2_arms_controller)
[1.802s] DEBUG:colcon.colcon_core.event_handler.log_command:Invoked command in '/home/ela2/ros2_ws_arms/build/ela2_arms_controller' returned '0': CMAKE_PREFIX_PATH=${CMAKE_PREFIX_PATH}:/home/ela2/ros2_ws_arms/install/esp32_controller:/home/ela2/ros2_ws_arms/install/ela2_py_arms:/home/ela2/ELA2.0_NAV/install/ella2_twist_converter:/home/ela2/ELA2.0_NAV/install/ella2_teleop:/home/ela2/ELA2.0_NAV/install/ella2_pose:/home/ela2/ELA2.0_NAV/install/ella2_gui:/opt/ros/humble /usr/bin/cmake --install /home/ela2/ros2_ws_arms/build/ela2_arms_controller
[1.803s] Level 1:colcon.colcon_core.environment:checking '/home/ela2/ros2_ws_arms/install/ela2_arms_controller' for CMake module files
[1.804s] Level 1:colcon.colcon_core.environment:checking '/home/ela2/ros2_ws_arms/install/ela2_arms_controller' for CMake config files
[1.805s] Level 1:colcon.colcon_core.shell:create_environment_hook('ela2_arms_controller', 'cmake_prefix_path')
[1.805s] INFO:colcon.colcon_core.shell:Creating environment hook '/home/ela2/ros2_ws_arms/install/ela2_arms_controller/share/ela2_arms_controller/hook/cmake_prefix_path.ps1'
[1.806s] INFO:colcon.colcon_core.shell:Creating environment descriptor '/home/ela2/ros2_ws_arms/install/ela2_arms_controller/share/ela2_arms_controller/hook/cmake_prefix_path.dsv'
[1.807s] INFO:colcon.colcon_core.shell:Creating environment hook '/home/ela2/ros2_ws_arms/install/ela2_arms_controller/share/ela2_arms_controller/hook/cmake_prefix_path.sh'
[1.808s] Level 1:colcon.colcon_core.environment:checking '/home/ela2/ros2_ws_arms/install/ela2_arms_controller/bin'
[1.808s] Level 1:colcon.colcon_core.environment:checking '/home/ela2/ros2_ws_arms/install/ela2_arms_controller/lib/pkgconfig/ela2_arms_controller.pc'
[1.808s] Level 1:colcon.colcon_core.environment:checking '/home/ela2/ros2_ws_arms/install/ela2_arms_controller/lib/python3.10/site-packages'
[1.809s] Level 1:colcon.colcon_core.environment:checking '/home/ela2/ros2_ws_arms/install/ela2_arms_controller/bin'
[1.809s] INFO:colcon.colcon_core.shell:Creating package script '/home/ela2/ros2_ws_arms/install/ela2_arms_controller/share/ela2_arms_controller/package.ps1'
[1.810s] INFO:colcon.colcon_core.shell:Creating package descriptor '/home/ela2/ros2_ws_arms/install/ela2_arms_controller/share/ela2_arms_controller/package.dsv'
[1.811s] INFO:colcon.colcon_core.shell:Creating package script '/home/ela2/ros2_ws_arms/install/ela2_arms_controller/share/ela2_arms_controller/package.sh'
[1.812s] INFO:colcon.colcon_core.shell:Creating package script '/home/ela2/ros2_ws_arms/install/ela2_arms_controller/share/ela2_arms_controller/package.bash'
[1.812s] INFO:colcon.colcon_core.shell:Creating package script '/home/ela2/ros2_ws_arms/install/ela2_arms_controller/share/ela2_arms_controller/package.zsh'
[1.813s] Level 1:colcon.colcon_core.environment:create_file_with_runtime_dependencies(/home/ela2/ros2_ws_arms/install/ela2_arms_controller/share/colcon-core/packages/ela2_arms_controller)
[1.816s] Level 1:colcon.colcon_core.environment:create_environment_scripts_only(ela2_moveit)
[1.817s] DEBUG:colcon.colcon_core.event_handler.log_command:Invoked command in '/home/ela2/ros2_ws_arms/build/ela2_moveit' returned '0': CMAKE_PREFIX_PATH=${CMAKE_PREFIX_PATH}:/home/ela2/ros2_ws_arms/install/esp32_controller:/home/ela2/ros2_ws_arms/install/ela2_py_arms:/home/ela2/ELA2.0_NAV/install/ella2_twist_converter:/home/ela2/ELA2.0_NAV/install/ella2_teleop:/home/ela2/ELA2.0_NAV/install/ella2_pose:/home/ela2/ELA2.0_NAV/install/ella2_gui:/opt/ros/humble /usr/bin/cmake --install /home/ela2/ros2_ws_arms/build/ela2_moveit
[1.817s] Level 1:colcon.colcon_core.environment:checking '/home/ela2/ros2_ws_arms/install/ela2_moveit' for CMake module files
[1.819s] Level 1:colcon.colcon_core.environment:checking '/home/ela2/ros2_ws_arms/install/ela2_moveit' for CMake config files
[1.820s] Level 1:colcon.colcon_core.shell:create_environment_hook('ela2_moveit', 'cmake_prefix_path')
[1.821s] INFO:colcon.colcon_core.shell:Creating environment hook '/home/ela2/ros2_ws_arms/install/ela2_moveit/share/ela2_moveit/hook/cmake_prefix_path.ps1'
[1.822s] INFO:colcon.colcon_core.shell:Creating environment descriptor '/home/ela2/ros2_ws_arms/install/ela2_moveit/share/ela2_moveit/hook/cmake_prefix_path.dsv'
[1.823s] INFO:colcon.colcon_core.shell:Creating environment hook '/home/ela2/ros2_ws_arms/install/ela2_moveit/share/ela2_moveit/hook/cmake_prefix_path.sh'
[1.825s] Level 1:colcon.colcon_core.environment:checking '/home/ela2/ros2_ws_arms/install/ela2_moveit/bin'
[1.825s] Level 1:colcon.colcon_core.environment:checking '/home/ela2/ros2_ws_arms/install/ela2_moveit/lib/pkgconfig/ela2_moveit.pc'
[1.825s] Level 1:colcon.colcon_core.environment:checking '/home/ela2/ros2_ws_arms/install/ela2_moveit/lib/python3.10/site-packages'
[1.826s] Level 1:colcon.colcon_core.environment:checking '/home/ela2/ros2_ws_arms/install/ela2_moveit/bin'
[1.827s] INFO:colcon.colcon_core.shell:Creating package script '/home/ela2/ros2_ws_arms/install/ela2_moveit/share/ela2_moveit/package.ps1'
[1.828s] INFO:colcon.colcon_core.shell:Creating package descriptor '/home/ela2/ros2_ws_arms/install/ela2_moveit/share/ela2_moveit/package.dsv'
[1.829s] INFO:colcon.colcon_core.shell:Creating package script '/home/ela2/ros2_ws_arms/install/ela2_moveit/share/ela2_moveit/package.sh'
[1.830s] INFO:colcon.colcon_core.shell:Creating package script '/home/ela2/ros2_ws_arms/install/ela2_moveit/share/ela2_moveit/package.bash'
[1.831s] INFO:colcon.colcon_core.shell:Creating package script '/home/ela2/ros2_ws_arms/install/ela2_moveit/share/ela2_moveit/package.zsh'
[1.832s] Level 1:colcon.colcon_core.environment:create_file_with_runtime_dependencies(/home/ela2/ros2_ws_arms/install/ela2_moveit/share/colcon-core/packages/ela2_moveit)
[1.837s] Level 1:colcon.colcon_core.environment:create_environment_scripts_only(ela2_arms)
[1.838s] Level 1:colcon.colcon_core.environment:checking '/home/ela2/ros2_ws_arms/install/ela2_arms' for CMake module files
[1.839s] Level 1:colcon.colcon_core.environment:checking '/home/ela2/ros2_ws_arms/install/ela2_arms' for CMake config files
[1.840s] Level 1:colcon.colcon_core.shell:create_environment_hook('ela2_arms', 'cmake_prefix_path')
[1.841s] INFO:colcon.colcon_core.shell:Creating environment hook '/home/ela2/ros2_ws_arms/install/ela2_arms/share/ela2_arms/hook/cmake_prefix_path.ps1'
[1.843s] INFO:colcon.colcon_core.shell:Creating environment descriptor '/home/ela2/ros2_ws_arms/install/ela2_arms/share/ela2_arms/hook/cmake_prefix_path.dsv'
[1.844s] INFO:colcon.colcon_core.shell:Creating environment hook '/home/ela2/ros2_ws_arms/install/ela2_arms/share/ela2_arms/hook/cmake_prefix_path.sh'
[1.845s] Level 1:colcon.colcon_core.environment:checking '/home/ela2/ros2_ws_arms/install/ela2_arms/bin'
[1.846s] Level 1:colcon.colcon_core.environment:checking '/home/ela2/ros2_ws_arms/install/ela2_arms/lib/pkgconfig/ela2_arms.pc'
[1.846s] Level 1:colcon.colcon_core.environment:checking '/home/ela2/ros2_ws_arms/install/ela2_arms/lib/python3.10/site-packages'
[1.847s] Level 1:colcon.colcon_core.environment:checking '/home/ela2/ros2_ws_arms/install/ela2_arms/bin'
[1.847s] INFO:colcon.colcon_core.shell:Creating package script '/home/ela2/ros2_ws_arms/install/ela2_arms/share/ela2_arms/package.ps1'
[1.851s] INFO:colcon.colcon_core.shell:Creating package descriptor '/home/ela2/ros2_ws_arms/install/ela2_arms/share/ela2_arms/package.dsv'
[1.852s] INFO:colcon.colcon_core.shell:Creating package script '/home/ela2/ros2_ws_arms/install/ela2_arms/share/ela2_arms/package.sh'
[1.853s] INFO:colcon.colcon_core.shell:Creating package script '/home/ela2/ros2_ws_arms/install/ela2_arms/share/ela2_arms/package.bash'
[1.854s] INFO:colcon.colcon_core.shell:Creating package script '/home/ela2/ros2_ws_arms/install/ela2_arms/share/ela2_arms/package.zsh'
[1.854s] Level 1:colcon.colcon_core.environment:create_file_with_runtime_dependencies(/home/ela2/ros2_ws_arms/install/ela2_arms/share/colcon-core/packages/ela2_arms)
[1.858s] Level 1:colcon.colcon_core.environment:create_environment_scripts_only(ela2_cpp_arms)
[1.859s] Level 1:colcon.colcon_core.environment:checking '/home/ela2/ros2_ws_arms/install/ela2_cpp_arms' for CMake module files
[1.860s] Level 1:colcon.colcon_core.environment:checking '/home/ela2/ros2_ws_arms/install/ela2_cpp_arms' for CMake config files
[1.861s] Level 1:colcon.colcon_core.shell:create_environment_hook('ela2_cpp_arms', 'cmake_prefix_path')
[1.861s] INFO:colcon.colcon_core.shell:Creating environment hook '/home/ela2/ros2_ws_arms/install/ela2_cpp_arms/share/ela2_cpp_arms/hook/cmake_prefix_path.ps1'
[1.862s] INFO:colcon.colcon_core.shell:Creating environment descriptor '/home/ela2/ros2_ws_arms/install/ela2_cpp_arms/share/ela2_cpp_arms/hook/cmake_prefix_path.dsv'
[1.863s] INFO:colcon.colcon_core.shell:Creating environment hook '/home/ela2/ros2_ws_arms/install/ela2_cpp_arms/share/ela2_cpp_arms/hook/cmake_prefix_path.sh'
[1.864s] Level 1:colcon.colcon_core.environment:checking '/home/ela2/ros2_ws_arms/install/ela2_cpp_arms/bin'
[1.864s] Level 1:colcon.colcon_core.environment:checking '/home/ela2/ros2_ws_arms/install/ela2_cpp_arms/lib/pkgconfig/ela2_cpp_arms.pc'
[1.865s] Level 1:colcon.colcon_core.environment:checking '/home/ela2/ros2_ws_arms/install/ela2_cpp_arms/lib/python3.10/site-packages'
[1.865s] Level 1:colcon.colcon_core.environment:checking '/home/ela2/ros2_ws_arms/install/ela2_cpp_arms/bin'
[1.866s] INFO:colcon.colcon_core.shell:Creating package script '/home/ela2/ros2_ws_arms/install/ela2_cpp_arms/share/ela2_cpp_arms/package.ps1'
[1.867s] INFO:colcon.colcon_core.shell:Creating package descriptor '/home/ela2/ros2_ws_arms/install/ela2_cpp_arms/share/ela2_cpp_arms/package.dsv'
[1.868s] INFO:colcon.colcon_core.shell:Creating package script '/home/ela2/ros2_ws_arms/install/ela2_cpp_arms/share/ela2_cpp_arms/package.sh'
[1.869s] INFO:colcon.colcon_core.shell:Creating package script '/home/ela2/ros2_ws_arms/install/ela2_cpp_arms/share/ela2_cpp_arms/package.bash'
[1.870s] INFO:colcon.colcon_core.shell:Creating package script '/home/ela2/ros2_ws_arms/install/ela2_cpp_arms/share/ela2_cpp_arms/package.zsh'
[1.871s] Level 1:colcon.colcon_core.environment:create_file_with_runtime_dependencies(/home/ela2/ros2_ws_arms/install/ela2_cpp_arms/share/colcon-core/packages/ela2_cpp_arms)
[1.874s] Level 1:colcon.colcon_core.environment:create_environment_scripts_only(ela2_arms_controller)
[1.874s] Level 1:colcon.colcon_core.environment:checking '/home/ela2/ros2_ws_arms/install/ela2_arms_controller' for CMake module files
[1.875s] Level 1:colcon.colcon_core.environment:checking '/home/ela2/ros2_ws_arms/install/ela2_arms_controller' for CMake config files
[1.876s] Level 1:colcon.colcon_core.shell:create_environment_hook('ela2_arms_controller', 'cmake_prefix_path')
[1.877s] INFO:colcon.colcon_core.shell:Creating environment hook '/home/ela2/ros2_ws_arms/install/ela2_arms_controller/share/ela2_arms_controller/hook/cmake_prefix_path.ps1'
[1.878s] INFO:colcon.colcon_core.shell:Creating environment descriptor '/home/ela2/ros2_ws_arms/install/ela2_arms_controller/share/ela2_arms_controller/hook/cmake_prefix_path.dsv'
[1.878s] INFO:colcon.colcon_core.shell:Creating environment hook '/home/ela2/ros2_ws_arms/install/ela2_arms_controller/share/ela2_arms_controller/hook/cmake_prefix_path.sh'
[1.879s] Level 1:colcon.colcon_core.environment:checking '/home/ela2/ros2_ws_arms/install/ela2_arms_controller/bin'
[1.880s] Level 1:colcon.colcon_core.environment:checking '/home/ela2/ros2_ws_arms/install/ela2_arms_controller/lib/pkgconfig/ela2_arms_controller.pc'
[1.880s] Level 1:colcon.colcon_core.environment:checking '/home/ela2/ros2_ws_arms/install/ela2_arms_controller/lib/python3.10/site-packages'
[1.881s] Level 1:colcon.colcon_core.environment:checking '/home/ela2/ros2_ws_arms/install/ela2_arms_controller/bin'
[1.881s] INFO:colcon.colcon_core.shell:Creating package script '/home/ela2/ros2_ws_arms/install/ela2_arms_controller/share/ela2_arms_controller/package.ps1'
[1.884s] INFO:colcon.colcon_core.shell:Creating package descriptor '/home/ela2/ros2_ws_arms/install/ela2_arms_controller/share/ela2_arms_controller/package.dsv'
[1.885s] INFO:colcon.colcon_core.shell:Creating package script '/home/ela2/ros2_ws_arms/install/ela2_arms_controller/share/ela2_arms_controller/package.sh'
[1.886s] INFO:colcon.colcon_core.shell:Creating package script '/home/ela2/ros2_ws_arms/install/ela2_arms_controller/share/ela2_arms_controller/package.bash'
[1.888s] INFO:colcon.colcon_core.shell:Creating package script '/home/ela2/ros2_ws_arms/install/ela2_arms_controller/share/ela2_arms_controller/package.zsh'
[1.888s] Level 1:colcon.colcon_core.environment:create_file_with_runtime_dependencies(/home/ela2/ros2_ws_arms/install/ela2_arms_controller/share/colcon-core/packages/ela2_arms_controller)
[1.891s] Level 1:colcon.colcon_core.environment:create_environment_scripts_only(ela2_moveit)
[1.891s] Level 1:colcon.colcon_core.environment:checking '/home/ela2/ros2_ws_arms/install/ela2_moveit' for CMake module files
[1.892s] Level 1:colcon.colcon_core.environment:checking '/home/ela2/ros2_ws_arms/install/ela2_moveit' for CMake config files
[1.893s] Level 1:colcon.colcon_core.shell:create_environment_hook('ela2_moveit', 'cmake_prefix_path')
[1.893s] INFO:colcon.colcon_core.shell:Creating environment hook '/home/ela2/ros2_ws_arms/install/ela2_moveit/share/ela2_moveit/hook/cmake_prefix_path.ps1'
[1.894s] INFO:colcon.colcon_core.shell:Creating environment descriptor '/home/ela2/ros2_ws_arms/install/ela2_moveit/share/ela2_moveit/hook/cmake_prefix_path.dsv'
[1.895s] INFO:colcon.colcon_core.shell:Creating environment hook '/home/ela2/ros2_ws_arms/install/ela2_moveit/share/ela2_moveit/hook/cmake_prefix_path.sh'
[1.896s] Level 1:colcon.colcon_core.environment:checking '/home/ela2/ros2_ws_arms/install/ela2_moveit/bin'
[1.896s] Level 1:colcon.colcon_core.environment:checking '/home/ela2/ros2_ws_arms/install/ela2_moveit/lib/pkgconfig/ela2_moveit.pc'
[1.896s] Level 1:colcon.colcon_core.environment:checking '/home/ela2/ros2_ws_arms/install/ela2_moveit/lib/python3.10/site-packages'
[1.897s] Level 1:colcon.colcon_core.environment:checking '/home/ela2/ros2_ws_arms/install/ela2_moveit/bin'
[1.897s] INFO:colcon.colcon_core.shell:Creating package script '/home/ela2/ros2_ws_arms/install/ela2_moveit/share/ela2_moveit/package.ps1'
[1.898s] INFO:colcon.colcon_core.shell:Creating package descriptor '/home/ela2/ros2_ws_arms/install/ela2_moveit/share/ela2_moveit/package.dsv'
[1.899s] INFO:colcon.colcon_core.shell:Creating package script '/home/ela2/ros2_ws_arms/install/ela2_moveit/share/ela2_moveit/package.sh'
[1.900s] INFO:colcon.colcon_core.shell:Creating package script '/home/ela2/ros2_ws_arms/install/ela2_moveit/share/ela2_moveit/package.bash'
[1.900s] INFO:colcon.colcon_core.shell:Creating package script '/home/ela2/ros2_ws_arms/install/ela2_moveit/share/ela2_moveit/package.zsh'
[1.901s] Level 1:colcon.colcon_core.environment:create_file_with_runtime_dependencies(/home/ela2/ros2_ws_arms/install/ela2_moveit/share/colcon-core/packages/ela2_moveit)
[3.079s] DEBUG:colcon.colcon_core.event_handler.log_command:Invoking command in '/home/ela2/ros2_ws_arms/src/ela2_py_arms': PYTHONPATH=/home/ela2/ros2_ws_arms/build/ela2_py_arms/prefix_override:/home/ela2/ros2_ws_arms/install/ela2_py_arms/lib/python3.10/site-packages:${PYTHONPATH} /usr/bin/python3 -W ignore:setup.py install is deprecated setup.py egg_info --egg-base ../../build/ela2_py_arms build --build-base /home/ela2/ros2_ws_arms/build/ela2_py_arms/build install --record /home/ela2/ros2_ws_arms/build/ela2_py_arms/install.log --single-version-externally-managed install_data
[3.083s] DEBUG:colcon.colcon_core.event_handler.log_command:Invoking command in '/home/ela2/ros2_ws_arms/src/esp32_controller': PYTHONPATH=/home/ela2/ros2_ws_arms/build/esp32_controller/prefix_override:/home/ela2/ros2_ws_arms/install/esp32_controller/lib/python3.10/site-packages:${PYTHONPATH} /usr/bin/python3 -W ignore:setup.py install is deprecated setup.py egg_info --egg-base ../../build/esp32_controller build --build-base /home/ela2/ros2_ws_arms/build/esp32_controller/build install --record /home/ela2/ros2_ws_arms/build/esp32_controller/install.log --single-version-externally-managed install_data
[4.316s] Level 1:colcon.colcon_core.environment:checking '/home/ela2/ros2_ws_arms/install/ela2_py_arms' for CMake module files
[4.319s] DEBUG:colcon.colcon_core.event_handler.log_command:Invoked command in '/home/ela2/ros2_ws_arms/src/ela2_py_arms' returned '0': PYTHONPATH=/home/ela2/ros2_ws_arms/build/ela2_py_arms/prefix_override:/home/ela2/ros2_ws_arms/install/ela2_py_arms/lib/python3.10/site-packages:${PYTHONPATH} /usr/bin/python3 -W ignore:setup.py install is deprecated setup.py egg_info --egg-base ../../build/ela2_py_arms build --build-base /home/ela2/ros2_ws_arms/build/ela2_py_arms/build install --record /home/ela2/ros2_ws_arms/build/ela2_py_arms/install.log --single-version-externally-managed install_data
[4.320s] Level 1:colcon.colcon_core.environment:checking '/home/ela2/ros2_ws_arms/install/ela2_py_arms' for CMake config files
[4.322s] Level 1:colcon.colcon_core.environment:checking '/home/ela2/ros2_ws_arms/install/ela2_py_arms/lib'
[4.322s] Level 1:colcon.colcon_core.environment:checking '/home/ela2/ros2_ws_arms/install/ela2_py_arms/bin'
[4.323s] Level 1:colcon.colcon_core.environment:checking '/home/ela2/ros2_ws_arms/install/ela2_py_arms/lib/pkgconfig/ela2_py_arms.pc'
[4.324s] Level 1:colcon.colcon_core.environment:checking '/home/ela2/ros2_ws_arms/install/ela2_py_arms/lib/python3.10/site-packages'
[4.324s] Level 1:colcon.colcon_core.shell:create_environment_hook('ela2_py_arms', 'pythonpath')
[4.325s] INFO:colcon.colcon_core.shell:Creating environment hook '/home/ela2/ros2_ws_arms/install/ela2_py_arms/share/ela2_py_arms/hook/pythonpath.ps1'
[4.327s] INFO:colcon.colcon_core.shell:Creating environment descriptor '/home/ela2/ros2_ws_arms/install/ela2_py_arms/share/ela2_py_arms/hook/pythonpath.dsv'
[4.328s] INFO:colcon.colcon_core.shell:Creating environment hook '/home/ela2/ros2_ws_arms/install/ela2_py_arms/share/ela2_py_arms/hook/pythonpath.sh'
[4.330s] Level 1:colcon.colcon_core.environment:checking '/home/ela2/ros2_ws_arms/install/ela2_py_arms/bin'
[4.330s] Level 1:colcon.colcon_core.environment:create_environment_scripts_only(ela2_py_arms)
[4.332s] INFO:colcon.colcon_core.shell:Creating package script '/home/ela2/ros2_ws_arms/install/ela2_py_arms/share/ela2_py_arms/package.ps1'
[4.333s] INFO:colcon.colcon_core.shell:Creating package descriptor '/home/ela2/ros2_ws_arms/install/ela2_py_arms/share/ela2_py_arms/package.dsv'
[4.335s] INFO:colcon.colcon_core.shell:Creating package script '/home/ela2/ros2_ws_arms/install/ela2_py_arms/share/ela2_py_arms/package.sh'
[4.336s] INFO:colcon.colcon_core.shell:Creating package script '/home/ela2/ros2_ws_arms/install/ela2_py_arms/share/ela2_py_arms/package.bash'
[4.337s] INFO:colcon.colcon_core.shell:Creating package script '/home/ela2/ros2_ws_arms/install/ela2_py_arms/share/ela2_py_arms/package.zsh'
[4.338s] Level 1:colcon.colcon_core.environment:create_file_with_runtime_dependencies(/home/ela2/ros2_ws_arms/install/ela2_py_arms/share/colcon-core/packages/ela2_py_arms)
[4.342s] Level 1:colcon.colcon_core.environment:checking '/home/ela2/ros2_ws_arms/install/esp32_controller' for CMake module files
[4.345s] DEBUG:colcon.colcon_core.event_handler.log_command:Invoked command in '/home/ela2/ros2_ws_arms/src/esp32_controller' returned '0': PYTHONPATH=/home/ela2/ros2_ws_arms/build/esp32_controller/prefix_override:/home/ela2/ros2_ws_arms/install/esp32_controller/lib/python3.10/site-packages:${PYTHONPATH} /usr/bin/python3 -W ignore:setup.py install is deprecated setup.py egg_info --egg-base ../../build/esp32_controller build --build-base /home/ela2/ros2_ws_arms/build/esp32_controller/build install --record /home/ela2/ros2_ws_arms/build/esp32_controller/install.log --single-version-externally-managed install_data
[4.346s] Level 1:colcon.colcon_core.environment:checking '/home/ela2/ros2_ws_arms/install/esp32_controller' for CMake config files
[4.348s] Level 1:colcon.colcon_core.environment:checking '/home/ela2/ros2_ws_arms/install/esp32_controller/lib'
[4.348s] Level 1:colcon.colcon_core.environment:checking '/home/ela2/ros2_ws_arms/install/esp32_controller/bin'
[4.348s] Level 1:colcon.colcon_core.environment:checking '/home/ela2/ros2_ws_arms/install/esp32_controller/lib/pkgconfig/esp32_controller.pc'
[4.349s] Level 1:colcon.colcon_core.environment:checking '/home/ela2/ros2_ws_arms/install/esp32_controller/lib/python3.10/site-packages'
[4.349s] Level 1:colcon.colcon_core.shell:create_environment_hook('esp32_controller', 'pythonpath')
[4.350s] INFO:colcon.colcon_core.shell:Creating environment hook '/home/ela2/ros2_ws_arms/install/esp32_controller/share/esp32_controller/hook/pythonpath.ps1'
[4.351s] INFO:colcon.colcon_core.shell:Creating environment descriptor '/home/ela2/ros2_ws_arms/install/esp32_controller/share/esp32_controller/hook/pythonpath.dsv'
[4.353s] INFO:colcon.colcon_core.shell:Creating environment hook '/home/ela2/ros2_ws_arms/install/esp32_controller/share/esp32_controller/hook/pythonpath.sh'
[4.355s] Level 1:colcon.colcon_core.environment:checking '/home/ela2/ros2_ws_arms/install/esp32_controller/bin'
[4.355s] Level 1:colcon.colcon_core.environment:create_environment_scripts_only(esp32_controller)
[4.357s] INFO:colcon.colcon_core.shell:Creating package script '/home/ela2/ros2_ws_arms/install/esp32_controller/share/esp32_controller/package.ps1'
[4.358s] INFO:colcon.colcon_core.shell:Creating package descriptor '/home/ela2/ros2_ws_arms/install/esp32_controller/share/esp32_controller/package.dsv'
[4.360s] INFO:colcon.colcon_core.shell:Creating package script '/home/ela2/ros2_ws_arms/install/esp32_controller/share/esp32_controller/package.sh'
[4.361s] INFO:colcon.colcon_core.shell:Creating package script '/home/ela2/ros2_ws_arms/install/esp32_controller/share/esp32_controller/package.bash'
[4.363s] INFO:colcon.colcon_core.shell:Creating package script '/home/ela2/ros2_ws_arms/install/esp32_controller/share/esp32_controller/package.zsh'
[4.364s] Level 1:colcon.colcon_core.environment:create_file_with_runtime_dependencies(/home/ela2/ros2_ws_arms/install/esp32_controller/share/colcon-core/packages/esp32_controller)
[4.365s] DEBUG:colcon.colcon_parallel_executor.executor.parallel:closing loop
[4.366s] DEBUG:colcon.colcon_parallel_executor.executor.parallel:loop closed
[4.366s] DEBUG:colcon.colcon_parallel_executor.executor.parallel:run_until_complete finished with '0'
[4.367s] DEBUG:colcon.colcon_core.event_reactor:joining thread
[4.388s] INFO:colcon.colcon_core.plugin_system:Skipping extension 'colcon_notification.desktop_notification.terminal_notifier': Not used on non-Darwin systems
[4.388s] INFO:colcon.colcon_core.plugin_system:Skipping extension 'colcon_notification.desktop_notification.win32': Not used on non-Windows systems
[4.388s] INFO:colcon.colcon_notification.desktop_notification:Sending desktop notification using 'notify2'
[4.423s] DEBUG:colcon.colcon_core.event_reactor:joined thread
[4.424s] INFO:colcon.colcon_core.shell:Creating prefix script '/home/ela2/ros2_ws_arms/install/local_setup.ps1'
[4.428s] INFO:colcon.colcon_core.shell:Creating prefix util module '/home/ela2/ros2_ws_arms/install/_local_setup_util_ps1.py'
[4.433s] INFO:colcon.colcon_core.shell:Creating prefix chain script '/home/ela2/ros2_ws_arms/install/setup.ps1'
[4.440s] INFO:colcon.colcon_core.shell:Creating prefix script '/home/ela2/ros2_ws_arms/install/local_setup.sh'
[4.442s] INFO:colcon.colcon_core.shell:Creating prefix util module '/home/ela2/ros2_ws_arms/install/_local_setup_util_sh.py'
[4.443s] INFO:colcon.colcon_core.shell:Creating prefix chain script '/home/ela2/ros2_ws_arms/install/setup.sh'
[4.450s] INFO:colcon.colcon_core.shell:Creating prefix script '/home/ela2/ros2_ws_arms/install/local_setup.bash'
[4.452s] INFO:colcon.colcon_core.shell:Creating prefix chain script '/home/ela2/ros2_ws_arms/install/setup.bash'
[4.460s] INFO:colcon.colcon_core.shell:Creating prefix script '/home/ela2/ros2_ws_arms/install/local_setup.zsh'
[4.462s] INFO:colcon.colcon_core.shell:Creating prefix chain script '/home/ela2/ros2_ws_arms/install/setup.zsh'
