[2.663s] Invoking command in '/home/ela2/ros2_ws_arms/src/esp32_controller': PYTHONPATH=/home/ela2/ros2_ws_arms/build/esp32_controller/prefix_override:/home/ela2/ros2_ws_arms/install/esp32_controller/lib/python3.10/site-packages:${PYTHONPATH} /usr/bin/python3 -W ignore:setup.py install is deprecated setup.py egg_info --egg-base ../../build/esp32_controller build --build-base /home/ela2/ros2_ws_arms/build/esp32_controller/build install --record /home/ela2/ros2_ws_arms/build/esp32_controller/install.log --single-version-externally-managed install_data
[3.225s] running egg_info
[3.263s] writing ../../build/esp32_controller/esp32_controller.egg-info/PKG-INFO
[3.268s] writing dependency_links to ../../build/esp32_controller/esp32_controller.egg-info/dependency_links.txt
[3.268s] writing entry points to ../../build/esp32_controller/esp32_controller.egg-info/entry_points.txt
[3.269s] writing requirements to ../../build/esp32_controller/esp32_controller.egg-info/requires.txt
[3.269s] writing top-level names to ../../build/esp32_controller/esp32_controller.egg-info/top_level.txt
[3.348s] reading manifest file '../../build/esp32_controller/esp32_controller.egg-info/SOURCES.txt'
[3.351s] writing manifest file '../../build/esp32_controller/esp32_controller.egg-info/SOURCES.txt'
[3.352s] running build
[3.352s] running build_py
[3.354s] copying esp32_controller/esp32_control_node.py -> /home/ela2/ros2_ws_arms/build/esp32_controller/build/lib/esp32_controller
[3.354s] running install
[3.366s] running install_lib
[3.405s] copying /home/ela2/ros2_ws_arms/build/esp32_controller/build/lib/esp32_controller/esp32_control_node.py -> /home/ela2/ros2_ws_arms/install/esp32_controller/lib/python3.10/site-packages/esp32_controller
[3.406s] byte-compiling /home/ela2/ros2_ws_arms/install/esp32_controller/lib/python3.10/site-packages/esp32_controller/esp32_control_node.py to esp32_control_node.cpython-310.pyc
[3.409s] running install_data
[3.409s] running install_egg_info
[3.450s] removing '/home/ela2/ros2_ws_arms/install/esp32_controller/lib/python3.10/site-packages/esp32_controller-0.0.0-py3.10.egg-info' (and everything under it)
[3.451s] Copying ../../build/esp32_controller/esp32_controller.egg-info to /home/ela2/ros2_ws_arms/install/esp32_controller/lib/python3.10/site-packages/esp32_controller-0.0.0-py3.10.egg-info
[3.454s] running install_scripts
[3.835s] Installing esp32_control_node script to /home/ela2/ros2_ws_arms/install/esp32_controller/lib/esp32_controller
[3.836s] writing list of installed files to '/home/ela2/ros2_ws_arms/build/esp32_controller/install.log'
[3.922s] Invoked command in '/home/ela2/ros2_ws_arms/src/esp32_controller' returned '0': PYTHONPATH=/home/ela2/ros2_ws_arms/build/esp32_controller/prefix_override:/home/ela2/ros2_ws_arms/install/esp32_controller/lib/python3.10/site-packages:${PYTHONPATH} /usr/bin/python3 -W ignore:setup.py install is deprecated setup.py egg_info --egg-base ../../build/esp32_controller build --build-base /home/ela2/ros2_ws_arms/build/esp32_controller/build install --record /home/ela2/ros2_ws_arms/build/esp32_controller/install.log --single-version-externally-managed install_data
