-- Found ament_cmake: 1.3.11 (/opt/ros/humble/share/ament_cmake/cmake)
-- Found ament_lint_auto: 0.12.11 (/opt/ros/humble/share/ament_lint_auto/cmake)
-- Added test 'cppcheck' to perform static code analysis on C / C++ code
-- Configured cppcheck include dirs: 
-- Configured cppcheck exclude dirs and/or files: 
-- Added test 'lint_cmake' to check CMake code style
-- Added test 'uncrustify' to check C / C++ code style
-- Configured uncrustify additional arguments: 
-- Added test 'xmllint' to check XML markup files
-- Configuring done
-- Generating done
-- Build files have been written to: /home/ela2/ros2_ws_arms/build/ela2_cpp_arms
-- Install configuration: ""
-- Up-to-date: /home/ela2/ros2_ws_arms/install/ela2_cpp_arms/share/ament_index/resource_index/package_run_dependencies/ela2_cpp_arms
-- Installing: /home/ela2/ros2_ws_arms/install/ela2_cpp_arms/share/ament_index/resource_index/parent_prefix_path/ela2_cpp_arms
-- Installing: /home/ela2/ros2_ws_arms/install/ela2_cpp_arms/share/ela2_cpp_arms/environment/ament_prefix_path.sh
-- Installing: /home/ela2/ros2_ws_arms/install/ela2_cpp_arms/share/ela2_cpp_arms/environment/ament_prefix_path.dsv
-- Installing: /home/ela2/ros2_ws_arms/install/ela2_cpp_arms/share/ela2_cpp_arms/environment/path.sh
-- Installing: /home/ela2/ros2_ws_arms/install/ela2_cpp_arms/share/ela2_cpp_arms/environment/path.dsv
-- Up-to-date: /home/ela2/ros2_ws_arms/install/ela2_cpp_arms/share/ela2_cpp_arms/local_setup.bash
-- Up-to-date: /home/ela2/ros2_ws_arms/install/ela2_cpp_arms/share/ela2_cpp_arms/local_setup.sh
-- Up-to-date: /home/ela2/ros2_ws_arms/install/ela2_cpp_arms/share/ela2_cpp_arms/local_setup.zsh
-- Installing: /home/ela2/ros2_ws_arms/install/ela2_cpp_arms/share/ela2_cpp_arms/local_setup.dsv
-- Installing: /home/ela2/ros2_ws_arms/install/ela2_cpp_arms/share/ela2_cpp_arms/package.dsv
-- Up-to-date: /home/ela2/ros2_ws_arms/install/ela2_cpp_arms/share/ament_index/resource_index/packages/ela2_cpp_arms
-- Up-to-date: /home/ela2/ros2_ws_arms/install/ela2_cpp_arms/share/ela2_cpp_arms/cmake/ela2_cpp_armsConfig.cmake
-- Up-to-date: /home/ela2/ros2_ws_arms/install/ela2_cpp_arms/share/ela2_cpp_arms/cmake/ela2_cpp_armsConfig-version.cmake
-- Up-to-date: /home/ela2/ros2_ws_arms/install/ela2_cpp_arms/share/ela2_cpp_arms/package.xml
