[0.071s] Invoking command in '/home/ela2/ros2_ws_arms/build/ela2_cpp_arms': CMAKE_PREFIX_PATH=${CMAKE_PREFIX_PATH}:/home/ela2/ros2_ws_arms/install/esp32_controller:/home/ela2/ros2_ws_arms/install/ela2_py_arms:/home/ela2/ELA2.0_NAV/install/ella2_twist_converter:/home/ela2/ELA2.0_NAV/install/ella2_teleop:/home/ela2/ELA2.0_NAV/install/ella2_pose:/home/ela2/ELA2.0_NAV/install/ella2_gui:/opt/ros/humble /usr/bin/cmake --build /home/ela2/ros2_ws_arms/build/ela2_cpp_arms -- -j6 -l6
[1.258s] Invoked command in '/home/ela2/ros2_ws_arms/build/ela2_cpp_arms' returned '0': CMAKE_PREFIX_PATH=${CMAKE_PREFIX_PATH}:/home/ela2/ros2_ws_arms/install/esp32_controller:/home/ela2/ros2_ws_arms/install/ela2_py_arms:/home/ela2/ELA2.0_NAV/install/ella2_twist_converter:/home/ela2/ELA2.0_NAV/install/ella2_teleop:/home/ela2/ELA2.0_NAV/install/ella2_pose:/home/ela2/ELA2.0_NAV/install/ella2_gui:/opt/ros/humble /usr/bin/cmake --build /home/ela2/ros2_ws_arms/build/ela2_cpp_arms -- -j6 -l6
[1.335s] Invoking command in '/home/ela2/ros2_ws_arms/build/ela2_cpp_arms': CMAKE_PREFIX_PATH=${CMAKE_PREFIX_PATH}:/home/ela2/ros2_ws_arms/install/esp32_controller:/home/ela2/ros2_ws_arms/install/ela2_py_arms:/home/ela2/ELA2.0_NAV/install/ella2_twist_converter:/home/ela2/ELA2.0_NAV/install/ella2_teleop:/home/ela2/ELA2.0_NAV/install/ella2_pose:/home/ela2/ELA2.0_NAV/install/ella2_gui:/opt/ros/humble /usr/bin/cmake --install /home/ela2/ros2_ws_arms/build/ela2_cpp_arms
[1.352s] -- Install configuration: ""
[1.352s] -- Up-to-date: /home/ela2/ros2_ws_arms/install/ela2_cpp_arms/share/ament_index/resource_index/package_run_dependencies/ela2_cpp_arms
[1.352s] -- Up-to-date: /home/ela2/ros2_ws_arms/install/ela2_cpp_arms/share/ament_index/resource_index/parent_prefix_path/ela2_cpp_arms
[1.353s] -- Up-to-date: /home/ela2/ros2_ws_arms/install/ela2_cpp_arms/share/ela2_cpp_arms/environment/ament_prefix_path.sh
[1.353s] -- Up-to-date: /home/ela2/ros2_ws_arms/install/ela2_cpp_arms/share/ela2_cpp_arms/environment/ament_prefix_path.dsv
[1.354s] -- Up-to-date: /home/ela2/ros2_ws_arms/install/ela2_cpp_arms/share/ela2_cpp_arms/environment/path.sh
[1.358s] -- Up-to-date: /home/ela2/ros2_ws_arms/install/ela2_cpp_arms/share/ela2_cpp_arms/environment/path.dsv
[1.360s] -- Up-to-date: /home/ela2/ros2_ws_arms/install/ela2_cpp_arms/share/ela2_cpp_arms/local_setup.bash
[1.361s] -- Up-to-date: /home/ela2/ros2_ws_arms/install/ela2_cpp_arms/share/ela2_cpp_arms/local_setup.sh
[1.362s] -- Up-to-date: /home/ela2/ros2_ws_arms/install/ela2_cpp_arms/share/ela2_cpp_arms/local_setup.zsh
[1.364s] -- Up-to-date: /home/ela2/ros2_ws_arms/install/ela2_cpp_arms/share/ela2_cpp_arms/local_setup.dsv
[1.369s] -- Up-to-date: /home/ela2/ros2_ws_arms/install/ela2_cpp_arms/share/ela2_cpp_arms/package.dsv
[1.370s] -- Up-to-date: /home/ela2/ros2_ws_arms/install/ela2_cpp_arms/share/ament_index/resource_index/packages/ela2_cpp_arms
[1.371s] -- Up-to-date: /home/ela2/ros2_ws_arms/install/ela2_cpp_arms/share/ela2_cpp_arms/cmake/ela2_cpp_armsConfig.cmake
[1.372s] -- Up-to-date: /home/ela2/ros2_ws_arms/install/ela2_cpp_arms/share/ela2_cpp_arms/cmake/ela2_cpp_armsConfig-version.cmake
[1.372s] -- Up-to-date: /home/ela2/ros2_ws_arms/install/ela2_cpp_arms/share/ela2_cpp_arms/package.xml
[1.425s] Invoked command in '/home/ela2/ros2_ws_arms/build/ela2_cpp_arms' returned '0': CMAKE_PREFIX_PATH=${CMAKE_PREFIX_PATH}:/home/ela2/ros2_ws_arms/install/esp32_controller:/home/ela2/ros2_ws_arms/install/ela2_py_arms:/home/ela2/ELA2.0_NAV/install/ella2_twist_converter:/home/ela2/ELA2.0_NAV/install/ella2_teleop:/home/ela2/ELA2.0_NAV/install/ella2_pose:/home/ela2/ELA2.0_NAV/install/ella2_gui:/opt/ros/humble /usr/bin/cmake --install /home/ela2/ros2_ws_arms/build/ela2_cpp_arms
